

<!DOCTYPE html>
<html>
<head>
<meta charset="UTF-8">
<meta name="viewport" content="width=device-width, initial-scale=1, shrink-to-fit=no">
<title>Orgzstack Automation Report</title>
<link rel="apple-touch-icon" href="https://cdn.jsdelivr.net/gh/extent-framework/extent-github-cdn@b00a2d0486596e73dd7326beacf352c639623a0e/commons/img/logo.png">
<link rel="shortcut icon" href="https://cdn.jsdelivr.net/gh/extent-framework/extent-github-cdn@b00a2d0486596e73dd7326beacf352c639623a0e/commons/img/logo.png">
<link href="https://cdn.jsdelivr.net/gh/extent-framework/extent-github-cdn@ce8b10435bcbae260c334c0d0c6b61d2c19b6168/spark/css/spark-style.css" rel="stylesheet" />
<link href="https://stackpath.bootstrapcdn.com/font-awesome/4.7.0/css/font-awesome.min.css" rel="stylesheet">
<script src="https://cdn.jsdelivr.net/gh/extent-framework/extent-github-cdn@7cc78ce/spark/js/jsontree.js"></script>
<style type="text/css"></style></head><body class="spa -report dark">
  <div class="app">
    <div class="layout">
<div class="header navbar">
<div class="vheader">
<div class="nav-logo">
<a href="#">
<div class="logo" style="background-image: url('https://cdn.jsdelivr.net/gh/extent-framework/extent-github-cdn@b00a2d0486596e73dd7326beacf352c639623a0e/commons/img/logo.png')"></div>
</a>
</div>
<ul class="nav-left">
<li class="search-box">
<a class="search-toggle" href="#">
<i class="search-icon fa fa-search"></i>
<i class="search-icon-close fa fa-close"></i>
</a>
</li>
<li class="search-input"><input id="search-tests" class="form-control" type="text" placeholder="Search..."></li>
</ul>
<ul class="nav-right">
<li class="m-r-10">
<a href="#"><span class="badge badge-primary">Orgzstack Functional Testing</span></a>
</li>
<li class="m-r-10">
<a href="#"><span class="badge badge-primary">Jun 16, 2025 12:01:05 pm</span></a>
</li>
</ul>
</div>
</div><div class="side-nav">
<div class="side-nav-inner">
<ul class="side-nav-menu">
<li class="nav-item dropdown" onclick="toggleView('test-view')">
<a id="nav-test" class="dropdown-toggle" href="#">
<span class="ico"><i class="fa fa-list"></i></span>
</a>
</li>
<li class="nav-item dropdown" onclick="toggleView('category-view')">
<a id="nav-category" class="dropdown-toggle" href="#">
<span class="ico"><i class="fa fa-tag"></i></span>
</a>
</li>
<li class="nav-item dropdown" onclick="toggleView('dashboard-view')">
<a id="nav-dashboard" class="dropdown-toggle" href="#">
<span class="ico"><i class="fa fa-bar-chart"></i></span>
</a>
</li>
</ul>
</div>
</div>      <div class="vcontainer">
        <div class="main-content">
<div class="test-wrapper row view test-view">
  <div class="test-list">
    <div class="test-list-tools">
<ul class="tools pull-left">
<li><a href="#"><span class="font-size-14">Tests</span></a></li>
</ul>
<ul class="tools text-right">
<li class="dropdown">
<a href="#" class="dropdown-toggle" data-toggle="dropdown"><i class="fa fa-exclamation-circle"></i></a>
<ul id="status-toggle" class="dropdown-menu dropdown-md p-v-0">
<a class="dropdown-item" status="pass" href="#"><span>Pass</span><span class="status success"></span></a>
<a class="dropdown-item" status="fail" href="#"><span>Fail</span><span class="status danger"></span></a>
<div class="dropdown-divider"></div>
<a status="clear" class="dropdown-item" href="#"><span>Clear</span><span class="pull-right"><i class="fa fa-close"></i></span></a>
</ul>
</li>
<li class="dropdown">
<a href="#" class="dropdown-toggle" data-toggle="dropdown"><i class="fa fa-tag"></i></a>
<ul id="tag-toggle" class="dropdown-menu dropdown-md p-v-0">
<a class="dropdown-item" href="#">Master</a><a class="dropdown-item" href="#">Organisation</a>
</ul>
</li>
</ul>
</div>    <div class="test-list-wrapper scrollable">
      <ul class="test-list-item">
        <li class="test-item"  status="fail" test-id="1"
          author=""
          tag="Master"
          device="">
          <div class="test-detail">
            <p class="name">testCases.TC001_LoginTest</p>
            <p class="text-sm">
              <span>12:01:32 pm</span> / <span>00:00:00:136</span>
              <span class="badge fail-bg log float-right">Fail</span>
            </p>
          </div>
          <div class="test-contents d-none">
<div class="detail-head">
<div class="p-v-10">
<div class="info">
<h5 class="test-status text-fail">testCases.TC001_LoginTest</h5>
<span class='badge badge-success'>06.16.2025 12:01:32 pm</span>
<span class='badge badge-danger'>06.16.2025 12:01:33 pm</span>
<span class='badge badge-default'>00:00:00:136</span>
&middot; <span class='uri-anchor badge badge-default'>#test-id=1</span>
<span title='Skip to the next failed step' class='badge badge-danger pointer float-right ne ml-1'><i class="fa fa-fast-forward"></i></span>
<span title='Collapse all nodes' class='badge badge-default pointer float-right ct ml-1'><i class="fa fa-compress"></i></span>
<span title='Expand all nodes' class='badge badge-default pointer float-right et'><i class="fa fa-expand"></i></span>
</div>
<div class="m-t-15"><span class="badge badge-pill badge-default">Master</span></div>
</div>
</div>    <div class="row mb-3"><div class="col-md-3">
    

<img data-featherlight='C:\Users\IPSL\IdeaProjects\OrgZstack\screenshots\verify_LoginFromData_20250616120132.png' src="C:\Users\IPSL\IdeaProjects\OrgZstack\screenshots\verify_LoginFromData_20250616120132.png">
  
    

    </div></div>
<div class="detail-body mt-4">
<table class="table table-sm">
  <thead><tr><th class="status-col">Status</th><th class="timestamp-col">Timestamp</th><th class="details-col">Details</th></tr></thead>
  <tbody>
      <tr class="event-row">
        <td><span class="badge log fail-bg">Fail</span></td>
        <td>12:01:32 pm</td>
        <td>
          verify_LoginFromDataTest case FAILED 
        </td>
      </tr>
      <tr class="event-row">
        <td><span class="badge log info-bg">Info</span></td>
        <td>12:01:32 pm</td>
        <td>
          null
        </td>
      </tr>
  </tbody>
</table>
</div>
          </div>
        </li>
        <li class="test-item"  status="fail" test-id="2"
          author=""
          tag="Master"
          device="">
          <div class="test-detail">
            <p class="name">testCases.TC001_LoginTest</p>
            <p class="text-sm">
              <span>12:01:58 pm</span> / <span>00:00:00:114</span>
              <span class="badge fail-bg log float-right">Fail</span>
            </p>
          </div>
          <div class="test-contents d-none">
<div class="detail-head">
<div class="p-v-10">
<div class="info">
<h5 class="test-status text-fail">testCases.TC001_LoginTest</h5>
<span class='badge badge-success'>06.16.2025 12:01:58 pm</span>
<span class='badge badge-danger'>06.16.2025 12:01:58 pm</span>
<span class='badge badge-default'>00:00:00:114</span>
&middot; <span class='uri-anchor badge badge-default'>#test-id=2</span>
<span title='Skip to the next failed step' class='badge badge-danger pointer float-right ne ml-1'><i class="fa fa-fast-forward"></i></span>
<span title='Collapse all nodes' class='badge badge-default pointer float-right ct ml-1'><i class="fa fa-compress"></i></span>
<span title='Expand all nodes' class='badge badge-default pointer float-right et'><i class="fa fa-expand"></i></span>
</div>
<div class="m-t-15"><span class="badge badge-pill badge-default">Master</span></div>
</div>
</div>    <div class="row mb-3"><div class="col-md-3">
    

<img data-featherlight='C:\Users\IPSL\IdeaProjects\OrgZstack\screenshots\verify_LoginFromData_20250616120158.png' src="C:\Users\IPSL\IdeaProjects\OrgZstack\screenshots\verify_LoginFromData_20250616120158.png">
  
    

    </div></div>
<div class="detail-body mt-4">
<table class="table table-sm">
  <thead><tr><th class="status-col">Status</th><th class="timestamp-col">Timestamp</th><th class="details-col">Details</th></tr></thead>
  <tbody>
      <tr class="event-row">
        <td><span class="badge log fail-bg">Fail</span></td>
        <td>12:01:58 pm</td>
        <td>
          verify_LoginFromDataTest case FAILED 
        </td>
      </tr>
      <tr class="event-row">
        <td><span class="badge log info-bg">Info</span></td>
        <td>12:01:58 pm</td>
        <td>
          null
        </td>
      </tr>
  </tbody>
</table>
</div>
          </div>
        </li>
        <li class="test-item"  status="fail" test-id="3"
          author=""
          tag="Master"
          device="">
          <div class="test-detail">
            <p class="name">testCases.TC001_LoginTest</p>
            <p class="text-sm">
              <span>12:02:23 pm</span> / <span>00:00:00:119</span>
              <span class="badge fail-bg log float-right">Fail</span>
            </p>
          </div>
          <div class="test-contents d-none">
<div class="detail-head">
<div class="p-v-10">
<div class="info">
<h5 class="test-status text-fail">testCases.TC001_LoginTest</h5>
<span class='badge badge-success'>06.16.2025 12:02:23 pm</span>
<span class='badge badge-danger'>06.16.2025 12:02:23 pm</span>
<span class='badge badge-default'>00:00:00:119</span>
&middot; <span class='uri-anchor badge badge-default'>#test-id=3</span>
<span title='Skip to the next failed step' class='badge badge-danger pointer float-right ne ml-1'><i class="fa fa-fast-forward"></i></span>
<span title='Collapse all nodes' class='badge badge-default pointer float-right ct ml-1'><i class="fa fa-compress"></i></span>
<span title='Expand all nodes' class='badge badge-default pointer float-right et'><i class="fa fa-expand"></i></span>
</div>
<div class="m-t-15"><span class="badge badge-pill badge-default">Master</span></div>
</div>
</div>    <div class="row mb-3"><div class="col-md-3">
    

<img data-featherlight='C:\Users\IPSL\IdeaProjects\OrgZstack\screenshots\verify_LoginFromData_20250616120223.png' src="C:\Users\IPSL\IdeaProjects\OrgZstack\screenshots\verify_LoginFromData_20250616120223.png">
  
    

    </div></div>
<div class="detail-body mt-4">
<table class="table table-sm">
  <thead><tr><th class="status-col">Status</th><th class="timestamp-col">Timestamp</th><th class="details-col">Details</th></tr></thead>
  <tbody>
      <tr class="event-row">
        <td><span class="badge log fail-bg">Fail</span></td>
        <td>12:02:23 pm</td>
        <td>
          verify_LoginFromDataTest case FAILED 
        </td>
      </tr>
      <tr class="event-row">
        <td><span class="badge log info-bg">Info</span></td>
        <td>12:02:23 pm</td>
        <td>
          null
        </td>
      </tr>
  </tbody>
</table>
</div>
          </div>
        </li>
        <li class="test-item"  status="fail" test-id="4"
          author=""
          tag="Master"
          device="">
          <div class="test-detail">
            <p class="name">testCases.TC001_LoginTest</p>
            <p class="text-sm">
              <span>12:02:48 pm</span> / <span>00:00:00:113</span>
              <span class="badge fail-bg log float-right">Fail</span>
            </p>
          </div>
          <div class="test-contents d-none">
<div class="detail-head">
<div class="p-v-10">
<div class="info">
<h5 class="test-status text-fail">testCases.TC001_LoginTest</h5>
<span class='badge badge-success'>06.16.2025 12:02:48 pm</span>
<span class='badge badge-danger'>06.16.2025 12:02:48 pm</span>
<span class='badge badge-default'>00:00:00:113</span>
&middot; <span class='uri-anchor badge badge-default'>#test-id=4</span>
<span title='Skip to the next failed step' class='badge badge-danger pointer float-right ne ml-1'><i class="fa fa-fast-forward"></i></span>
<span title='Collapse all nodes' class='badge badge-default pointer float-right ct ml-1'><i class="fa fa-compress"></i></span>
<span title='Expand all nodes' class='badge badge-default pointer float-right et'><i class="fa fa-expand"></i></span>
</div>
<div class="m-t-15"><span class="badge badge-pill badge-default">Master</span></div>
</div>
</div>    <div class="row mb-3"><div class="col-md-3">
    

<img data-featherlight='C:\Users\IPSL\IdeaProjects\OrgZstack\screenshots\verify_LoginFromData_20250616120248.png' src="C:\Users\IPSL\IdeaProjects\OrgZstack\screenshots\verify_LoginFromData_20250616120248.png">
  
    

    </div></div>
<div class="detail-body mt-4">
<table class="table table-sm">
  <thead><tr><th class="status-col">Status</th><th class="timestamp-col">Timestamp</th><th class="details-col">Details</th></tr></thead>
  <tbody>
      <tr class="event-row">
        <td><span class="badge log fail-bg">Fail</span></td>
        <td>12:02:48 pm</td>
        <td>
          verify_LoginFromDataTest case FAILED 
        </td>
      </tr>
      <tr class="event-row">
        <td><span class="badge log info-bg">Info</span></td>
        <td>12:02:48 pm</td>
        <td>
          null
        </td>
      </tr>
  </tbody>
</table>
</div>
          </div>
        </li>
        <li class="test-item"  status="fail" test-id="5"
          author=""
          tag="Master"
          device="">
          <div class="test-detail">
            <p class="name">testCases.TC001_LoginTest</p>
            <p class="text-sm">
              <span>12:03:14 pm</span> / <span>00:00:00:125</span>
              <span class="badge fail-bg log float-right">Fail</span>
            </p>
          </div>
          <div class="test-contents d-none">
<div class="detail-head">
<div class="p-v-10">
<div class="info">
<h5 class="test-status text-fail">testCases.TC001_LoginTest</h5>
<span class='badge badge-success'>06.16.2025 12:03:14 pm</span>
<span class='badge badge-danger'>06.16.2025 12:03:14 pm</span>
<span class='badge badge-default'>00:00:00:125</span>
&middot; <span class='uri-anchor badge badge-default'>#test-id=5</span>
<span title='Skip to the next failed step' class='badge badge-danger pointer float-right ne ml-1'><i class="fa fa-fast-forward"></i></span>
<span title='Collapse all nodes' class='badge badge-default pointer float-right ct ml-1'><i class="fa fa-compress"></i></span>
<span title='Expand all nodes' class='badge badge-default pointer float-right et'><i class="fa fa-expand"></i></span>
</div>
<div class="m-t-15"><span class="badge badge-pill badge-default">Master</span></div>
</div>
</div>    <div class="row mb-3"><div class="col-md-3">
    

<img data-featherlight='C:\Users\IPSL\IdeaProjects\OrgZstack\screenshots\verify_LoginFromData_20250616120314.png' src="C:\Users\IPSL\IdeaProjects\OrgZstack\screenshots\verify_LoginFromData_20250616120314.png">
  
    

    </div></div>
<div class="detail-body mt-4">
<table class="table table-sm">
  <thead><tr><th class="status-col">Status</th><th class="timestamp-col">Timestamp</th><th class="details-col">Details</th></tr></thead>
  <tbody>
      <tr class="event-row">
        <td><span class="badge log fail-bg">Fail</span></td>
        <td>12:03:14 pm</td>
        <td>
          verify_LoginFromDataTest case FAILED 
        </td>
      </tr>
      <tr class="event-row">
        <td><span class="badge log info-bg">Info</span></td>
        <td>12:03:14 pm</td>
        <td>
          null
        </td>
      </tr>
  </tbody>
</table>
</div>
          </div>
        </li>
        <li class="test-item"  status="fail" test-id="6"
          author=""
          tag="Master"
          device="">
          <div class="test-detail">
            <p class="name">testCases.TC001_LoginTest</p>
            <p class="text-sm">
              <span>12:03:39 pm</span> / <span>00:00:00:120</span>
              <span class="badge fail-bg log float-right">Fail</span>
            </p>
          </div>
          <div class="test-contents d-none">
<div class="detail-head">
<div class="p-v-10">
<div class="info">
<h5 class="test-status text-fail">testCases.TC001_LoginTest</h5>
<span class='badge badge-success'>06.16.2025 12:03:39 pm</span>
<span class='badge badge-danger'>06.16.2025 12:03:39 pm</span>
<span class='badge badge-default'>00:00:00:120</span>
&middot; <span class='uri-anchor badge badge-default'>#test-id=6</span>
<span title='Skip to the next failed step' class='badge badge-danger pointer float-right ne ml-1'><i class="fa fa-fast-forward"></i></span>
<span title='Collapse all nodes' class='badge badge-default pointer float-right ct ml-1'><i class="fa fa-compress"></i></span>
<span title='Expand all nodes' class='badge badge-default pointer float-right et'><i class="fa fa-expand"></i></span>
</div>
<div class="m-t-15"><span class="badge badge-pill badge-default">Master</span></div>
</div>
</div>    <div class="row mb-3"><div class="col-md-3">
    

<img data-featherlight='C:\Users\IPSL\IdeaProjects\OrgZstack\screenshots\verify_LoginFromData_20250616120339.png' src="C:\Users\IPSL\IdeaProjects\OrgZstack\screenshots\verify_LoginFromData_20250616120339.png">
  
    

    </div></div>
<div class="detail-body mt-4">
<table class="table table-sm">
  <thead><tr><th class="status-col">Status</th><th class="timestamp-col">Timestamp</th><th class="details-col">Details</th></tr></thead>
  <tbody>
      <tr class="event-row">
        <td><span class="badge log fail-bg">Fail</span></td>
        <td>12:03:39 pm</td>
        <td>
          verify_LoginFromDataTest case FAILED 
        </td>
      </tr>
      <tr class="event-row">
        <td><span class="badge log info-bg">Info</span></td>
        <td>12:03:39 pm</td>
        <td>
          null
        </td>
      </tr>
  </tbody>
</table>
</div>
          </div>
        </li>
        <li class="test-item"  status="fail" test-id="7"
          author=""
          tag="Master"
          device="">
          <div class="test-detail">
            <p class="name">testCases.TC001_LoginTest</p>
            <p class="text-sm">
              <span>12:04:04 pm</span> / <span>00:00:00:104</span>
              <span class="badge fail-bg log float-right">Fail</span>
            </p>
          </div>
          <div class="test-contents d-none">
<div class="detail-head">
<div class="p-v-10">
<div class="info">
<h5 class="test-status text-fail">testCases.TC001_LoginTest</h5>
<span class='badge badge-success'>06.16.2025 12:04:04 pm</span>
<span class='badge badge-danger'>06.16.2025 12:04:04 pm</span>
<span class='badge badge-default'>00:00:00:104</span>
&middot; <span class='uri-anchor badge badge-default'>#test-id=7</span>
<span title='Skip to the next failed step' class='badge badge-danger pointer float-right ne ml-1'><i class="fa fa-fast-forward"></i></span>
<span title='Collapse all nodes' class='badge badge-default pointer float-right ct ml-1'><i class="fa fa-compress"></i></span>
<span title='Expand all nodes' class='badge badge-default pointer float-right et'><i class="fa fa-expand"></i></span>
</div>
<div class="m-t-15"><span class="badge badge-pill badge-default">Master</span></div>
</div>
</div>    <div class="row mb-3"><div class="col-md-3">
    

<img data-featherlight='C:\Users\IPSL\IdeaProjects\OrgZstack\screenshots\verify_LoginFromData_20250616120404.png' src="C:\Users\IPSL\IdeaProjects\OrgZstack\screenshots\verify_LoginFromData_20250616120404.png">
  
    

    </div></div>
<div class="detail-body mt-4">
<table class="table table-sm">
  <thead><tr><th class="status-col">Status</th><th class="timestamp-col">Timestamp</th><th class="details-col">Details</th></tr></thead>
  <tbody>
      <tr class="event-row">
        <td><span class="badge log fail-bg">Fail</span></td>
        <td>12:04:04 pm</td>
        <td>
          verify_LoginFromDataTest case FAILED 
        </td>
      </tr>
      <tr class="event-row">
        <td><span class="badge log info-bg">Info</span></td>
        <td>12:04:04 pm</td>
        <td>
          null
        </td>
      </tr>
  </tbody>
</table>
</div>
          </div>
        </li>
        <li class="test-item"  status="fail" test-id="8"
          author=""
          tag="Master"
          device="">
          <div class="test-detail">
            <p class="name">testCases.TC001_LoginTest</p>
            <p class="text-sm">
              <span>12:04:29 pm</span> / <span>00:00:00:101</span>
              <span class="badge fail-bg log float-right">Fail</span>
            </p>
          </div>
          <div class="test-contents d-none">
<div class="detail-head">
<div class="p-v-10">
<div class="info">
<h5 class="test-status text-fail">testCases.TC001_LoginTest</h5>
<span class='badge badge-success'>06.16.2025 12:04:29 pm</span>
<span class='badge badge-danger'>06.16.2025 12:04:30 pm</span>
<span class='badge badge-default'>00:00:00:101</span>
&middot; <span class='uri-anchor badge badge-default'>#test-id=8</span>
<span title='Skip to the next failed step' class='badge badge-danger pointer float-right ne ml-1'><i class="fa fa-fast-forward"></i></span>
<span title='Collapse all nodes' class='badge badge-default pointer float-right ct ml-1'><i class="fa fa-compress"></i></span>
<span title='Expand all nodes' class='badge badge-default pointer float-right et'><i class="fa fa-expand"></i></span>
</div>
<div class="m-t-15"><span class="badge badge-pill badge-default">Master</span></div>
</div>
</div>    <div class="row mb-3"><div class="col-md-3">
    

<img data-featherlight='C:\Users\IPSL\IdeaProjects\OrgZstack\screenshots\verify_LoginFromData_20250616120429.png' src="C:\Users\IPSL\IdeaProjects\OrgZstack\screenshots\verify_LoginFromData_20250616120429.png">
  
    

    </div></div>
<div class="detail-body mt-4">
<table class="table table-sm">
  <thead><tr><th class="status-col">Status</th><th class="timestamp-col">Timestamp</th><th class="details-col">Details</th></tr></thead>
  <tbody>
      <tr class="event-row">
        <td><span class="badge log fail-bg">Fail</span></td>
        <td>12:04:29 pm</td>
        <td>
          verify_LoginFromDataTest case FAILED 
        </td>
      </tr>
      <tr class="event-row">
        <td><span class="badge log info-bg">Info</span></td>
        <td>12:04:29 pm</td>
        <td>
          null
        </td>
      </tr>
  </tbody>
</table>
</div>
          </div>
        </li>
        <li class="test-item"  status="fail" test-id="9"
          author=""
          tag="Master"
          device="">
          <div class="test-detail">
            <p class="name">testCases.TC002_CreateRequition</p>
            <p class="text-sm">
              <span>12:04:30 pm</span> / <span>00:00:00:114</span>
              <span class="badge fail-bg log float-right">Fail</span>
            </p>
          </div>
          <div class="test-contents d-none">
<div class="detail-head">
<div class="p-v-10">
<div class="info">
<h5 class="test-status text-fail">testCases.TC002_CreateRequition</h5>
<span class='badge badge-success'>06.16.2025 12:04:30 pm</span>
<span class='badge badge-danger'>06.16.2025 12:04:30 pm</span>
<span class='badge badge-default'>00:00:00:114</span>
&middot; <span class='uri-anchor badge badge-default'>#test-id=9</span>
<span title='Skip to the next failed step' class='badge badge-danger pointer float-right ne ml-1'><i class="fa fa-fast-forward"></i></span>
<span title='Collapse all nodes' class='badge badge-default pointer float-right ct ml-1'><i class="fa fa-compress"></i></span>
<span title='Expand all nodes' class='badge badge-default pointer float-right et'><i class="fa fa-expand"></i></span>
</div>
<div class="m-t-15"><span class="badge badge-pill badge-default">Master</span></div>
</div>
</div>    <div class="row mb-3"><div class="col-md-3">
    

<img data-featherlight='C:\Users\IPSL\IdeaProjects\OrgZstack\screenshots\verify_Login_20250616120430.png' src="C:\Users\IPSL\IdeaProjects\OrgZstack\screenshots\verify_Login_20250616120430.png">
  
    

    </div></div>
<div class="detail-body mt-4">
<table class="table table-sm">
  <thead><tr><th class="status-col">Status</th><th class="timestamp-col">Timestamp</th><th class="details-col">Details</th></tr></thead>
  <tbody>
      <tr class="event-row">
        <td><span class="badge log fail-bg">Fail</span></td>
        <td>12:04:30 pm</td>
        <td>
          verify_LoginTest case FAILED 
        </td>
      </tr>
      <tr class="event-row">
        <td><span class="badge log info-bg">Info</span></td>
        <td>12:04:30 pm</td>
        <td>
          Cannot invoke "java.util.Properties.getProperty(String)" because "this.p" is null
        </td>
      </tr>
  </tbody>
</table>
</div>
          </div>
        </li>
        <li class="test-item"  status="pass" test-id="10"
          author=""
          tag="Master"
          device="">
          <div class="test-detail">
            <p class="name">testCases.TC002_CreateRequition</p>
            <p class="text-sm">
              <span>12:04:30 pm</span> / <span>00:00:00:000</span>
              <span class="badge pass-bg log float-right">Pass</span>
            </p>
          </div>
          <div class="test-contents d-none">
<div class="detail-head">
<div class="p-v-10">
<div class="info">
<h5 class="test-status text-pass">testCases.TC002_CreateRequition</h5>
<span class='badge badge-success'>06.16.2025 12:04:30 pm</span>
<span class='badge badge-danger'>06.16.2025 12:04:30 pm</span>
<span class='badge badge-default'>00:00:00:000</span>
&middot; <span class='uri-anchor badge badge-default'>#test-id=10</span>
<span title='Skip to the next failed step' class='badge badge-danger pointer float-right ne ml-1'><i class="fa fa-fast-forward"></i></span>
<span title='Collapse all nodes' class='badge badge-default pointer float-right ct ml-1'><i class="fa fa-compress"></i></span>
<span title='Expand all nodes' class='badge badge-default pointer float-right et'><i class="fa fa-expand"></i></span>
</div>
<div class="m-t-15"><span class="badge badge-pill badge-default">Master</span></div>
</div>
</div><div class="detail-body mt-4">
<table class="table table-sm">
  <thead><tr><th class="status-col">Status</th><th class="timestamp-col">Timestamp</th><th class="details-col">Details</th></tr></thead>
  <tbody>
      <tr class="event-row">
        <td><span class="badge log pass-bg">Pass</span></td>
        <td>12:04:30 pm</td>
        <td>
          click_requisitiongot successfully executed
        </td>
      </tr>
  </tbody>
</table>
</div>
          </div>
        </li>
        <li class="test-item"  status="fail" test-id="11"
          author=""
          tag="Master"
          device="">
          <div class="test-detail">
            <p class="name">testCases.TC002_CreateRequition</p>
            <p class="text-sm">
              <span>12:04:40 pm</span> / <span>00:00:00:091</span>
              <span class="badge fail-bg log float-right">Fail</span>
            </p>
          </div>
          <div class="test-contents d-none">
<div class="detail-head">
<div class="p-v-10">
<div class="info">
<h5 class="test-status text-fail">testCases.TC002_CreateRequition</h5>
<span class='badge badge-success'>06.16.2025 12:04:40 pm</span>
<span class='badge badge-danger'>06.16.2025 12:04:40 pm</span>
<span class='badge badge-default'>00:00:00:091</span>
&middot; <span class='uri-anchor badge badge-default'>#test-id=11</span>
<span title='Skip to the next failed step' class='badge badge-danger pointer float-right ne ml-1'><i class="fa fa-fast-forward"></i></span>
<span title='Collapse all nodes' class='badge badge-default pointer float-right ct ml-1'><i class="fa fa-compress"></i></span>
<span title='Expand all nodes' class='badge badge-default pointer float-right et'><i class="fa fa-expand"></i></span>
</div>
<div class="m-t-15"><span class="badge badge-pill badge-default">Master</span></div>
</div>
</div>    <div class="row mb-3"><div class="col-md-3">
    

<img data-featherlight='C:\Users\IPSL\IdeaProjects\OrgZstack\screenshots\click_RequisitionPage_20250616120440.png' src="C:\Users\IPSL\IdeaProjects\OrgZstack\screenshots\click_RequisitionPage_20250616120440.png">
  
    

    </div></div>
<div class="detail-body mt-4">
<table class="table table-sm">
  <thead><tr><th class="status-col">Status</th><th class="timestamp-col">Timestamp</th><th class="details-col">Details</th></tr></thead>
  <tbody>
      <tr class="event-row">
        <td><span class="badge log fail-bg">Fail</span></td>
        <td>12:04:40 pm</td>
        <td>
          click_RequisitionPageTest case FAILED 
        </td>
      </tr>
      <tr class="event-row">
        <td><span class="badge log info-bg">Info</span></td>
        <td>12:04:40 pm</td>
        <td>
          no such element: Unable to locate element: {"method":"xpath","selector":"//div[normalize-space()='REQUISITION']"}
  (Session info: chrome=137.0.7151.104)
For documentation on this error, please visit: https://www.selenium.dev/documentation/webdriver/troubleshooting/errors#no-such-element-exception
Build info: version: '4.29.0', revision: '5fc1ec94cb'
System info: os.name: 'Windows 11', os.arch: 'amd64', os.version: '10.0', java.version: '17.0.15'
Driver info: org.openqa.selenium.chrome.ChromeDriver
Command: [c18969e2dbf46de704e3269efb078d8d, findElement {value=//div[normalize-space()='REQUISITION'], using=xpath}]
Capabilities {acceptInsecureCerts: false, browserName: chrome, browserVersion: 137.0.7151.104, chrome: {chromedriverVersion: 137.0.7151.70 (dfa4dc56b2ab..., userDataDir: C:\Users\IPSL\AppData\Local...}, fedcm:accounts: true, goog:chromeOptions: {debuggerAddress: localhost:54296}, networkConnectionEnabled: false, pageLoadStrategy: normal, platformName: windows, proxy: Proxy(), se:cdp: ws://localhost:54296/devtoo..., se:cdpVersion: 137.0.7151.104, setWindowRect: true, strictFileInteractability: false, timeouts: {implicit: 0, pageLoad: 300000, script: 30000}, unhandledPromptBehavior: dismiss and notify, webauthn:extension:credBlob: true, webauthn:extension:largeBlob: true, webauthn:extension:minPinLength: true, webauthn:extension:prf: true, webauthn:virtualAuthenticators: true}
Session ID: c18969e2dbf46de704e3269efb078d8d
        </td>
      </tr>
  </tbody>
</table>
</div>
          </div>
        </li>
        <li class="test-item"  status="fail" test-id="12"
          author=""
          tag="Master"
          device="">
          <div class="test-detail">
            <p class="name">testCases.TC002_CreateRequition</p>
            <p class="text-sm">
              <span>12:04:50 pm</span> / <span>00:00:00:084</span>
              <span class="badge fail-bg log float-right">Fail</span>
            </p>
          </div>
          <div class="test-contents d-none">
<div class="detail-head">
<div class="p-v-10">
<div class="info">
<h5 class="test-status text-fail">testCases.TC002_CreateRequition</h5>
<span class='badge badge-success'>06.16.2025 12:04:50 pm</span>
<span class='badge badge-danger'>06.16.2025 12:04:50 pm</span>
<span class='badge badge-default'>00:00:00:084</span>
&middot; <span class='uri-anchor badge badge-default'>#test-id=12</span>
<span title='Skip to the next failed step' class='badge badge-danger pointer float-right ne ml-1'><i class="fa fa-fast-forward"></i></span>
<span title='Collapse all nodes' class='badge badge-default pointer float-right ct ml-1'><i class="fa fa-compress"></i></span>
<span title='Expand all nodes' class='badge badge-default pointer float-right et'><i class="fa fa-expand"></i></span>
</div>
<div class="m-t-15"><span class="badge badge-pill badge-default">Master</span></div>
</div>
</div>    <div class="row mb-3"><div class="col-md-3">
    

<img data-featherlight='C:\Users\IPSL\IdeaProjects\OrgZstack\screenshots\fill_NewRequirement_20250616120450.png' src="C:\Users\IPSL\IdeaProjects\OrgZstack\screenshots\fill_NewRequirement_20250616120450.png">
  
    

    </div></div>
<div class="detail-body mt-4">
<table class="table table-sm">
  <thead><tr><th class="status-col">Status</th><th class="timestamp-col">Timestamp</th><th class="details-col">Details</th></tr></thead>
  <tbody>
      <tr class="event-row">
        <td><span class="badge log fail-bg">Fail</span></td>
        <td>12:04:50 pm</td>
        <td>
          fill_NewRequirementTest case FAILED 
        </td>
      </tr>
      <tr class="event-row">
        <td><span class="badge log info-bg">Info</span></td>
        <td>12:04:50 pm</td>
        <td>
          no such element: Unable to locate element: {"method":"xpath","selector":"//div[@role='presentation']//div//div//select[@id='demo-simple-select' and @name='skillset']"}
  (Session info: chrome=137.0.7151.104)
For documentation on this error, please visit: https://www.selenium.dev/documentation/webdriver/troubleshooting/errors#no-such-element-exception
Build info: version: '4.29.0', revision: '5fc1ec94cb'
System info: os.name: 'Windows 11', os.arch: 'amd64', os.version: '10.0', java.version: '17.0.15'
Driver info: org.openqa.selenium.chrome.ChromeDriver
Command: [c18969e2dbf46de704e3269efb078d8d, findElement {value=//div[@role='presentation']//div//div//select[@id='demo-simple-select' and @name='skillset'], using=xpath}]
Capabilities {acceptInsecureCerts: false, browserName: chrome, browserVersion: 137.0.7151.104, chrome: {chromedriverVersion: 137.0.7151.70 (dfa4dc56b2ab..., userDataDir: C:\Users\IPSL\AppData\Local...}, fedcm:accounts: true, goog:chromeOptions: {debuggerAddress: localhost:54296}, networkConnectionEnabled: false, pageLoadStrategy: normal, platformName: windows, proxy: Proxy(), se:cdp: ws://localhost:54296/devtoo..., se:cdpVersion: 137.0.7151.104, setWindowRect: true, strictFileInteractability: false, timeouts: {implicit: 0, pageLoad: 300000, script: 30000}, unhandledPromptBehavior: dismiss and notify, webauthn:extension:credBlob: true, webauthn:extension:largeBlob: true, webauthn:extension:minPinLength: true, webauthn:extension:prf: true, webauthn:virtualAuthenticators: true}
Session ID: c18969e2dbf46de704e3269efb078d8d
        </td>
      </tr>
  </tbody>
</table>
</div>
          </div>
        </li>
        <li class="test-item"  status="pass" test-id="13"
          author=""
          tag=""
          device="">
          <div class="test-detail">
            <p class="name">testCases.TC003_AddBusinessUnit</p>
            <p class="text-sm">
              <span>12:04:50 pm</span> / <span>00:00:00:000</span>
              <span class="badge pass-bg log float-right">Pass</span>
            </p>
          </div>
          <div class="test-contents d-none">
<div class="detail-head">
<div class="p-v-10">
<div class="info">
<h5 class="test-status text-pass">testCases.TC003_AddBusinessUnit</h5>
<span class='badge badge-success'>06.16.2025 12:04:50 pm</span>
<span class='badge badge-danger'>06.16.2025 12:04:50 pm</span>
<span class='badge badge-default'>00:00:00:000</span>
&middot; <span class='uri-anchor badge badge-default'>#test-id=13</span>
<span title='Skip to the next failed step' class='badge badge-danger pointer float-right ne ml-1'><i class="fa fa-fast-forward"></i></span>
<span title='Collapse all nodes' class='badge badge-default pointer float-right ct ml-1'><i class="fa fa-compress"></i></span>
<span title='Expand all nodes' class='badge badge-default pointer float-right et'><i class="fa fa-expand"></i></span>
</div>
</div>
</div><div class="detail-body mt-4">
<table class="table table-sm">
  <thead><tr><th class="status-col">Status</th><th class="timestamp-col">Timestamp</th><th class="details-col">Details</th></tr></thead>
  <tbody>
      <tr class="event-row">
        <td><span class="badge log pass-bg">Pass</span></td>
        <td>12:04:50 pm</td>
        <td>
          verify_clkBusinessUnitgot successfully executed
        </td>
      </tr>
  </tbody>
</table>
</div>
          </div>
        </li>
        <li class="test-item"  status="pass" test-id="14"
          author=""
          tag=""
          device="">
          <div class="test-detail">
            <p class="name">testCases.TC003_AddBusinessUnit</p>
            <p class="text-sm">
              <span>12:04:51 pm</span> / <span>00:00:00:000</span>
              <span class="badge pass-bg log float-right">Pass</span>
            </p>
          </div>
          <div class="test-contents d-none">
<div class="detail-head">
<div class="p-v-10">
<div class="info">
<h5 class="test-status text-pass">testCases.TC003_AddBusinessUnit</h5>
<span class='badge badge-success'>06.16.2025 12:04:51 pm</span>
<span class='badge badge-danger'>06.16.2025 12:04:51 pm</span>
<span class='badge badge-default'>00:00:00:000</span>
&middot; <span class='uri-anchor badge badge-default'>#test-id=14</span>
<span title='Skip to the next failed step' class='badge badge-danger pointer float-right ne ml-1'><i class="fa fa-fast-forward"></i></span>
<span title='Collapse all nodes' class='badge badge-default pointer float-right ct ml-1'><i class="fa fa-compress"></i></span>
<span title='Expand all nodes' class='badge badge-default pointer float-right et'><i class="fa fa-expand"></i></span>
</div>
</div>
</div><div class="detail-body mt-4">
<table class="table table-sm">
  <thead><tr><th class="status-col">Status</th><th class="timestamp-col">Timestamp</th><th class="details-col">Details</th></tr></thead>
  <tbody>
      <tr class="event-row">
        <td><span class="badge log pass-bg">Pass</span></td>
        <td>12:04:51 pm</td>
        <td>
          verify_clickBusinessUnitgot successfully executed
        </td>
      </tr>
  </tbody>
</table>
</div>
          </div>
        </li>
        <li class="test-item"  status="pass" test-id="15"
          author=""
          tag=""
          device="">
          <div class="test-detail">
            <p class="name">testCases.TC003_AddBusinessUnit</p>
            <p class="text-sm">
              <span>12:05:06 pm</span> / <span>00:00:00:000</span>
              <span class="badge pass-bg log float-right">Pass</span>
            </p>
          </div>
          <div class="test-contents d-none">
<div class="detail-head">
<div class="p-v-10">
<div class="info">
<h5 class="test-status text-pass">testCases.TC003_AddBusinessUnit</h5>
<span class='badge badge-success'>06.16.2025 12:05:06 pm</span>
<span class='badge badge-danger'>06.16.2025 12:05:06 pm</span>
<span class='badge badge-default'>00:00:00:000</span>
&middot; <span class='uri-anchor badge badge-default'>#test-id=15</span>
<span title='Skip to the next failed step' class='badge badge-danger pointer float-right ne ml-1'><i class="fa fa-fast-forward"></i></span>
<span title='Collapse all nodes' class='badge badge-default pointer float-right ct ml-1'><i class="fa fa-compress"></i></span>
<span title='Expand all nodes' class='badge badge-default pointer float-right et'><i class="fa fa-expand"></i></span>
</div>
</div>
</div><div class="detail-body mt-4">
<table class="table table-sm">
  <thead><tr><th class="status-col">Status</th><th class="timestamp-col">Timestamp</th><th class="details-col">Details</th></tr></thead>
  <tbody>
      <tr class="event-row">
        <td><span class="badge log pass-bg">Pass</span></td>
        <td>12:05:06 pm</td>
        <td>
          verify_createBusinessUnitgot successfully executed
        </td>
      </tr>
  </tbody>
</table>
</div>
          </div>
        </li>
        <li class="test-item"  status="pass" test-id="16"
          author=""
          tag=""
          device="">
          <div class="test-detail">
            <p class="name">testCases.TC004_EditBusinessUnit</p>
            <p class="text-sm">
              <span>12:05:06 pm</span> / <span>00:00:00:000</span>
              <span class="badge pass-bg log float-right">Pass</span>
            </p>
          </div>
          <div class="test-contents d-none">
<div class="detail-head">
<div class="p-v-10">
<div class="info">
<h5 class="test-status text-pass">testCases.TC004_EditBusinessUnit</h5>
<span class='badge badge-success'>06.16.2025 12:05:06 pm</span>
<span class='badge badge-danger'>06.16.2025 12:05:06 pm</span>
<span class='badge badge-default'>00:00:00:000</span>
&middot; <span class='uri-anchor badge badge-default'>#test-id=16</span>
<span title='Skip to the next failed step' class='badge badge-danger pointer float-right ne ml-1'><i class="fa fa-fast-forward"></i></span>
<span title='Collapse all nodes' class='badge badge-default pointer float-right ct ml-1'><i class="fa fa-compress"></i></span>
<span title='Expand all nodes' class='badge badge-default pointer float-right et'><i class="fa fa-expand"></i></span>
</div>
</div>
</div><div class="detail-body mt-4">
<table class="table table-sm">
  <thead><tr><th class="status-col">Status</th><th class="timestamp-col">Timestamp</th><th class="details-col">Details</th></tr></thead>
  <tbody>
      <tr class="event-row">
        <td><span class="badge log pass-bg">Pass</span></td>
        <td>12:05:06 pm</td>
        <td>
          verify_clkBusinessUnitgot successfully executed
        </td>
      </tr>
  </tbody>
</table>
</div>
          </div>
        </li>
        <li class="test-item"  status="fail" test-id="17"
          author=""
          tag=""
          device="">
          <div class="test-detail">
            <p class="name">testCases.TC004_EditBusinessUnit</p>
            <p class="text-sm">
              <span>12:05:16 pm</span> / <span>00:00:00:101</span>
              <span class="badge fail-bg log float-right">Fail</span>
            </p>
          </div>
          <div class="test-contents d-none">
<div class="detail-head">
<div class="p-v-10">
<div class="info">
<h5 class="test-status text-fail">testCases.TC004_EditBusinessUnit</h5>
<span class='badge badge-success'>06.16.2025 12:05:16 pm</span>
<span class='badge badge-danger'>06.16.2025 12:05:16 pm</span>
<span class='badge badge-default'>00:00:00:101</span>
&middot; <span class='uri-anchor badge badge-default'>#test-id=17</span>
<span title='Skip to the next failed step' class='badge badge-danger pointer float-right ne ml-1'><i class="fa fa-fast-forward"></i></span>
<span title='Collapse all nodes' class='badge badge-default pointer float-right ct ml-1'><i class="fa fa-compress"></i></span>
<span title='Expand all nodes' class='badge badge-default pointer float-right et'><i class="fa fa-expand"></i></span>
</div>
</div>
</div>    <div class="row mb-3"><div class="col-md-3">
    

<img data-featherlight='C:\Users\IPSL\IdeaProjects\OrgZstack\screenshots\verify_EditBusinessUnit_20250616120516.png' src="C:\Users\IPSL\IdeaProjects\OrgZstack\screenshots\verify_EditBusinessUnit_20250616120516.png">
  
    

    </div></div>
<div class="detail-body mt-4">
<table class="table table-sm">
  <thead><tr><th class="status-col">Status</th><th class="timestamp-col">Timestamp</th><th class="details-col">Details</th></tr></thead>
  <tbody>
      <tr class="event-row">
        <td><span class="badge log fail-bg">Fail</span></td>
        <td>12:05:16 pm</td>
        <td>
          verify_EditBusinessUnitTest case FAILED 
        </td>
      </tr>
      <tr class="event-row">
        <td><span class="badge log info-bg">Info</span></td>
        <td>12:05:16 pm</td>
        <td>
          no such element: Unable to locate element: {"method":"xpath","selector":"//table//tr[td[3][normalize-space()='Testing Te']]//button//*[name()='svg']"}
  (Session info: chrome=137.0.7151.104)
For documentation on this error, please visit: https://www.selenium.dev/documentation/webdriver/troubleshooting/errors#no-such-element-exception
Build info: version: '4.29.0', revision: '5fc1ec94cb'
System info: os.name: 'Windows 11', os.arch: 'amd64', os.version: '10.0', java.version: '17.0.15'
Driver info: org.openqa.selenium.chrome.ChromeDriver
Command: [c18969e2dbf46de704e3269efb078d8d, findElement {value=//table//tr[td[3][normalize-space()='Testing Te']]//button//*[name()='svg'], using=xpath}]
Capabilities {acceptInsecureCerts: false, browserName: chrome, browserVersion: 137.0.7151.104, chrome: {chromedriverVersion: 137.0.7151.70 (dfa4dc56b2ab..., userDataDir: C:\Users\IPSL\AppData\Local...}, fedcm:accounts: true, goog:chromeOptions: {debuggerAddress: localhost:54296}, networkConnectionEnabled: false, pageLoadStrategy: normal, platformName: windows, proxy: Proxy(), se:cdp: ws://localhost:54296/devtoo..., se:cdpVersion: 137.0.7151.104, setWindowRect: true, strictFileInteractability: false, timeouts: {implicit: 0, pageLoad: 300000, script: 30000}, unhandledPromptBehavior: dismiss and notify, webauthn:extension:credBlob: true, webauthn:extension:largeBlob: true, webauthn:extension:minPinLength: true, webauthn:extension:prf: true, webauthn:virtualAuthenticators: true}
Session ID: c18969e2dbf46de704e3269efb078d8d
        </td>
      </tr>
  </tbody>
</table>
</div>
          </div>
        </li>
        <li class="test-item"  status="pass" test-id="18"
          author=""
          tag=""
          device="">
          <div class="test-detail">
            <p class="name">testCases.TC005_BusinessUnitContacts</p>
            <p class="text-sm">
              <span>12:05:16 pm</span> / <span>00:00:00:000</span>
              <span class="badge pass-bg log float-right">Pass</span>
            </p>
          </div>
          <div class="test-contents d-none">
<div class="detail-head">
<div class="p-v-10">
<div class="info">
<h5 class="test-status text-pass">testCases.TC005_BusinessUnitContacts</h5>
<span class='badge badge-success'>06.16.2025 12:05:16 pm</span>
<span class='badge badge-danger'>06.16.2025 12:05:16 pm</span>
<span class='badge badge-default'>00:00:00:000</span>
&middot; <span class='uri-anchor badge badge-default'>#test-id=18</span>
<span title='Skip to the next failed step' class='badge badge-danger pointer float-right ne ml-1'><i class="fa fa-fast-forward"></i></span>
<span title='Collapse all nodes' class='badge badge-default pointer float-right ct ml-1'><i class="fa fa-compress"></i></span>
<span title='Expand all nodes' class='badge badge-default pointer float-right et'><i class="fa fa-expand"></i></span>
</div>
</div>
</div><div class="detail-body mt-4">
<table class="table table-sm">
  <thead><tr><th class="status-col">Status</th><th class="timestamp-col">Timestamp</th><th class="details-col">Details</th></tr></thead>
  <tbody>
      <tr class="event-row">
        <td><span class="badge log pass-bg">Pass</span></td>
        <td>12:05:16 pm</td>
        <td>
          verify_clkBusinessUnitgot successfully executed
        </td>
      </tr>
  </tbody>
</table>
</div>
          </div>
        </li>
        <li class="test-item"  status="fail" test-id="19"
          author=""
          tag=""
          device="">
          <div class="test-detail">
            <p class="name">testCases.TC005_BusinessUnitContacts</p>
            <p class="text-sm">
              <span>12:05:26 pm</span> / <span>00:00:00:093</span>
              <span class="badge fail-bg log float-right">Fail</span>
            </p>
          </div>
          <div class="test-contents d-none">
<div class="detail-head">
<div class="p-v-10">
<div class="info">
<h5 class="test-status text-fail">testCases.TC005_BusinessUnitContacts</h5>
<span class='badge badge-success'>06.16.2025 12:05:26 pm</span>
<span class='badge badge-danger'>06.16.2025 12:05:26 pm</span>
<span class='badge badge-default'>00:00:00:093</span>
&middot; <span class='uri-anchor badge badge-default'>#test-id=19</span>
<span title='Skip to the next failed step' class='badge badge-danger pointer float-right ne ml-1'><i class="fa fa-fast-forward"></i></span>
<span title='Collapse all nodes' class='badge badge-default pointer float-right ct ml-1'><i class="fa fa-compress"></i></span>
<span title='Expand all nodes' class='badge badge-default pointer float-right et'><i class="fa fa-expand"></i></span>
</div>
</div>
</div>    <div class="row mb-3"><div class="col-md-3">
    

<img data-featherlight='C:\Users\IPSL\IdeaProjects\OrgZstack\screenshots\verify_clkContacts_20250616120526.png' src="C:\Users\IPSL\IdeaProjects\OrgZstack\screenshots\verify_clkContacts_20250616120526.png">
  
    

    </div></div>
<div class="detail-body mt-4">
<table class="table table-sm">
  <thead><tr><th class="status-col">Status</th><th class="timestamp-col">Timestamp</th><th class="details-col">Details</th></tr></thead>
  <tbody>
      <tr class="event-row">
        <td><span class="badge log fail-bg">Fail</span></td>
        <td>12:05:26 pm</td>
        <td>
          verify_clkContactsTest case FAILED 
        </td>
      </tr>
      <tr class="event-row">
        <td><span class="badge log info-bg">Info</span></td>
        <td>12:05:26 pm</td>
        <td>
          no such element: Unable to locate element: {"method":"xpath","selector":"//table//tr[td[3][normalize-space()='Testing Te']]//button//*[name()='svg']"}
  (Session info: chrome=137.0.7151.104)
For documentation on this error, please visit: https://www.selenium.dev/documentation/webdriver/troubleshooting/errors#no-such-element-exception
Build info: version: '4.29.0', revision: '5fc1ec94cb'
System info: os.name: 'Windows 11', os.arch: 'amd64', os.version: '10.0', java.version: '17.0.15'
Driver info: org.openqa.selenium.chrome.ChromeDriver
Command: [c18969e2dbf46de704e3269efb078d8d, findElement {value=//table//tr[td[3][normalize-space()='Testing Te']]//button//*[name()='svg'], using=xpath}]
Capabilities {acceptInsecureCerts: false, browserName: chrome, browserVersion: 137.0.7151.104, chrome: {chromedriverVersion: 137.0.7151.70 (dfa4dc56b2ab..., userDataDir: C:\Users\IPSL\AppData\Local...}, fedcm:accounts: true, goog:chromeOptions: {debuggerAddress: localhost:54296}, networkConnectionEnabled: false, pageLoadStrategy: normal, platformName: windows, proxy: Proxy(), se:cdp: ws://localhost:54296/devtoo..., se:cdpVersion: 137.0.7151.104, setWindowRect: true, strictFileInteractability: false, timeouts: {implicit: 0, pageLoad: 300000, script: 30000}, unhandledPromptBehavior: dismiss and notify, webauthn:extension:credBlob: true, webauthn:extension:largeBlob: true, webauthn:extension:minPinLength: true, webauthn:extension:prf: true, webauthn:virtualAuthenticators: true}
Session ID: c18969e2dbf46de704e3269efb078d8d
        </td>
      </tr>
  </tbody>
</table>
</div>
          </div>
        </li>
        <li class="test-item"  status="fail" test-id="20"
          author=""
          tag=""
          device="">
          <div class="test-detail">
            <p class="name">testCases.TC005_BusinessUnitContacts</p>
            <p class="text-sm">
              <span>12:05:46 pm</span> / <span>00:00:00:108</span>
              <span class="badge fail-bg log float-right">Fail</span>
            </p>
          </div>
          <div class="test-contents d-none">
<div class="detail-head">
<div class="p-v-10">
<div class="info">
<h5 class="test-status text-fail">testCases.TC005_BusinessUnitContacts</h5>
<span class='badge badge-success'>06.16.2025 12:05:46 pm</span>
<span class='badge badge-danger'>06.16.2025 12:05:46 pm</span>
<span class='badge badge-default'>00:00:00:108</span>
&middot; <span class='uri-anchor badge badge-default'>#test-id=20</span>
<span title='Skip to the next failed step' class='badge badge-danger pointer float-right ne ml-1'><i class="fa fa-fast-forward"></i></span>
<span title='Collapse all nodes' class='badge badge-default pointer float-right ct ml-1'><i class="fa fa-compress"></i></span>
<span title='Expand all nodes' class='badge badge-default pointer float-right et'><i class="fa fa-expand"></i></span>
</div>
</div>
</div>    <div class="row mb-3"><div class="col-md-3">
    

<img data-featherlight='C:\Users\IPSL\IdeaProjects\OrgZstack\screenshots\verify_AddBusinessUnitContacts_20250616120546.png' src="C:\Users\IPSL\IdeaProjects\OrgZstack\screenshots\verify_AddBusinessUnitContacts_20250616120546.png">
  
    

    </div></div>
<div class="detail-body mt-4">
<table class="table table-sm">
  <thead><tr><th class="status-col">Status</th><th class="timestamp-col">Timestamp</th><th class="details-col">Details</th></tr></thead>
  <tbody>
      <tr class="event-row">
        <td><span class="badge log fail-bg">Fail</span></td>
        <td>12:05:46 pm</td>
        <td>
          verify_AddBusinessUnitContactsTest case FAILED 
        </td>
      </tr>
      <tr class="event-row">
        <td><span class="badge log info-bg">Info</span></td>
        <td>12:05:46 pm</td>
        <td>
          Expected condition failed: waiting for visibility of all [Proxy element for: DefaultElementLocator 'By.xpath: //span[normalize-space()="CONTACTS"]'] (tried for 10 second(s) with 500 milliseconds interval)
        </td>
      </tr>
  </tbody>
</table>
</div>
          </div>
        </li>
        <li class="test-item"  status="fail" test-id="21"
          author=""
          tag=""
          device="">
          <div class="test-detail">
            <p class="name">testCases.TC005_BusinessUnitContacts</p>
            <p class="text-sm">
              <span>12:06:07 pm</span> / <span>00:00:00:082</span>
              <span class="badge fail-bg log float-right">Fail</span>
            </p>
          </div>
          <div class="test-contents d-none">
<div class="detail-head">
<div class="p-v-10">
<div class="info">
<h5 class="test-status text-fail">testCases.TC005_BusinessUnitContacts</h5>
<span class='badge badge-success'>06.16.2025 12:06:07 pm</span>
<span class='badge badge-danger'>06.16.2025 12:06:07 pm</span>
<span class='badge badge-default'>00:00:00:082</span>
&middot; <span class='uri-anchor badge badge-default'>#test-id=21</span>
<span title='Skip to the next failed step' class='badge badge-danger pointer float-right ne ml-1'><i class="fa fa-fast-forward"></i></span>
<span title='Collapse all nodes' class='badge badge-default pointer float-right ct ml-1'><i class="fa fa-compress"></i></span>
<span title='Expand all nodes' class='badge badge-default pointer float-right et'><i class="fa fa-expand"></i></span>
</div>
</div>
</div>    <div class="row mb-3"><div class="col-md-3">
    

<img data-featherlight='C:\Users\IPSL\IdeaProjects\OrgZstack\screenshots\verify_EditBusinessUnit_20250616120607.png' src="C:\Users\IPSL\IdeaProjects\OrgZstack\screenshots\verify_EditBusinessUnit_20250616120607.png">
  
    

    </div></div>
<div class="detail-body mt-4">
<table class="table table-sm">
  <thead><tr><th class="status-col">Status</th><th class="timestamp-col">Timestamp</th><th class="details-col">Details</th></tr></thead>
  <tbody>
      <tr class="event-row">
        <td><span class="badge log fail-bg">Fail</span></td>
        <td>12:06:07 pm</td>
        <td>
          verify_EditBusinessUnitTest case FAILED 
        </td>
      </tr>
      <tr class="event-row">
        <td><span class="badge log info-bg">Info</span></td>
        <td>12:06:07 pm</td>
        <td>
          Expected condition failed: waiting for visibility of all [Proxy element for: DefaultElementLocator 'By.xpath: //span[normalize-space()="CONTACTS"]'] (tried for 10 second(s) with 500 milliseconds interval)
        </td>
      </tr>
  </tbody>
</table>
</div>
          </div>
        </li>
        <li class="test-item"  status="fail" test-id="22"
          author=""
          tag=""
          device="">
          <div class="test-detail">
            <p class="name">testCases.TC005_BusinessUnitContacts</p>
            <p class="text-sm">
              <span>12:06:19 pm</span> / <span>00:00:00:107</span>
              <span class="badge fail-bg log float-right">Fail</span>
            </p>
          </div>
          <div class="test-contents d-none">
<div class="detail-head">
<div class="p-v-10">
<div class="info">
<h5 class="test-status text-fail">testCases.TC005_BusinessUnitContacts</h5>
<span class='badge badge-success'>06.16.2025 12:06:19 pm</span>
<span class='badge badge-danger'>06.16.2025 12:06:19 pm</span>
<span class='badge badge-default'>00:00:00:107</span>
&middot; <span class='uri-anchor badge badge-default'>#test-id=22</span>
<span title='Skip to the next failed step' class='badge badge-danger pointer float-right ne ml-1'><i class="fa fa-fast-forward"></i></span>
<span title='Collapse all nodes' class='badge badge-default pointer float-right ct ml-1'><i class="fa fa-compress"></i></span>
<span title='Expand all nodes' class='badge badge-default pointer float-right et'><i class="fa fa-expand"></i></span>
</div>
</div>
</div>    <div class="row mb-3"><div class="col-md-3">
    

<img data-featherlight='C:\Users\IPSL\IdeaProjects\OrgZstack\screenshots\verify_deleteBusinessUnit_20250616120619.png' src="C:\Users\IPSL\IdeaProjects\OrgZstack\screenshots\verify_deleteBusinessUnit_20250616120619.png">
  
    

    </div></div>
<div class="detail-body mt-4">
<table class="table table-sm">
  <thead><tr><th class="status-col">Status</th><th class="timestamp-col">Timestamp</th><th class="details-col">Details</th></tr></thead>
  <tbody>
      <tr class="event-row">
        <td><span class="badge log fail-bg">Fail</span></td>
        <td>12:06:19 pm</td>
        <td>
          verify_deleteBusinessUnitTest case FAILED 
        </td>
      </tr>
      <tr class="event-row">
        <td><span class="badge log info-bg">Info</span></td>
        <td>12:06:19 pm</td>
        <td>
          no such element: Unable to locate element: {"method":"xpath","selector":"(//table//tr[td[2][normalize-space()='Rhutik']]//button//*[name()='svg'])[1]"}
  (Session info: chrome=137.0.7151.104)
For documentation on this error, please visit: https://www.selenium.dev/documentation/webdriver/troubleshooting/errors#no-such-element-exception
Build info: version: '4.29.0', revision: '5fc1ec94cb'
System info: os.name: 'Windows 11', os.arch: 'amd64', os.version: '10.0', java.version: '17.0.15'
Driver info: org.openqa.selenium.chrome.ChromeDriver
Command: [c18969e2dbf46de704e3269efb078d8d, findElement {value=(//table//tr[td[2][normalize-space()='Rhutik']]//button//*[name()='svg'])[1], using=xpath}]
Capabilities {acceptInsecureCerts: false, browserName: chrome, browserVersion: 137.0.7151.104, chrome: {chromedriverVersion: 137.0.7151.70 (dfa4dc56b2ab..., userDataDir: C:\Users\IPSL\AppData\Local...}, fedcm:accounts: true, goog:chromeOptions: {debuggerAddress: localhost:54296}, networkConnectionEnabled: false, pageLoadStrategy: normal, platformName: windows, proxy: Proxy(), se:cdp: ws://localhost:54296/devtoo..., se:cdpVersion: 137.0.7151.104, setWindowRect: true, strictFileInteractability: false, timeouts: {implicit: 0, pageLoad: 300000, script: 30000}, unhandledPromptBehavior: dismiss and notify, webauthn:extension:credBlob: true, webauthn:extension:largeBlob: true, webauthn:extension:minPinLength: true, webauthn:extension:prf: true, webauthn:virtualAuthenticators: true}
Session ID: c18969e2dbf46de704e3269efb078d8d
        </td>
      </tr>
  </tbody>
</table>
</div>
          </div>
        </li>
        <li class="test-item"  status="pass" test-id="23"
          author=""
          tag=""
          device="">
          <div class="test-detail">
            <p class="name">testCases.TC006_BusinessUnitAddBasicInfo</p>
            <p class="text-sm">
              <span>12:06:19 pm</span> / <span>00:00:00:000</span>
              <span class="badge pass-bg log float-right">Pass</span>
            </p>
          </div>
          <div class="test-contents d-none">
<div class="detail-head">
<div class="p-v-10">
<div class="info">
<h5 class="test-status text-pass">testCases.TC006_BusinessUnitAddBasicInfo</h5>
<span class='badge badge-success'>06.16.2025 12:06:19 pm</span>
<span class='badge badge-danger'>06.16.2025 12:06:19 pm</span>
<span class='badge badge-default'>00:00:00:000</span>
&middot; <span class='uri-anchor badge badge-default'>#test-id=23</span>
<span title='Skip to the next failed step' class='badge badge-danger pointer float-right ne ml-1'><i class="fa fa-fast-forward"></i></span>
<span title='Collapse all nodes' class='badge badge-default pointer float-right ct ml-1'><i class="fa fa-compress"></i></span>
<span title='Expand all nodes' class='badge badge-default pointer float-right et'><i class="fa fa-expand"></i></span>
</div>
</div>
</div><div class="detail-body mt-4">
<table class="table table-sm">
  <thead><tr><th class="status-col">Status</th><th class="timestamp-col">Timestamp</th><th class="details-col">Details</th></tr></thead>
  <tbody>
      <tr class="event-row">
        <td><span class="badge log pass-bg">Pass</span></td>
        <td>12:06:19 pm</td>
        <td>
          verify_clkBusinessUnitgot successfully executed
        </td>
      </tr>
  </tbody>
</table>
</div>
          </div>
        </li>
        <li class="test-item"  status="fail" test-id="24"
          author=""
          tag=""
          device="">
          <div class="test-detail">
            <p class="name">testCases.TC006_BusinessUnitAddBasicInfo</p>
            <p class="text-sm">
              <span>12:06:29 pm</span> / <span>00:00:00:094</span>
              <span class="badge fail-bg log float-right">Fail</span>
            </p>
          </div>
          <div class="test-contents d-none">
<div class="detail-head">
<div class="p-v-10">
<div class="info">
<h5 class="test-status text-fail">testCases.TC006_BusinessUnitAddBasicInfo</h5>
<span class='badge badge-success'>06.16.2025 12:06:29 pm</span>
<span class='badge badge-danger'>06.16.2025 12:06:29 pm</span>
<span class='badge badge-default'>00:00:00:094</span>
&middot; <span class='uri-anchor badge badge-default'>#test-id=24</span>
<span title='Skip to the next failed step' class='badge badge-danger pointer float-right ne ml-1'><i class="fa fa-fast-forward"></i></span>
<span title='Collapse all nodes' class='badge badge-default pointer float-right ct ml-1'><i class="fa fa-compress"></i></span>
<span title='Expand all nodes' class='badge badge-default pointer float-right et'><i class="fa fa-expand"></i></span>
</div>
</div>
</div>    <div class="row mb-3"><div class="col-md-3">
    

<img data-featherlight='C:\Users\IPSL\IdeaProjects\OrgZstack\screenshots\verify_clkContacts_20250616120629.png' src="C:\Users\IPSL\IdeaProjects\OrgZstack\screenshots\verify_clkContacts_20250616120629.png">
  
    

    </div></div>
<div class="detail-body mt-4">
<table class="table table-sm">
  <thead><tr><th class="status-col">Status</th><th class="timestamp-col">Timestamp</th><th class="details-col">Details</th></tr></thead>
  <tbody>
      <tr class="event-row">
        <td><span class="badge log fail-bg">Fail</span></td>
        <td>12:06:29 pm</td>
        <td>
          verify_clkContactsTest case FAILED 
        </td>
      </tr>
      <tr class="event-row">
        <td><span class="badge log info-bg">Info</span></td>
        <td>12:06:29 pm</td>
        <td>
          no such element: Unable to locate element: {"method":"xpath","selector":"//table//tr[td[3][normalize-space()='Testing Te']]//button//*[name()='svg']"}
  (Session info: chrome=137.0.7151.104)
For documentation on this error, please visit: https://www.selenium.dev/documentation/webdriver/troubleshooting/errors#no-such-element-exception
Build info: version: '4.29.0', revision: '5fc1ec94cb'
System info: os.name: 'Windows 11', os.arch: 'amd64', os.version: '10.0', java.version: '17.0.15'
Driver info: org.openqa.selenium.chrome.ChromeDriver
Command: [c18969e2dbf46de704e3269efb078d8d, findElement {value=//table//tr[td[3][normalize-space()='Testing Te']]//button//*[name()='svg'], using=xpath}]
Capabilities {acceptInsecureCerts: false, browserName: chrome, browserVersion: 137.0.7151.104, chrome: {chromedriverVersion: 137.0.7151.70 (dfa4dc56b2ab..., userDataDir: C:\Users\IPSL\AppData\Local...}, fedcm:accounts: true, goog:chromeOptions: {debuggerAddress: localhost:54296}, networkConnectionEnabled: false, pageLoadStrategy: normal, platformName: windows, proxy: Proxy(), se:cdp: ws://localhost:54296/devtoo..., se:cdpVersion: 137.0.7151.104, setWindowRect: true, strictFileInteractability: false, timeouts: {implicit: 0, pageLoad: 300000, script: 30000}, unhandledPromptBehavior: dismiss and notify, webauthn:extension:credBlob: true, webauthn:extension:largeBlob: true, webauthn:extension:minPinLength: true, webauthn:extension:prf: true, webauthn:virtualAuthenticators: true}
Session ID: c18969e2dbf46de704e3269efb078d8d
        </td>
      </tr>
  </tbody>
</table>
</div>
          </div>
        </li>
        <li class="test-item"  status="fail" test-id="25"
          author=""
          tag=""
          device="">
          <div class="test-detail">
            <p class="name">testCases.TC006_BusinessUnitAddBasicInfo</p>
            <p class="text-sm">
              <span>12:06:39 pm</span> / <span>00:00:00:100</span>
              <span class="badge fail-bg log float-right">Fail</span>
            </p>
          </div>
          <div class="test-contents d-none">
<div class="detail-head">
<div class="p-v-10">
<div class="info">
<h5 class="test-status text-fail">testCases.TC006_BusinessUnitAddBasicInfo</h5>
<span class='badge badge-success'>06.16.2025 12:06:39 pm</span>
<span class='badge badge-danger'>06.16.2025 12:06:39 pm</span>
<span class='badge badge-default'>00:00:00:100</span>
&middot; <span class='uri-anchor badge badge-default'>#test-id=25</span>
<span title='Skip to the next failed step' class='badge badge-danger pointer float-right ne ml-1'><i class="fa fa-fast-forward"></i></span>
<span title='Collapse all nodes' class='badge badge-default pointer float-right ct ml-1'><i class="fa fa-compress"></i></span>
<span title='Expand all nodes' class='badge badge-default pointer float-right et'><i class="fa fa-expand"></i></span>
</div>
</div>
</div>    <div class="row mb-3"><div class="col-md-3">
    

<img data-featherlight='C:\Users\IPSL\IdeaProjects\OrgZstack\screenshots\verify_AddBasicInfo_20250616120639.png' src="C:\Users\IPSL\IdeaProjects\OrgZstack\screenshots\verify_AddBasicInfo_20250616120639.png">
  
    

    </div></div>
<div class="detail-body mt-4">
<table class="table table-sm">
  <thead><tr><th class="status-col">Status</th><th class="timestamp-col">Timestamp</th><th class="details-col">Details</th></tr></thead>
  <tbody>
      <tr class="event-row">
        <td><span class="badge log fail-bg">Fail</span></td>
        <td>12:06:39 pm</td>
        <td>
          verify_AddBasicInfoTest case FAILED 
        </td>
      </tr>
      <tr class="event-row">
        <td><span class="badge log info-bg">Info</span></td>
        <td>12:06:39 pm</td>
        <td>
          no such element: Unable to locate element: {"method":"xpath","selector":"//span[normalize-space()="EMPLOYEES"]"}
  (Session info: chrome=137.0.7151.104)
For documentation on this error, please visit: https://www.selenium.dev/documentation/webdriver/troubleshooting/errors#no-such-element-exception
Build info: version: '4.29.0', revision: '5fc1ec94cb'
System info: os.name: 'Windows 11', os.arch: 'amd64', os.version: '10.0', java.version: '17.0.15'
Driver info: org.openqa.selenium.chrome.ChromeDriver
Command: [c18969e2dbf46de704e3269efb078d8d, findElement {value=//span[normalize-space()="EMPLOYEES"], using=xpath}]
Capabilities {acceptInsecureCerts: false, browserName: chrome, browserVersion: 137.0.7151.104, chrome: {chromedriverVersion: 137.0.7151.70 (dfa4dc56b2ab..., userDataDir: C:\Users\IPSL\AppData\Local...}, fedcm:accounts: true, goog:chromeOptions: {debuggerAddress: localhost:54296}, networkConnectionEnabled: false, pageLoadStrategy: normal, platformName: windows, proxy: Proxy(), se:cdp: ws://localhost:54296/devtoo..., se:cdpVersion: 137.0.7151.104, setWindowRect: true, strictFileInteractability: false, timeouts: {implicit: 0, pageLoad: 300000, script: 30000}, unhandledPromptBehavior: dismiss and notify, webauthn:extension:credBlob: true, webauthn:extension:largeBlob: true, webauthn:extension:minPinLength: true, webauthn:extension:prf: true, webauthn:virtualAuthenticators: true}
Session ID: c18969e2dbf46de704e3269efb078d8d
        </td>
      </tr>
  </tbody>
</table>
</div>
          </div>
        </li>
        <li class="test-item"  status="pass" test-id="26"
          author=""
          tag=""
          device="">
          <div class="test-detail">
            <p class="name">testCases.TC007_BusinessUnitOnboarding</p>
            <p class="text-sm">
              <span>12:06:39 pm</span> / <span>00:00:00:000</span>
              <span class="badge pass-bg log float-right">Pass</span>
            </p>
          </div>
          <div class="test-contents d-none">
<div class="detail-head">
<div class="p-v-10">
<div class="info">
<h5 class="test-status text-pass">testCases.TC007_BusinessUnitOnboarding</h5>
<span class='badge badge-success'>06.16.2025 12:06:39 pm</span>
<span class='badge badge-danger'>06.16.2025 12:06:39 pm</span>
<span class='badge badge-default'>00:00:00:000</span>
&middot; <span class='uri-anchor badge badge-default'>#test-id=26</span>
<span title='Skip to the next failed step' class='badge badge-danger pointer float-right ne ml-1'><i class="fa fa-fast-forward"></i></span>
<span title='Collapse all nodes' class='badge badge-default pointer float-right ct ml-1'><i class="fa fa-compress"></i></span>
<span title='Expand all nodes' class='badge badge-default pointer float-right et'><i class="fa fa-expand"></i></span>
</div>
</div>
</div><div class="detail-body mt-4">
<table class="table table-sm">
  <thead><tr><th class="status-col">Status</th><th class="timestamp-col">Timestamp</th><th class="details-col">Details</th></tr></thead>
  <tbody>
      <tr class="event-row">
        <td><span class="badge log pass-bg">Pass</span></td>
        <td>12:06:39 pm</td>
        <td>
          verify_clkBusinessUnitgot successfully executed
        </td>
      </tr>
  </tbody>
</table>
</div>
          </div>
        </li>
        <li class="test-item"  status="fail" test-id="27"
          author=""
          tag=""
          device="">
          <div class="test-detail">
            <p class="name">testCases.TC007_BusinessUnitOnboarding</p>
            <p class="text-sm">
              <span>12:06:49 pm</span> / <span>00:00:00:114</span>
              <span class="badge fail-bg log float-right">Fail</span>
            </p>
          </div>
          <div class="test-contents d-none">
<div class="detail-head">
<div class="p-v-10">
<div class="info">
<h5 class="test-status text-fail">testCases.TC007_BusinessUnitOnboarding</h5>
<span class='badge badge-success'>06.16.2025 12:06:49 pm</span>
<span class='badge badge-danger'>06.16.2025 12:06:49 pm</span>
<span class='badge badge-default'>00:00:00:114</span>
&middot; <span class='uri-anchor badge badge-default'>#test-id=27</span>
<span title='Skip to the next failed step' class='badge badge-danger pointer float-right ne ml-1'><i class="fa fa-fast-forward"></i></span>
<span title='Collapse all nodes' class='badge badge-default pointer float-right ct ml-1'><i class="fa fa-compress"></i></span>
<span title='Expand all nodes' class='badge badge-default pointer float-right et'><i class="fa fa-expand"></i></span>
</div>
</div>
</div>    <div class="row mb-3"><div class="col-md-3">
    

<img data-featherlight='C:\Users\IPSL\IdeaProjects\OrgZstack\screenshots\verify_clkContacts_20250616120649.png' src="C:\Users\IPSL\IdeaProjects\OrgZstack\screenshots\verify_clkContacts_20250616120649.png">
  
    

    </div></div>
<div class="detail-body mt-4">
<table class="table table-sm">
  <thead><tr><th class="status-col">Status</th><th class="timestamp-col">Timestamp</th><th class="details-col">Details</th></tr></thead>
  <tbody>
      <tr class="event-row">
        <td><span class="badge log fail-bg">Fail</span></td>
        <td>12:06:49 pm</td>
        <td>
          verify_clkContactsTest case FAILED 
        </td>
      </tr>
      <tr class="event-row">
        <td><span class="badge log info-bg">Info</span></td>
        <td>12:06:49 pm</td>
        <td>
          no such element: Unable to locate element: {"method":"xpath","selector":"//table//tr[td[3][normalize-space()='Testing Te']]//button//*[name()='svg']"}
  (Session info: chrome=137.0.7151.104)
For documentation on this error, please visit: https://www.selenium.dev/documentation/webdriver/troubleshooting/errors#no-such-element-exception
Build info: version: '4.29.0', revision: '5fc1ec94cb'
System info: os.name: 'Windows 11', os.arch: 'amd64', os.version: '10.0', java.version: '17.0.15'
Driver info: org.openqa.selenium.chrome.ChromeDriver
Command: [c18969e2dbf46de704e3269efb078d8d, findElement {value=//table//tr[td[3][normalize-space()='Testing Te']]//button//*[name()='svg'], using=xpath}]
Capabilities {acceptInsecureCerts: false, browserName: chrome, browserVersion: 137.0.7151.104, chrome: {chromedriverVersion: 137.0.7151.70 (dfa4dc56b2ab..., userDataDir: C:\Users\IPSL\AppData\Local...}, fedcm:accounts: true, goog:chromeOptions: {debuggerAddress: localhost:54296}, networkConnectionEnabled: false, pageLoadStrategy: normal, platformName: windows, proxy: Proxy(), se:cdp: ws://localhost:54296/devtoo..., se:cdpVersion: 137.0.7151.104, setWindowRect: true, strictFileInteractability: false, timeouts: {implicit: 0, pageLoad: 300000, script: 30000}, unhandledPromptBehavior: dismiss and notify, webauthn:extension:credBlob: true, webauthn:extension:largeBlob: true, webauthn:extension:minPinLength: true, webauthn:extension:prf: true, webauthn:virtualAuthenticators: true}
Session ID: c18969e2dbf46de704e3269efb078d8d
        </td>
      </tr>
  </tbody>
</table>
</div>
          </div>
        </li>
        <li class="test-item"  status="fail" test-id="28"
          author=""
          tag=""
          device="">
          <div class="test-detail">
            <p class="name">testCases.TC007_BusinessUnitOnboarding</p>
            <p class="text-sm">
              <span>12:06:59 pm</span> / <span>00:00:00:128</span>
              <span class="badge fail-bg log float-right">Fail</span>
            </p>
          </div>
          <div class="test-contents d-none">
<div class="detail-head">
<div class="p-v-10">
<div class="info">
<h5 class="test-status text-fail">testCases.TC007_BusinessUnitOnboarding</h5>
<span class='badge badge-success'>06.16.2025 12:06:59 pm</span>
<span class='badge badge-danger'>06.16.2025 12:06:59 pm</span>
<span class='badge badge-default'>00:00:00:128</span>
&middot; <span class='uri-anchor badge badge-default'>#test-id=28</span>
<span title='Skip to the next failed step' class='badge badge-danger pointer float-right ne ml-1'><i class="fa fa-fast-forward"></i></span>
<span title='Collapse all nodes' class='badge badge-default pointer float-right ct ml-1'><i class="fa fa-compress"></i></span>
<span title='Expand all nodes' class='badge badge-default pointer float-right et'><i class="fa fa-expand"></i></span>
</div>
</div>
</div>    <div class="row mb-3"><div class="col-md-3">
    

<img data-featherlight='C:\Users\IPSL\IdeaProjects\OrgZstack\screenshots\verify_Onboarding_20250616120659.png' src="C:\Users\IPSL\IdeaProjects\OrgZstack\screenshots\verify_Onboarding_20250616120659.png">
  
    

    </div></div>
<div class="detail-body mt-4">
<table class="table table-sm">
  <thead><tr><th class="status-col">Status</th><th class="timestamp-col">Timestamp</th><th class="details-col">Details</th></tr></thead>
  <tbody>
      <tr class="event-row">
        <td><span class="badge log fail-bg">Fail</span></td>
        <td>12:06:59 pm</td>
        <td>
          verify_OnboardingTest case FAILED 
        </td>
      </tr>
      <tr class="event-row">
        <td><span class="badge log info-bg">Info</span></td>
        <td>12:06:59 pm</td>
        <td>
          no such element: Unable to locate element: {"method":"xpath","selector":"//span[normalize-space()="EMPLOYEES"]"}
  (Session info: chrome=137.0.7151.104)
For documentation on this error, please visit: https://www.selenium.dev/documentation/webdriver/troubleshooting/errors#no-such-element-exception
Build info: version: '4.29.0', revision: '5fc1ec94cb'
System info: os.name: 'Windows 11', os.arch: 'amd64', os.version: '10.0', java.version: '17.0.15'
Driver info: org.openqa.selenium.chrome.ChromeDriver
Command: [c18969e2dbf46de704e3269efb078d8d, findElement {value=//span[normalize-space()="EMPLOYEES"], using=xpath}]
Capabilities {acceptInsecureCerts: false, browserName: chrome, browserVersion: 137.0.7151.104, chrome: {chromedriverVersion: 137.0.7151.70 (dfa4dc56b2ab..., userDataDir: C:\Users\IPSL\AppData\Local...}, fedcm:accounts: true, goog:chromeOptions: {debuggerAddress: localhost:54296}, networkConnectionEnabled: false, pageLoadStrategy: normal, platformName: windows, proxy: Proxy(), se:cdp: ws://localhost:54296/devtoo..., se:cdpVersion: 137.0.7151.104, setWindowRect: true, strictFileInteractability: false, timeouts: {implicit: 0, pageLoad: 300000, script: 30000}, unhandledPromptBehavior: dismiss and notify, webauthn:extension:credBlob: true, webauthn:extension:largeBlob: true, webauthn:extension:minPinLength: true, webauthn:extension:prf: true, webauthn:virtualAuthenticators: true}
Session ID: c18969e2dbf46de704e3269efb078d8d
        </td>
      </tr>
  </tbody>
</table>
</div>
          </div>
        </li>
        <li class="test-item"  status="pass" test-id="29"
          author=""
          tag=""
          device="">
          <div class="test-detail">
            <p class="name">testCases.TC008_MappingBusinessUnit</p>
            <p class="text-sm">
              <span>12:06:59 pm</span> / <span>00:00:00:000</span>
              <span class="badge pass-bg log float-right">Pass</span>
            </p>
          </div>
          <div class="test-contents d-none">
<div class="detail-head">
<div class="p-v-10">
<div class="info">
<h5 class="test-status text-pass">testCases.TC008_MappingBusinessUnit</h5>
<span class='badge badge-success'>06.16.2025 12:06:59 pm</span>
<span class='badge badge-danger'>06.16.2025 12:06:59 pm</span>
<span class='badge badge-default'>00:00:00:000</span>
&middot; <span class='uri-anchor badge badge-default'>#test-id=29</span>
<span title='Skip to the next failed step' class='badge badge-danger pointer float-right ne ml-1'><i class="fa fa-fast-forward"></i></span>
<span title='Collapse all nodes' class='badge badge-default pointer float-right ct ml-1'><i class="fa fa-compress"></i></span>
<span title='Expand all nodes' class='badge badge-default pointer float-right et'><i class="fa fa-expand"></i></span>
</div>
</div>
</div><div class="detail-body mt-4">
<table class="table table-sm">
  <thead><tr><th class="status-col">Status</th><th class="timestamp-col">Timestamp</th><th class="details-col">Details</th></tr></thead>
  <tbody>
      <tr class="event-row">
        <td><span class="badge log pass-bg">Pass</span></td>
        <td>12:06:59 pm</td>
        <td>
          verify_clkBusinessUnitgot successfully executed
        </td>
      </tr>
  </tbody>
</table>
</div>
          </div>
        </li>
        <li class="test-item"  status="fail" test-id="30"
          author=""
          tag=""
          device="">
          <div class="test-detail">
            <p class="name">testCases.TC008_MappingBusinessUnit</p>
            <p class="text-sm">
              <span>12:07:09 pm</span> / <span>00:00:00:097</span>
              <span class="badge fail-bg log float-right">Fail</span>
            </p>
          </div>
          <div class="test-contents d-none">
<div class="detail-head">
<div class="p-v-10">
<div class="info">
<h5 class="test-status text-fail">testCases.TC008_MappingBusinessUnit</h5>
<span class='badge badge-success'>06.16.2025 12:07:09 pm</span>
<span class='badge badge-danger'>06.16.2025 12:07:10 pm</span>
<span class='badge badge-default'>00:00:00:097</span>
&middot; <span class='uri-anchor badge badge-default'>#test-id=30</span>
<span title='Skip to the next failed step' class='badge badge-danger pointer float-right ne ml-1'><i class="fa fa-fast-forward"></i></span>
<span title='Collapse all nodes' class='badge badge-default pointer float-right ct ml-1'><i class="fa fa-compress"></i></span>
<span title='Expand all nodes' class='badge badge-default pointer float-right et'><i class="fa fa-expand"></i></span>
</div>
</div>
</div>    <div class="row mb-3"><div class="col-md-3">
    

<img data-featherlight='C:\Users\IPSL\IdeaProjects\OrgZstack\screenshots\verify_clkContacts_20250616120709.png' src="C:\Users\IPSL\IdeaProjects\OrgZstack\screenshots\verify_clkContacts_20250616120709.png">
  
    

    </div></div>
<div class="detail-body mt-4">
<table class="table table-sm">
  <thead><tr><th class="status-col">Status</th><th class="timestamp-col">Timestamp</th><th class="details-col">Details</th></tr></thead>
  <tbody>
      <tr class="event-row">
        <td><span class="badge log fail-bg">Fail</span></td>
        <td>12:07:09 pm</td>
        <td>
          verify_clkContactsTest case FAILED 
        </td>
      </tr>
      <tr class="event-row">
        <td><span class="badge log info-bg">Info</span></td>
        <td>12:07:09 pm</td>
        <td>
          no such element: Unable to locate element: {"method":"xpath","selector":"//table//tr[td[3][normalize-space()='Testing Te']]//button//*[name()='svg']"}
  (Session info: chrome=137.0.7151.104)
For documentation on this error, please visit: https://www.selenium.dev/documentation/webdriver/troubleshooting/errors#no-such-element-exception
Build info: version: '4.29.0', revision: '5fc1ec94cb'
System info: os.name: 'Windows 11', os.arch: 'amd64', os.version: '10.0', java.version: '17.0.15'
Driver info: org.openqa.selenium.chrome.ChromeDriver
Command: [c18969e2dbf46de704e3269efb078d8d, findElement {value=//table//tr[td[3][normalize-space()='Testing Te']]//button//*[name()='svg'], using=xpath}]
Capabilities {acceptInsecureCerts: false, browserName: chrome, browserVersion: 137.0.7151.104, chrome: {chromedriverVersion: 137.0.7151.70 (dfa4dc56b2ab..., userDataDir: C:\Users\IPSL\AppData\Local...}, fedcm:accounts: true, goog:chromeOptions: {debuggerAddress: localhost:54296}, networkConnectionEnabled: false, pageLoadStrategy: normal, platformName: windows, proxy: Proxy(), se:cdp: ws://localhost:54296/devtoo..., se:cdpVersion: 137.0.7151.104, setWindowRect: true, strictFileInteractability: false, timeouts: {implicit: 0, pageLoad: 300000, script: 30000}, unhandledPromptBehavior: dismiss and notify, webauthn:extension:credBlob: true, webauthn:extension:largeBlob: true, webauthn:extension:minPinLength: true, webauthn:extension:prf: true, webauthn:virtualAuthenticators: true}
Session ID: c18969e2dbf46de704e3269efb078d8d
        </td>
      </tr>
  </tbody>
</table>
</div>
          </div>
        </li>
        <li class="test-item"  status="fail" test-id="31"
          author=""
          tag=""
          device="">
          <div class="test-detail">
            <p class="name">testCases.TC008_MappingBusinessUnit</p>
            <p class="text-sm">
              <span>12:07:20 pm</span> / <span>00:00:00:087</span>
              <span class="badge fail-bg log float-right">Fail</span>
            </p>
          </div>
          <div class="test-contents d-none">
<div class="detail-head">
<div class="p-v-10">
<div class="info">
<h5 class="test-status text-fail">testCases.TC008_MappingBusinessUnit</h5>
<span class='badge badge-success'>06.16.2025 12:07:20 pm</span>
<span class='badge badge-danger'>06.16.2025 12:07:20 pm</span>
<span class='badge badge-default'>00:00:00:087</span>
&middot; <span class='uri-anchor badge badge-default'>#test-id=31</span>
<span title='Skip to the next failed step' class='badge badge-danger pointer float-right ne ml-1'><i class="fa fa-fast-forward"></i></span>
<span title='Collapse all nodes' class='badge badge-default pointer float-right ct ml-1'><i class="fa fa-compress"></i></span>
<span title='Expand all nodes' class='badge badge-default pointer float-right et'><i class="fa fa-expand"></i></span>
</div>
</div>
</div>    <div class="row mb-3"><div class="col-md-3">
    

<img data-featherlight='C:\Users\IPSL\IdeaProjects\OrgZstack\screenshots\verify_MappingBusinessUnit_20250616120720.png' src="C:\Users\IPSL\IdeaProjects\OrgZstack\screenshots\verify_MappingBusinessUnit_20250616120720.png">
  
    

    </div></div>
<div class="detail-body mt-4">
<table class="table table-sm">
  <thead><tr><th class="status-col">Status</th><th class="timestamp-col">Timestamp</th><th class="details-col">Details</th></tr></thead>
  <tbody>
      <tr class="event-row">
        <td><span class="badge log fail-bg">Fail</span></td>
        <td>12:07:20 pm</td>
        <td>
          verify_MappingBusinessUnitTest case FAILED 
        </td>
      </tr>
      <tr class="event-row">
        <td><span class="badge log info-bg">Info</span></td>
        <td>12:07:20 pm</td>
        <td>
          no such element: Unable to locate element: {"method":"xpath","selector":"//span[normalize-space()="EMPLOYEES"]"}
  (Session info: chrome=137.0.7151.104)
For documentation on this error, please visit: https://www.selenium.dev/documentation/webdriver/troubleshooting/errors#no-such-element-exception
Build info: version: '4.29.0', revision: '5fc1ec94cb'
System info: os.name: 'Windows 11', os.arch: 'amd64', os.version: '10.0', java.version: '17.0.15'
Driver info: org.openqa.selenium.chrome.ChromeDriver
Command: [c18969e2dbf46de704e3269efb078d8d, findElement {value=//span[normalize-space()="EMPLOYEES"], using=xpath}]
Capabilities {acceptInsecureCerts: false, browserName: chrome, browserVersion: 137.0.7151.104, chrome: {chromedriverVersion: 137.0.7151.70 (dfa4dc56b2ab..., userDataDir: C:\Users\IPSL\AppData\Local...}, fedcm:accounts: true, goog:chromeOptions: {debuggerAddress: localhost:54296}, networkConnectionEnabled: false, pageLoadStrategy: normal, platformName: windows, proxy: Proxy(), se:cdp: ws://localhost:54296/devtoo..., se:cdpVersion: 137.0.7151.104, setWindowRect: true, strictFileInteractability: false, timeouts: {implicit: 0, pageLoad: 300000, script: 30000}, unhandledPromptBehavior: dismiss and notify, webauthn:extension:credBlob: true, webauthn:extension:largeBlob: true, webauthn:extension:minPinLength: true, webauthn:extension:prf: true, webauthn:virtualAuthenticators: true}
Session ID: c18969e2dbf46de704e3269efb078d8d
        </td>
      </tr>
  </tbody>
</table>
</div>
          </div>
        </li>
        <li class="test-item"  status="pass" test-id="32"
          author=""
          tag=""
          device="">
          <div class="test-detail">
            <p class="name">testCases.TC009_BusinessUnitEmploymentDetails</p>
            <p class="text-sm">
              <span>12:07:20 pm</span> / <span>00:00:00:000</span>
              <span class="badge pass-bg log float-right">Pass</span>
            </p>
          </div>
          <div class="test-contents d-none">
<div class="detail-head">
<div class="p-v-10">
<div class="info">
<h5 class="test-status text-pass">testCases.TC009_BusinessUnitEmploymentDetails</h5>
<span class='badge badge-success'>06.16.2025 12:07:20 pm</span>
<span class='badge badge-danger'>06.16.2025 12:07:20 pm</span>
<span class='badge badge-default'>00:00:00:000</span>
&middot; <span class='uri-anchor badge badge-default'>#test-id=32</span>
<span title='Skip to the next failed step' class='badge badge-danger pointer float-right ne ml-1'><i class="fa fa-fast-forward"></i></span>
<span title='Collapse all nodes' class='badge badge-default pointer float-right ct ml-1'><i class="fa fa-compress"></i></span>
<span title='Expand all nodes' class='badge badge-default pointer float-right et'><i class="fa fa-expand"></i></span>
</div>
</div>
</div><div class="detail-body mt-4">
<table class="table table-sm">
  <thead><tr><th class="status-col">Status</th><th class="timestamp-col">Timestamp</th><th class="details-col">Details</th></tr></thead>
  <tbody>
      <tr class="event-row">
        <td><span class="badge log pass-bg">Pass</span></td>
        <td>12:07:20 pm</td>
        <td>
          verify_clkBusinessUnitgot successfully executed
        </td>
      </tr>
  </tbody>
</table>
</div>
          </div>
        </li>
        <li class="test-item"  status="fail" test-id="33"
          author=""
          tag=""
          device="">
          <div class="test-detail">
            <p class="name">testCases.TC009_BusinessUnitEmploymentDetails</p>
            <p class="text-sm">
              <span>12:07:30 pm</span> / <span>00:00:00:111</span>
              <span class="badge fail-bg log float-right">Fail</span>
            </p>
          </div>
          <div class="test-contents d-none">
<div class="detail-head">
<div class="p-v-10">
<div class="info">
<h5 class="test-status text-fail">testCases.TC009_BusinessUnitEmploymentDetails</h5>
<span class='badge badge-success'>06.16.2025 12:07:30 pm</span>
<span class='badge badge-danger'>06.16.2025 12:07:30 pm</span>
<span class='badge badge-default'>00:00:00:111</span>
&middot; <span class='uri-anchor badge badge-default'>#test-id=33</span>
<span title='Skip to the next failed step' class='badge badge-danger pointer float-right ne ml-1'><i class="fa fa-fast-forward"></i></span>
<span title='Collapse all nodes' class='badge badge-default pointer float-right ct ml-1'><i class="fa fa-compress"></i></span>
<span title='Expand all nodes' class='badge badge-default pointer float-right et'><i class="fa fa-expand"></i></span>
</div>
</div>
</div>    <div class="row mb-3"><div class="col-md-3">
    

<img data-featherlight='C:\Users\IPSL\IdeaProjects\OrgZstack\screenshots\verify_clkContacts_20250616120730.png' src="C:\Users\IPSL\IdeaProjects\OrgZstack\screenshots\verify_clkContacts_20250616120730.png">
  
    

    </div></div>
<div class="detail-body mt-4">
<table class="table table-sm">
  <thead><tr><th class="status-col">Status</th><th class="timestamp-col">Timestamp</th><th class="details-col">Details</th></tr></thead>
  <tbody>
      <tr class="event-row">
        <td><span class="badge log fail-bg">Fail</span></td>
        <td>12:07:30 pm</td>
        <td>
          verify_clkContactsTest case FAILED 
        </td>
      </tr>
      <tr class="event-row">
        <td><span class="badge log info-bg">Info</span></td>
        <td>12:07:30 pm</td>
        <td>
          no such element: Unable to locate element: {"method":"xpath","selector":"//table//tr[td[3][normalize-space()='Testing Te']]//button//*[name()='svg']"}
  (Session info: chrome=137.0.7151.104)
For documentation on this error, please visit: https://www.selenium.dev/documentation/webdriver/troubleshooting/errors#no-such-element-exception
Build info: version: '4.29.0', revision: '5fc1ec94cb'
System info: os.name: 'Windows 11', os.arch: 'amd64', os.version: '10.0', java.version: '17.0.15'
Driver info: org.openqa.selenium.chrome.ChromeDriver
Command: [c18969e2dbf46de704e3269efb078d8d, findElement {value=//table//tr[td[3][normalize-space()='Testing Te']]//button//*[name()='svg'], using=xpath}]
Capabilities {acceptInsecureCerts: false, browserName: chrome, browserVersion: 137.0.7151.104, chrome: {chromedriverVersion: 137.0.7151.70 (dfa4dc56b2ab..., userDataDir: C:\Users\IPSL\AppData\Local...}, fedcm:accounts: true, goog:chromeOptions: {debuggerAddress: localhost:54296}, networkConnectionEnabled: false, pageLoadStrategy: normal, platformName: windows, proxy: Proxy(), se:cdp: ws://localhost:54296/devtoo..., se:cdpVersion: 137.0.7151.104, setWindowRect: true, strictFileInteractability: false, timeouts: {implicit: 0, pageLoad: 300000, script: 30000}, unhandledPromptBehavior: dismiss and notify, webauthn:extension:credBlob: true, webauthn:extension:largeBlob: true, webauthn:extension:minPinLength: true, webauthn:extension:prf: true, webauthn:virtualAuthenticators: true}
Session ID: c18969e2dbf46de704e3269efb078d8d
        </td>
      </tr>
  </tbody>
</table>
</div>
          </div>
        </li>
        <li class="test-item"  status="fail" test-id="34"
          author=""
          tag=""
          device="">
          <div class="test-detail">
            <p class="name">testCases.TC009_BusinessUnitEmploymentDetails</p>
            <p class="text-sm">
              <span>12:07:40 pm</span> / <span>00:00:00:083</span>
              <span class="badge fail-bg log float-right">Fail</span>
            </p>
          </div>
          <div class="test-contents d-none">
<div class="detail-head">
<div class="p-v-10">
<div class="info">
<h5 class="test-status text-fail">testCases.TC009_BusinessUnitEmploymentDetails</h5>
<span class='badge badge-success'>06.16.2025 12:07:40 pm</span>
<span class='badge badge-danger'>06.16.2025 12:07:40 pm</span>
<span class='badge badge-default'>00:00:00:083</span>
&middot; <span class='uri-anchor badge badge-default'>#test-id=34</span>
<span title='Skip to the next failed step' class='badge badge-danger pointer float-right ne ml-1'><i class="fa fa-fast-forward"></i></span>
<span title='Collapse all nodes' class='badge badge-default pointer float-right ct ml-1'><i class="fa fa-compress"></i></span>
<span title='Expand all nodes' class='badge badge-default pointer float-right et'><i class="fa fa-expand"></i></span>
</div>
</div>
</div>    <div class="row mb-3"><div class="col-md-3">
    

<img data-featherlight='C:\Users\IPSL\IdeaProjects\OrgZstack\screenshots\verify_EmploymentDetails_20250616120740.png' src="C:\Users\IPSL\IdeaProjects\OrgZstack\screenshots\verify_EmploymentDetails_20250616120740.png">
  
    

    </div></div>
<div class="detail-body mt-4">
<table class="table table-sm">
  <thead><tr><th class="status-col">Status</th><th class="timestamp-col">Timestamp</th><th class="details-col">Details</th></tr></thead>
  <tbody>
      <tr class="event-row">
        <td><span class="badge log fail-bg">Fail</span></td>
        <td>12:07:40 pm</td>
        <td>
          verify_EmploymentDetailsTest case FAILED 
        </td>
      </tr>
      <tr class="event-row">
        <td><span class="badge log info-bg">Info</span></td>
        <td>12:07:40 pm</td>
        <td>
          no such element: Unable to locate element: {"method":"xpath","selector":"//span[normalize-space()="EMPLOYEES"]"}
  (Session info: chrome=137.0.7151.104)
For documentation on this error, please visit: https://www.selenium.dev/documentation/webdriver/troubleshooting/errors#no-such-element-exception
Build info: version: '4.29.0', revision: '5fc1ec94cb'
System info: os.name: 'Windows 11', os.arch: 'amd64', os.version: '10.0', java.version: '17.0.15'
Driver info: org.openqa.selenium.chrome.ChromeDriver
Command: [c18969e2dbf46de704e3269efb078d8d, findElement {value=//span[normalize-space()="EMPLOYEES"], using=xpath}]
Capabilities {acceptInsecureCerts: false, browserName: chrome, browserVersion: 137.0.7151.104, chrome: {chromedriverVersion: 137.0.7151.70 (dfa4dc56b2ab..., userDataDir: C:\Users\IPSL\AppData\Local...}, fedcm:accounts: true, goog:chromeOptions: {debuggerAddress: localhost:54296}, networkConnectionEnabled: false, pageLoadStrategy: normal, platformName: windows, proxy: Proxy(), se:cdp: ws://localhost:54296/devtoo..., se:cdpVersion: 137.0.7151.104, setWindowRect: true, strictFileInteractability: false, timeouts: {implicit: 0, pageLoad: 300000, script: 30000}, unhandledPromptBehavior: dismiss and notify, webauthn:extension:credBlob: true, webauthn:extension:largeBlob: true, webauthn:extension:minPinLength: true, webauthn:extension:prf: true, webauthn:virtualAuthenticators: true}
Session ID: c18969e2dbf46de704e3269efb078d8d
        </td>
      </tr>
  </tbody>
</table>
</div>
          </div>
        </li>
        <li class="test-item"  status="pass" test-id="35"
          author=""
          tag=""
          device="">
          <div class="test-detail">
            <p class="name">testCases.TC0010_BusinessUnitSalaryStructure</p>
            <p class="text-sm">
              <span>12:07:40 pm</span> / <span>00:00:00:000</span>
              <span class="badge pass-bg log float-right">Pass</span>
            </p>
          </div>
          <div class="test-contents d-none">
<div class="detail-head">
<div class="p-v-10">
<div class="info">
<h5 class="test-status text-pass">testCases.TC0010_BusinessUnitSalaryStructure</h5>
<span class='badge badge-success'>06.16.2025 12:07:40 pm</span>
<span class='badge badge-danger'>06.16.2025 12:07:40 pm</span>
<span class='badge badge-default'>00:00:00:000</span>
&middot; <span class='uri-anchor badge badge-default'>#test-id=35</span>
<span title='Skip to the next failed step' class='badge badge-danger pointer float-right ne ml-1'><i class="fa fa-fast-forward"></i></span>
<span title='Collapse all nodes' class='badge badge-default pointer float-right ct ml-1'><i class="fa fa-compress"></i></span>
<span title='Expand all nodes' class='badge badge-default pointer float-right et'><i class="fa fa-expand"></i></span>
</div>
</div>
</div><div class="detail-body mt-4">
<table class="table table-sm">
  <thead><tr><th class="status-col">Status</th><th class="timestamp-col">Timestamp</th><th class="details-col">Details</th></tr></thead>
  <tbody>
      <tr class="event-row">
        <td><span class="badge log pass-bg">Pass</span></td>
        <td>12:07:40 pm</td>
        <td>
          verify_clkBusinessUnitgot successfully executed
        </td>
      </tr>
  </tbody>
</table>
</div>
          </div>
        </li>
        <li class="test-item"  status="fail" test-id="36"
          author=""
          tag=""
          device="">
          <div class="test-detail">
            <p class="name">testCases.TC0010_BusinessUnitSalaryStructure</p>
            <p class="text-sm">
              <span>12:07:50 pm</span> / <span>00:00:00:087</span>
              <span class="badge fail-bg log float-right">Fail</span>
            </p>
          </div>
          <div class="test-contents d-none">
<div class="detail-head">
<div class="p-v-10">
<div class="info">
<h5 class="test-status text-fail">testCases.TC0010_BusinessUnitSalaryStructure</h5>
<span class='badge badge-success'>06.16.2025 12:07:50 pm</span>
<span class='badge badge-danger'>06.16.2025 12:07:50 pm</span>
<span class='badge badge-default'>00:00:00:087</span>
&middot; <span class='uri-anchor badge badge-default'>#test-id=36</span>
<span title='Skip to the next failed step' class='badge badge-danger pointer float-right ne ml-1'><i class="fa fa-fast-forward"></i></span>
<span title='Collapse all nodes' class='badge badge-default pointer float-right ct ml-1'><i class="fa fa-compress"></i></span>
<span title='Expand all nodes' class='badge badge-default pointer float-right et'><i class="fa fa-expand"></i></span>
</div>
</div>
</div>    <div class="row mb-3"><div class="col-md-3">
    

<img data-featherlight='C:\Users\IPSL\IdeaProjects\OrgZstack\screenshots\verify_clkContacts_20250616120750.png' src="C:\Users\IPSL\IdeaProjects\OrgZstack\screenshots\verify_clkContacts_20250616120750.png">
  
    

    </div></div>
<div class="detail-body mt-4">
<table class="table table-sm">
  <thead><tr><th class="status-col">Status</th><th class="timestamp-col">Timestamp</th><th class="details-col">Details</th></tr></thead>
  <tbody>
      <tr class="event-row">
        <td><span class="badge log fail-bg">Fail</span></td>
        <td>12:07:50 pm</td>
        <td>
          verify_clkContactsTest case FAILED 
        </td>
      </tr>
      <tr class="event-row">
        <td><span class="badge log info-bg">Info</span></td>
        <td>12:07:50 pm</td>
        <td>
          no such element: Unable to locate element: {"method":"xpath","selector":"//table//tr[td[3][normalize-space()='Testing Te']]//button//*[name()='svg']"}
  (Session info: chrome=137.0.7151.104)
For documentation on this error, please visit: https://www.selenium.dev/documentation/webdriver/troubleshooting/errors#no-such-element-exception
Build info: version: '4.29.0', revision: '5fc1ec94cb'
System info: os.name: 'Windows 11', os.arch: 'amd64', os.version: '10.0', java.version: '17.0.15'
Driver info: org.openqa.selenium.chrome.ChromeDriver
Command: [c18969e2dbf46de704e3269efb078d8d, findElement {value=//table//tr[td[3][normalize-space()='Testing Te']]//button//*[name()='svg'], using=xpath}]
Capabilities {acceptInsecureCerts: false, browserName: chrome, browserVersion: 137.0.7151.104, chrome: {chromedriverVersion: 137.0.7151.70 (dfa4dc56b2ab..., userDataDir: C:\Users\IPSL\AppData\Local...}, fedcm:accounts: true, goog:chromeOptions: {debuggerAddress: localhost:54296}, networkConnectionEnabled: false, pageLoadStrategy: normal, platformName: windows, proxy: Proxy(), se:cdp: ws://localhost:54296/devtoo..., se:cdpVersion: 137.0.7151.104, setWindowRect: true, strictFileInteractability: false, timeouts: {implicit: 0, pageLoad: 300000, script: 30000}, unhandledPromptBehavior: dismiss and notify, webauthn:extension:credBlob: true, webauthn:extension:largeBlob: true, webauthn:extension:minPinLength: true, webauthn:extension:prf: true, webauthn:virtualAuthenticators: true}
Session ID: c18969e2dbf46de704e3269efb078d8d
        </td>
      </tr>
  </tbody>
</table>
</div>
          </div>
        </li>
        <li class="test-item"  status="fail" test-id="37"
          author=""
          tag=""
          device="">
          <div class="test-detail">
            <p class="name">testCases.TC0010_BusinessUnitSalaryStructure</p>
            <p class="text-sm">
              <span>12:08:00 pm</span> / <span>00:00:00:091</span>
              <span class="badge fail-bg log float-right">Fail</span>
            </p>
          </div>
          <div class="test-contents d-none">
<div class="detail-head">
<div class="p-v-10">
<div class="info">
<h5 class="test-status text-fail">testCases.TC0010_BusinessUnitSalaryStructure</h5>
<span class='badge badge-success'>06.16.2025 12:08:00 pm</span>
<span class='badge badge-danger'>06.16.2025 12:08:00 pm</span>
<span class='badge badge-default'>00:00:00:091</span>
&middot; <span class='uri-anchor badge badge-default'>#test-id=37</span>
<span title='Skip to the next failed step' class='badge badge-danger pointer float-right ne ml-1'><i class="fa fa-fast-forward"></i></span>
<span title='Collapse all nodes' class='badge badge-default pointer float-right ct ml-1'><i class="fa fa-compress"></i></span>
<span title='Expand all nodes' class='badge badge-default pointer float-right et'><i class="fa fa-expand"></i></span>
</div>
</div>
</div>    <div class="row mb-3"><div class="col-md-3">
    

<img data-featherlight='C:\Users\IPSL\IdeaProjects\OrgZstack\screenshots\verify_SalaryStructure_20250616120800.png' src="C:\Users\IPSL\IdeaProjects\OrgZstack\screenshots\verify_SalaryStructure_20250616120800.png">
  
    

    </div></div>
<div class="detail-body mt-4">
<table class="table table-sm">
  <thead><tr><th class="status-col">Status</th><th class="timestamp-col">Timestamp</th><th class="details-col">Details</th></tr></thead>
  <tbody>
      <tr class="event-row">
        <td><span class="badge log fail-bg">Fail</span></td>
        <td>12:08:00 pm</td>
        <td>
          verify_SalaryStructureTest case FAILED 
        </td>
      </tr>
      <tr class="event-row">
        <td><span class="badge log info-bg">Info</span></td>
        <td>12:08:00 pm</td>
        <td>
          no such element: Unable to locate element: {"method":"xpath","selector":"//span[normalize-space()="EMPLOYEES"]"}
  (Session info: chrome=137.0.7151.104)
For documentation on this error, please visit: https://www.selenium.dev/documentation/webdriver/troubleshooting/errors#no-such-element-exception
Build info: version: '4.29.0', revision: '5fc1ec94cb'
System info: os.name: 'Windows 11', os.arch: 'amd64', os.version: '10.0', java.version: '17.0.15'
Driver info: org.openqa.selenium.chrome.ChromeDriver
Command: [c18969e2dbf46de704e3269efb078d8d, findElement {value=//span[normalize-space()="EMPLOYEES"], using=xpath}]
Capabilities {acceptInsecureCerts: false, browserName: chrome, browserVersion: 137.0.7151.104, chrome: {chromedriverVersion: 137.0.7151.70 (dfa4dc56b2ab..., userDataDir: C:\Users\IPSL\AppData\Local...}, fedcm:accounts: true, goog:chromeOptions: {debuggerAddress: localhost:54296}, networkConnectionEnabled: false, pageLoadStrategy: normal, platformName: windows, proxy: Proxy(), se:cdp: ws://localhost:54296/devtoo..., se:cdpVersion: 137.0.7151.104, setWindowRect: true, strictFileInteractability: false, timeouts: {implicit: 0, pageLoad: 300000, script: 30000}, unhandledPromptBehavior: dismiss and notify, webauthn:extension:credBlob: true, webauthn:extension:largeBlob: true, webauthn:extension:minPinLength: true, webauthn:extension:prf: true, webauthn:virtualAuthenticators: true}
Session ID: c18969e2dbf46de704e3269efb078d8d
        </td>
      </tr>
  </tbody>
</table>
</div>
          </div>
        </li>
        <li class="test-item"  status="pass" test-id="38"
          author=""
          tag=""
          device="">
          <div class="test-detail">
            <p class="name">testCases.TC0011_BusinessUnitRevisedSalaryStructure</p>
            <p class="text-sm">
              <span>12:08:00 pm</span> / <span>00:00:00:000</span>
              <span class="badge pass-bg log float-right">Pass</span>
            </p>
          </div>
          <div class="test-contents d-none">
<div class="detail-head">
<div class="p-v-10">
<div class="info">
<h5 class="test-status text-pass">testCases.TC0011_BusinessUnitRevisedSalaryStructure</h5>
<span class='badge badge-success'>06.16.2025 12:08:00 pm</span>
<span class='badge badge-danger'>06.16.2025 12:08:00 pm</span>
<span class='badge badge-default'>00:00:00:000</span>
&middot; <span class='uri-anchor badge badge-default'>#test-id=38</span>
<span title='Skip to the next failed step' class='badge badge-danger pointer float-right ne ml-1'><i class="fa fa-fast-forward"></i></span>
<span title='Collapse all nodes' class='badge badge-default pointer float-right ct ml-1'><i class="fa fa-compress"></i></span>
<span title='Expand all nodes' class='badge badge-default pointer float-right et'><i class="fa fa-expand"></i></span>
</div>
</div>
</div><div class="detail-body mt-4">
<table class="table table-sm">
  <thead><tr><th class="status-col">Status</th><th class="timestamp-col">Timestamp</th><th class="details-col">Details</th></tr></thead>
  <tbody>
      <tr class="event-row">
        <td><span class="badge log pass-bg">Pass</span></td>
        <td>12:08:00 pm</td>
        <td>
          verify_clkBusinessUnitgot successfully executed
        </td>
      </tr>
  </tbody>
</table>
</div>
          </div>
        </li>
        <li class="test-item"  status="fail" test-id="39"
          author=""
          tag=""
          device="">
          <div class="test-detail">
            <p class="name">testCases.TC0011_BusinessUnitRevisedSalaryStructure</p>
            <p class="text-sm">
              <span>12:08:10 pm</span> / <span>00:00:00:107</span>
              <span class="badge fail-bg log float-right">Fail</span>
            </p>
          </div>
          <div class="test-contents d-none">
<div class="detail-head">
<div class="p-v-10">
<div class="info">
<h5 class="test-status text-fail">testCases.TC0011_BusinessUnitRevisedSalaryStructure</h5>
<span class='badge badge-success'>06.16.2025 12:08:10 pm</span>
<span class='badge badge-danger'>06.16.2025 12:08:11 pm</span>
<span class='badge badge-default'>00:00:00:107</span>
&middot; <span class='uri-anchor badge badge-default'>#test-id=39</span>
<span title='Skip to the next failed step' class='badge badge-danger pointer float-right ne ml-1'><i class="fa fa-fast-forward"></i></span>
<span title='Collapse all nodes' class='badge badge-default pointer float-right ct ml-1'><i class="fa fa-compress"></i></span>
<span title='Expand all nodes' class='badge badge-default pointer float-right et'><i class="fa fa-expand"></i></span>
</div>
</div>
</div>    <div class="row mb-3"><div class="col-md-3">
    

<img data-featherlight='C:\Users\IPSL\IdeaProjects\OrgZstack\screenshots\verify_clkContacts_20250616120810.png' src="C:\Users\IPSL\IdeaProjects\OrgZstack\screenshots\verify_clkContacts_20250616120810.png">
  
    

    </div></div>
<div class="detail-body mt-4">
<table class="table table-sm">
  <thead><tr><th class="status-col">Status</th><th class="timestamp-col">Timestamp</th><th class="details-col">Details</th></tr></thead>
  <tbody>
      <tr class="event-row">
        <td><span class="badge log fail-bg">Fail</span></td>
        <td>12:08:10 pm</td>
        <td>
          verify_clkContactsTest case FAILED 
        </td>
      </tr>
      <tr class="event-row">
        <td><span class="badge log info-bg">Info</span></td>
        <td>12:08:10 pm</td>
        <td>
          no such element: Unable to locate element: {"method":"xpath","selector":"//table//tr[td[3][normalize-space()='Testing Te']]//button//*[name()='svg']"}
  (Session info: chrome=137.0.7151.104)
For documentation on this error, please visit: https://www.selenium.dev/documentation/webdriver/troubleshooting/errors#no-such-element-exception
Build info: version: '4.29.0', revision: '5fc1ec94cb'
System info: os.name: 'Windows 11', os.arch: 'amd64', os.version: '10.0', java.version: '17.0.15'
Driver info: org.openqa.selenium.chrome.ChromeDriver
Command: [c18969e2dbf46de704e3269efb078d8d, findElement {value=//table//tr[td[3][normalize-space()='Testing Te']]//button//*[name()='svg'], using=xpath}]
Capabilities {acceptInsecureCerts: false, browserName: chrome, browserVersion: 137.0.7151.104, chrome: {chromedriverVersion: 137.0.7151.70 (dfa4dc56b2ab..., userDataDir: C:\Users\IPSL\AppData\Local...}, fedcm:accounts: true, goog:chromeOptions: {debuggerAddress: localhost:54296}, networkConnectionEnabled: false, pageLoadStrategy: normal, platformName: windows, proxy: Proxy(), se:cdp: ws://localhost:54296/devtoo..., se:cdpVersion: 137.0.7151.104, setWindowRect: true, strictFileInteractability: false, timeouts: {implicit: 0, pageLoad: 300000, script: 30000}, unhandledPromptBehavior: dismiss and notify, webauthn:extension:credBlob: true, webauthn:extension:largeBlob: true, webauthn:extension:minPinLength: true, webauthn:extension:prf: true, webauthn:virtualAuthenticators: true}
Session ID: c18969e2dbf46de704e3269efb078d8d
        </td>
      </tr>
  </tbody>
</table>
</div>
          </div>
        </li>
        <li class="test-item"  status="fail" test-id="40"
          author=""
          tag=""
          device="">
          <div class="test-detail">
            <p class="name">testCases.TC0011_BusinessUnitRevisedSalaryStructure</p>
            <p class="text-sm">
              <span>12:08:21 pm</span> / <span>00:00:00:112</span>
              <span class="badge fail-bg log float-right">Fail</span>
            </p>
          </div>
          <div class="test-contents d-none">
<div class="detail-head">
<div class="p-v-10">
<div class="info">
<h5 class="test-status text-fail">testCases.TC0011_BusinessUnitRevisedSalaryStructure</h5>
<span class='badge badge-success'>06.16.2025 12:08:21 pm</span>
<span class='badge badge-danger'>06.16.2025 12:08:21 pm</span>
<span class='badge badge-default'>00:00:00:112</span>
&middot; <span class='uri-anchor badge badge-default'>#test-id=40</span>
<span title='Skip to the next failed step' class='badge badge-danger pointer float-right ne ml-1'><i class="fa fa-fast-forward"></i></span>
<span title='Collapse all nodes' class='badge badge-default pointer float-right ct ml-1'><i class="fa fa-compress"></i></span>
<span title='Expand all nodes' class='badge badge-default pointer float-right et'><i class="fa fa-expand"></i></span>
</div>
</div>
</div>    <div class="row mb-3"><div class="col-md-3">
    

<img data-featherlight='C:\Users\IPSL\IdeaProjects\OrgZstack\screenshots\verify_RevisedSalaryStructure_20250616120821.png' src="C:\Users\IPSL\IdeaProjects\OrgZstack\screenshots\verify_RevisedSalaryStructure_20250616120821.png">
  
    

    </div></div>
<div class="detail-body mt-4">
<table class="table table-sm">
  <thead><tr><th class="status-col">Status</th><th class="timestamp-col">Timestamp</th><th class="details-col">Details</th></tr></thead>
  <tbody>
      <tr class="event-row">
        <td><span class="badge log fail-bg">Fail</span></td>
        <td>12:08:21 pm</td>
        <td>
          verify_RevisedSalaryStructureTest case FAILED 
        </td>
      </tr>
      <tr class="event-row">
        <td><span class="badge log info-bg">Info</span></td>
        <td>12:08:21 pm</td>
        <td>
          no such element: Unable to locate element: {"method":"xpath","selector":"//span[normalize-space()="EMPLOYEES"]"}
  (Session info: chrome=137.0.7151.104)
For documentation on this error, please visit: https://www.selenium.dev/documentation/webdriver/troubleshooting/errors#no-such-element-exception
Build info: version: '4.29.0', revision: '5fc1ec94cb'
System info: os.name: 'Windows 11', os.arch: 'amd64', os.version: '10.0', java.version: '17.0.15'
Driver info: org.openqa.selenium.chrome.ChromeDriver
Command: [c18969e2dbf46de704e3269efb078d8d, findElement {value=//span[normalize-space()="EMPLOYEES"], using=xpath}]
Capabilities {acceptInsecureCerts: false, browserName: chrome, browserVersion: 137.0.7151.104, chrome: {chromedriverVersion: 137.0.7151.70 (dfa4dc56b2ab..., userDataDir: C:\Users\IPSL\AppData\Local...}, fedcm:accounts: true, goog:chromeOptions: {debuggerAddress: localhost:54296}, networkConnectionEnabled: false, pageLoadStrategy: normal, platformName: windows, proxy: Proxy(), se:cdp: ws://localhost:54296/devtoo..., se:cdpVersion: 137.0.7151.104, setWindowRect: true, strictFileInteractability: false, timeouts: {implicit: 0, pageLoad: 300000, script: 30000}, unhandledPromptBehavior: dismiss and notify, webauthn:extension:credBlob: true, webauthn:extension:largeBlob: true, webauthn:extension:minPinLength: true, webauthn:extension:prf: true, webauthn:virtualAuthenticators: true}
Session ID: c18969e2dbf46de704e3269efb078d8d
        </td>
      </tr>
  </tbody>
</table>
</div>
          </div>
        </li>
        <li class="test-item"  status="pass" test-id="41"
          author=""
          tag="Organisation Master"
          device="">
          <div class="test-detail">
            <p class="name">testCases.TC0012_OrgInfo</p>
            <p class="text-sm">
              <span>12:08:21 pm</span> / <span>00:00:00:000</span>
              <span class="badge pass-bg log float-right">Pass</span>
            </p>
          </div>
          <div class="test-contents d-none">
<div class="detail-head">
<div class="p-v-10">
<div class="info">
<h5 class="test-status text-pass">testCases.TC0012_OrgInfo</h5>
<span class='badge badge-success'>06.16.2025 12:08:21 pm</span>
<span class='badge badge-danger'>06.16.2025 12:08:21 pm</span>
<span class='badge badge-default'>00:00:00:000</span>
&middot; <span class='uri-anchor badge badge-default'>#test-id=41</span>
<span title='Skip to the next failed step' class='badge badge-danger pointer float-right ne ml-1'><i class="fa fa-fast-forward"></i></span>
<span title='Collapse all nodes' class='badge badge-default pointer float-right ct ml-1'><i class="fa fa-compress"></i></span>
<span title='Expand all nodes' class='badge badge-default pointer float-right et'><i class="fa fa-expand"></i></span>
</div>
<div class="m-t-15"><span class="badge badge-pill badge-default">Organisation</span>
<span class="badge badge-pill badge-default">Master</span></div>
</div>
</div><div class="detail-body mt-4">
<table class="table table-sm">
  <thead><tr><th class="status-col">Status</th><th class="timestamp-col">Timestamp</th><th class="details-col">Details</th></tr></thead>
  <tbody>
      <tr class="event-row">
        <td><span class="badge log pass-bg">Pass</span></td>
        <td>12:08:21 pm</td>
        <td>
          verify_RequisitionPagegot successfully executed
        </td>
      </tr>
  </tbody>
</table>
</div>
          </div>
        </li>
        <li class="test-item"  status="fail" test-id="42"
          author=""
          tag=""
          device="">
          <div class="test-detail">
            <p class="name">testCases.TC0012_OrgInfo</p>
            <p class="text-sm">
              <span>12:08:35 pm</span> / <span>00:00:00:152</span>
              <span class="badge fail-bg log float-right">Fail</span>
            </p>
          </div>
          <div class="test-contents d-none">
<div class="detail-head">
<div class="p-v-10">
<div class="info">
<h5 class="test-status text-fail">testCases.TC0012_OrgInfo</h5>
<span class='badge badge-success'>06.16.2025 12:08:35 pm</span>
<span class='badge badge-danger'>06.16.2025 12:08:35 pm</span>
<span class='badge badge-default'>00:00:00:152</span>
&middot; <span class='uri-anchor badge badge-default'>#test-id=42</span>
<span title='Skip to the next failed step' class='badge badge-danger pointer float-right ne ml-1'><i class="fa fa-fast-forward"></i></span>
<span title='Collapse all nodes' class='badge badge-default pointer float-right ct ml-1'><i class="fa fa-compress"></i></span>
<span title='Expand all nodes' class='badge badge-default pointer float-right et'><i class="fa fa-expand"></i></span>
</div>
</div>
</div>    <div class="row mb-3"><div class="col-md-3">
    

<img data-featherlight='C:\Users\IPSL\IdeaProjects\OrgZstack\screenshots\verify_OrgInfo_20250616120835.png' src="C:\Users\IPSL\IdeaProjects\OrgZstack\screenshots\verify_OrgInfo_20250616120835.png">
  
    

    </div></div>
<div class="detail-body mt-4">
<table class="table table-sm">
  <thead><tr><th class="status-col">Status</th><th class="timestamp-col">Timestamp</th><th class="details-col">Details</th></tr></thead>
  <tbody>
      <tr class="event-row">
        <td><span class="badge log fail-bg">Fail</span></td>
        <td>12:08:35 pm</td>
        <td>
          verify_OrgInfoTest case FAILED 
        </td>
      </tr>
      <tr class="event-row">
        <td><span class="badge log info-bg">Info</span></td>
        <td>12:08:35 pm</td>
        <td>
          element not interactable
  (Session info: chrome=137.0.7151.104)
Build info: version: '4.29.0', revision: '5fc1ec94cb'
System info: os.name: 'Windows 11', os.arch: 'amd64', os.version: '10.0', java.version: '17.0.15'
Driver info: org.openqa.selenium.chrome.ChromeDriver
Command: [c18969e2dbf46de704e3269efb078d8d, sendKeysToElement {value=[Ljava.lang.CharSequence;@7493d937, id=f.820848758169960798FBBC3481ECFB69.d.8A73D38606EDFD0CA3084A1C4FEB338F.e.216}]
Capabilities {acceptInsecureCerts: false, browserName: chrome, browserVersion: 137.0.7151.104, chrome: {chromedriverVersion: 137.0.7151.70 (dfa4dc56b2ab..., userDataDir: C:\Users\IPSL\AppData\Local...}, fedcm:accounts: true, goog:chromeOptions: {debuggerAddress: localhost:54296}, networkConnectionEnabled: false, pageLoadStrategy: normal, platformName: windows, proxy: Proxy(), se:cdp: ws://localhost:54296/devtoo..., se:cdpVersion: 137.0.7151.104, setWindowRect: true, strictFileInteractability: false, timeouts: {implicit: 0, pageLoad: 300000, script: 30000}, unhandledPromptBehavior: dismiss and notify, webauthn:extension:credBlob: true, webauthn:extension:largeBlob: true, webauthn:extension:minPinLength: true, webauthn:extension:prf: true, webauthn:virtualAuthenticators: true}
Element: [[ChromeDriver: chrome on windows (c18969e2dbf46de704e3269efb078d8d)] -> xpath: //input[@name='gstin']]
Session ID: c18969e2dbf46de704e3269efb078d8d
        </td>
      </tr>
  </tbody>
</table>
</div>
          </div>
        </li>
        <li class="test-item"  status="fail" test-id="43"
          author=""
          tag=""
          device="">
          <div class="test-detail">
            <p class="name">testCases.TC0013_OtganisationSetupZone</p>
            <p class="text-sm">
              <span>12:08:36 pm</span> / <span>00:00:00:108</span>
              <span class="badge fail-bg log float-right">Fail</span>
            </p>
          </div>
          <div class="test-contents d-none">
<div class="detail-head">
<div class="p-v-10">
<div class="info">
<h5 class="test-status text-fail">testCases.TC0013_OtganisationSetupZone</h5>
<span class='badge badge-success'>06.16.2025 12:08:36 pm</span>
<span class='badge badge-danger'>06.16.2025 12:08:37 pm</span>
<span class='badge badge-default'>00:00:00:108</span>
&middot; <span class='uri-anchor badge badge-default'>#test-id=43</span>
<span title='Skip to the next failed step' class='badge badge-danger pointer float-right ne ml-1'><i class="fa fa-fast-forward"></i></span>
<span title='Collapse all nodes' class='badge badge-default pointer float-right ct ml-1'><i class="fa fa-compress"></i></span>
<span title='Expand all nodes' class='badge badge-default pointer float-right et'><i class="fa fa-expand"></i></span>
</div>
</div>
</div>    <div class="row mb-3"><div class="col-md-3">
    

<img data-featherlight='C:\Users\IPSL\IdeaProjects\OrgZstack\screenshots\verify_AddZone_20250616120836.png' src="C:\Users\IPSL\IdeaProjects\OrgZstack\screenshots\verify_AddZone_20250616120836.png">
  
    

    </div></div>
<div class="detail-body mt-4">
<table class="table table-sm">
  <thead><tr><th class="status-col">Status</th><th class="timestamp-col">Timestamp</th><th class="details-col">Details</th></tr></thead>
  <tbody>
      <tr class="event-row">
        <td><span class="badge log fail-bg">Fail</span></td>
        <td>12:08:36 pm</td>
        <td>
          verify_AddZoneTest case FAILED 
        </td>
      </tr>
      <tr class="event-row">
        <td><span class="badge log info-bg">Info</span></td>
        <td>12:08:36 pm</td>
        <td>
          element click intercepted: Element <div class="MuiListItemText-root zi-noPadding-169 zi-listItemText-163 truncate-list-item-text MuiListItemText-inset">...</div> is not clickable at point (128, 271). Other element would receive the click: <div aria-hidden="true" style="z-index: -1; position: fixed; inset: 0px; background-color: transparent; -webkit-tap-highlight-color: transparent;"></div>
  (Session info: chrome=137.0.7151.104)
Build info: version: '4.29.0', revision: '5fc1ec94cb'
System info: os.name: 'Windows 11', os.arch: 'amd64', os.version: '10.0', java.version: '17.0.15'
Driver info: org.openqa.selenium.chrome.ChromeDriver
Command: [c18969e2dbf46de704e3269efb078d8d, clickElement {id=f.820848758169960798FBBC3481ECFB69.d.8A73D38606EDFD0CA3084A1C4FEB338F.e.260}]
Capabilities {acceptInsecureCerts: false, browserName: chrome, browserVersion: 137.0.7151.104, chrome: {chromedriverVersion: 137.0.7151.70 (dfa4dc56b2ab..., userDataDir: C:\Users\IPSL\AppData\Local...}, fedcm:accounts: true, goog:chromeOptions: {debuggerAddress: localhost:54296}, networkConnectionEnabled: false, pageLoadStrategy: normal, platformName: windows, proxy: Proxy(), se:cdp: ws://localhost:54296/devtoo..., se:cdpVersion: 137.0.7151.104, setWindowRect: true, strictFileInteractability: false, timeouts: {implicit: 0, pageLoad: 300000, script: 30000}, unhandledPromptBehavior: dismiss and notify, webauthn:extension:credBlob: true, webauthn:extension:largeBlob: true, webauthn:extension:minPinLength: true, webauthn:extension:prf: true, webauthn:virtualAuthenticators: true}
Element: [[ChromeDriver: chrome on windows (c18969e2dbf46de704e3269efb078d8d)] -> xpath: //li/div[contains(text(), 'ZONE')]]
Session ID: c18969e2dbf46de704e3269efb078d8d
        </td>
      </tr>
  </tbody>
</table>
</div>
          </div>
        </li>
        <li class="test-item"  status="fail" test-id="44"
          author=""
          tag=""
          device="">
          <div class="test-detail">
            <p class="name">testCases.TC0013_OtganisationSetupZone</p>
            <p class="text-sm">
              <span>12:08:47 pm</span> / <span>00:00:00:111</span>
              <span class="badge fail-bg log float-right">Fail</span>
            </p>
          </div>
          <div class="test-contents d-none">
<div class="detail-head">
<div class="p-v-10">
<div class="info">
<h5 class="test-status text-fail">testCases.TC0013_OtganisationSetupZone</h5>
<span class='badge badge-success'>06.16.2025 12:08:47 pm</span>
<span class='badge badge-danger'>06.16.2025 12:08:47 pm</span>
<span class='badge badge-default'>00:00:00:111</span>
&middot; <span class='uri-anchor badge badge-default'>#test-id=44</span>
<span title='Skip to the next failed step' class='badge badge-danger pointer float-right ne ml-1'><i class="fa fa-fast-forward"></i></span>
<span title='Collapse all nodes' class='badge badge-default pointer float-right ct ml-1'><i class="fa fa-compress"></i></span>
<span title='Expand all nodes' class='badge badge-default pointer float-right et'><i class="fa fa-expand"></i></span>
</div>
</div>
</div>    <div class="row mb-3"><div class="col-md-3">
    

<img data-featherlight='C:\Users\IPSL\IdeaProjects\OrgZstack\screenshots\verify_EditZone_20250616120847.png' src="C:\Users\IPSL\IdeaProjects\OrgZstack\screenshots\verify_EditZone_20250616120847.png">
  
    

    </div></div>
<div class="detail-body mt-4">
<table class="table table-sm">
  <thead><tr><th class="status-col">Status</th><th class="timestamp-col">Timestamp</th><th class="details-col">Details</th></tr></thead>
  <tbody>
      <tr class="event-row">
        <td><span class="badge log fail-bg">Fail</span></td>
        <td>12:08:47 pm</td>
        <td>
          verify_EditZoneTest case FAILED 
        </td>
      </tr>
      <tr class="event-row">
        <td><span class="badge log info-bg">Info</span></td>
        <td>12:08:47 pm</td>
        <td>
          no such element: Unable to locate element: {"method":"xpath","selector":"//select[@class="border-b-2 border-black-500"]"}
  (Session info: chrome=137.0.7151.104)
For documentation on this error, please visit: https://www.selenium.dev/documentation/webdriver/troubleshooting/errors#no-such-element-exception
Build info: version: '4.29.0', revision: '5fc1ec94cb'
System info: os.name: 'Windows 11', os.arch: 'amd64', os.version: '10.0', java.version: '17.0.15'
Driver info: org.openqa.selenium.chrome.ChromeDriver
Command: [c18969e2dbf46de704e3269efb078d8d, findElement {value=//select[@class="border-b-2 border-black-500"], using=xpath}]
Capabilities {acceptInsecureCerts: false, browserName: chrome, browserVersion: 137.0.7151.104, chrome: {chromedriverVersion: 137.0.7151.70 (dfa4dc56b2ab..., userDataDir: C:\Users\IPSL\AppData\Local...}, fedcm:accounts: true, goog:chromeOptions: {debuggerAddress: localhost:54296}, networkConnectionEnabled: false, pageLoadStrategy: normal, platformName: windows, proxy: Proxy(), se:cdp: ws://localhost:54296/devtoo..., se:cdpVersion: 137.0.7151.104, setWindowRect: true, strictFileInteractability: false, timeouts: {implicit: 0, pageLoad: 300000, script: 30000}, unhandledPromptBehavior: dismiss and notify, webauthn:extension:credBlob: true, webauthn:extension:largeBlob: true, webauthn:extension:minPinLength: true, webauthn:extension:prf: true, webauthn:virtualAuthenticators: true}
Session ID: c18969e2dbf46de704e3269efb078d8d
        </td>
      </tr>
  </tbody>
</table>
</div>
          </div>
        </li>
        <li class="test-item"  status="fail" test-id="45"
          author=""
          tag=""
          device="">
          <div class="test-detail">
            <p class="name">testCases.TC0013_OtganisationSetupZone</p>
            <p class="text-sm">
              <span>12:08:57 pm</span> / <span>00:00:00:118</span>
              <span class="badge fail-bg log float-right">Fail</span>
            </p>
          </div>
          <div class="test-contents d-none">
<div class="detail-head">
<div class="p-v-10">
<div class="info">
<h5 class="test-status text-fail">testCases.TC0013_OtganisationSetupZone</h5>
<span class='badge badge-success'>06.16.2025 12:08:57 pm</span>
<span class='badge badge-danger'>06.16.2025 12:08:57 pm</span>
<span class='badge badge-default'>00:00:00:118</span>
&middot; <span class='uri-anchor badge badge-default'>#test-id=45</span>
<span title='Skip to the next failed step' class='badge badge-danger pointer float-right ne ml-1'><i class="fa fa-fast-forward"></i></span>
<span title='Collapse all nodes' class='badge badge-default pointer float-right ct ml-1'><i class="fa fa-compress"></i></span>
<span title='Expand all nodes' class='badge badge-default pointer float-right et'><i class="fa fa-expand"></i></span>
</div>
</div>
</div>    <div class="row mb-3"><div class="col-md-3">
    

<img data-featherlight='C:\Users\IPSL\IdeaProjects\OrgZstack\screenshots\verify_DeleteZone_20250616120857.png' src="C:\Users\IPSL\IdeaProjects\OrgZstack\screenshots\verify_DeleteZone_20250616120857.png">
  
    

    </div></div>
<div class="detail-body mt-4">
<table class="table table-sm">
  <thead><tr><th class="status-col">Status</th><th class="timestamp-col">Timestamp</th><th class="details-col">Details</th></tr></thead>
  <tbody>
      <tr class="event-row">
        <td><span class="badge log fail-bg">Fail</span></td>
        <td>12:08:57 pm</td>
        <td>
          verify_DeleteZoneTest case FAILED 
        </td>
      </tr>
      <tr class="event-row">
        <td><span class="badge log info-bg">Info</span></td>
        <td>12:08:57 pm</td>
        <td>
          no such element: Unable to locate element: {"method":"xpath","selector":"//select[@class="border-b-2 border-black-500"]"}
  (Session info: chrome=137.0.7151.104)
For documentation on this error, please visit: https://www.selenium.dev/documentation/webdriver/troubleshooting/errors#no-such-element-exception
Build info: version: '4.29.0', revision: '5fc1ec94cb'
System info: os.name: 'Windows 11', os.arch: 'amd64', os.version: '10.0', java.version: '17.0.15'
Driver info: org.openqa.selenium.chrome.ChromeDriver
Command: [c18969e2dbf46de704e3269efb078d8d, findElement {value=//select[@class="border-b-2 border-black-500"], using=xpath}]
Capabilities {acceptInsecureCerts: false, browserName: chrome, browserVersion: 137.0.7151.104, chrome: {chromedriverVersion: 137.0.7151.70 (dfa4dc56b2ab..., userDataDir: C:\Users\IPSL\AppData\Local...}, fedcm:accounts: true, goog:chromeOptions: {debuggerAddress: localhost:54296}, networkConnectionEnabled: false, pageLoadStrategy: normal, platformName: windows, proxy: Proxy(), se:cdp: ws://localhost:54296/devtoo..., se:cdpVersion: 137.0.7151.104, setWindowRect: true, strictFileInteractability: false, timeouts: {implicit: 0, pageLoad: 300000, script: 30000}, unhandledPromptBehavior: dismiss and notify, webauthn:extension:credBlob: true, webauthn:extension:largeBlob: true, webauthn:extension:minPinLength: true, webauthn:extension:prf: true, webauthn:virtualAuthenticators: true}
Session ID: c18969e2dbf46de704e3269efb078d8d
        </td>
      </tr>
  </tbody>
</table>
</div>
          </div>
        </li>
        <li class="test-item"  status="fail" test-id="46"
          author=""
          tag=""
          device="">
          <div class="test-detail">
            <p class="name">testCases.TC0014_OrganisationSetupBranches</p>
            <p class="text-sm">
              <span>12:08:58 pm</span> / <span>00:00:00:102</span>
              <span class="badge fail-bg log float-right">Fail</span>
            </p>
          </div>
          <div class="test-contents d-none">
<div class="detail-head">
<div class="p-v-10">
<div class="info">
<h5 class="test-status text-fail">testCases.TC0014_OrganisationSetupBranches</h5>
<span class='badge badge-success'>06.16.2025 12:08:58 pm</span>
<span class='badge badge-danger'>06.16.2025 12:08:58 pm</span>
<span class='badge badge-default'>00:00:00:102</span>
&middot; <span class='uri-anchor badge badge-default'>#test-id=46</span>
<span title='Skip to the next failed step' class='badge badge-danger pointer float-right ne ml-1'><i class="fa fa-fast-forward"></i></span>
<span title='Collapse all nodes' class='badge badge-default pointer float-right ct ml-1'><i class="fa fa-compress"></i></span>
<span title='Expand all nodes' class='badge badge-default pointer float-right et'><i class="fa fa-expand"></i></span>
</div>
</div>
</div>    <div class="row mb-3"><div class="col-md-3">
    

<img data-featherlight='C:\Users\IPSL\IdeaProjects\OrgZstack\screenshots\verify_AddBranch_20250616120858.png' src="C:\Users\IPSL\IdeaProjects\OrgZstack\screenshots\verify_AddBranch_20250616120858.png">
  
    

    </div></div>
<div class="detail-body mt-4">
<table class="table table-sm">
  <thead><tr><th class="status-col">Status</th><th class="timestamp-col">Timestamp</th><th class="details-col">Details</th></tr></thead>
  <tbody>
      <tr class="event-row">
        <td><span class="badge log fail-bg">Fail</span></td>
        <td>12:08:58 pm</td>
        <td>
          verify_AddBranchTest case FAILED 
        </td>
      </tr>
      <tr class="event-row">
        <td><span class="badge log info-bg">Info</span></td>
        <td>12:08:58 pm</td>
        <td>
          element click intercepted: Element <div class="MuiListItemText-root zi-noPadding-169 zi-listItemText-163 truncate-list-item-text MuiListItemText-inset">...</div> is not clickable at point (128, 312). Other element would receive the click: <div aria-hidden="true" style="z-index: -1; position: fixed; inset: 0px; background-color: transparent; -webkit-tap-highlight-color: transparent;"></div>
  (Session info: chrome=137.0.7151.104)
Build info: version: '4.29.0', revision: '5fc1ec94cb'
System info: os.name: 'Windows 11', os.arch: 'amd64', os.version: '10.0', java.version: '17.0.15'
Driver info: org.openqa.selenium.chrome.ChromeDriver
Command: [c18969e2dbf46de704e3269efb078d8d, clickElement {id=f.820848758169960798FBBC3481ECFB69.d.8A73D38606EDFD0CA3084A1C4FEB338F.e.262}]
Capabilities {acceptInsecureCerts: false, browserName: chrome, browserVersion: 137.0.7151.104, chrome: {chromedriverVersion: 137.0.7151.70 (dfa4dc56b2ab..., userDataDir: C:\Users\IPSL\AppData\Local...}, fedcm:accounts: true, goog:chromeOptions: {debuggerAddress: localhost:54296}, networkConnectionEnabled: false, pageLoadStrategy: normal, platformName: windows, proxy: Proxy(), se:cdp: ws://localhost:54296/devtoo..., se:cdpVersion: 137.0.7151.104, setWindowRect: true, strictFileInteractability: false, timeouts: {implicit: 0, pageLoad: 300000, script: 30000}, unhandledPromptBehavior: dismiss and notify, webauthn:extension:credBlob: true, webauthn:extension:largeBlob: true, webauthn:extension:minPinLength: true, webauthn:extension:prf: true, webauthn:virtualAuthenticators: true}
Element: [[ChromeDriver: chrome on windows (c18969e2dbf46de704e3269efb078d8d)] -> xpath: //div[text()='BRANCHES']]
Session ID: c18969e2dbf46de704e3269efb078d8d
        </td>
      </tr>
  </tbody>
</table>
</div>
          </div>
        </li>
        <li class="test-item"  status="fail" test-id="47"
          author=""
          tag=""
          device="">
          <div class="test-detail">
            <p class="name">testCases.TC0014_OrganisationSetupBranches</p>
            <p class="text-sm">
              <span>12:09:08 pm</span> / <span>00:00:00:098</span>
              <span class="badge fail-bg log float-right">Fail</span>
            </p>
          </div>
          <div class="test-contents d-none">
<div class="detail-head">
<div class="p-v-10">
<div class="info">
<h5 class="test-status text-fail">testCases.TC0014_OrganisationSetupBranches</h5>
<span class='badge badge-success'>06.16.2025 12:09:08 pm</span>
<span class='badge badge-danger'>06.16.2025 12:09:08 pm</span>
<span class='badge badge-default'>00:00:00:098</span>
&middot; <span class='uri-anchor badge badge-default'>#test-id=47</span>
<span title='Skip to the next failed step' class='badge badge-danger pointer float-right ne ml-1'><i class="fa fa-fast-forward"></i></span>
<span title='Collapse all nodes' class='badge badge-default pointer float-right ct ml-1'><i class="fa fa-compress"></i></span>
<span title='Expand all nodes' class='badge badge-default pointer float-right et'><i class="fa fa-expand"></i></span>
</div>
</div>
</div>    <div class="row mb-3"><div class="col-md-3">
    

<img data-featherlight='C:\Users\IPSL\IdeaProjects\OrgZstack\screenshots\verify_EditBranch_20250616120908.png' src="C:\Users\IPSL\IdeaProjects\OrgZstack\screenshots\verify_EditBranch_20250616120908.png">
  
    

    </div></div>
<div class="detail-body mt-4">
<table class="table table-sm">
  <thead><tr><th class="status-col">Status</th><th class="timestamp-col">Timestamp</th><th class="details-col">Details</th></tr></thead>
  <tbody>
      <tr class="event-row">
        <td><span class="badge log fail-bg">Fail</span></td>
        <td>12:09:08 pm</td>
        <td>
          verify_EditBranchTest case FAILED 
        </td>
      </tr>
      <tr class="event-row">
        <td><span class="badge log info-bg">Info</span></td>
        <td>12:09:08 pm</td>
        <td>
          no such element: Unable to locate element: {"method":"xpath","selector":"//select[@class="border-b-2 border-black-500"]"}
  (Session info: chrome=137.0.7151.104)
For documentation on this error, please visit: https://www.selenium.dev/documentation/webdriver/troubleshooting/errors#no-such-element-exception
Build info: version: '4.29.0', revision: '5fc1ec94cb'
System info: os.name: 'Windows 11', os.arch: 'amd64', os.version: '10.0', java.version: '17.0.15'
Driver info: org.openqa.selenium.chrome.ChromeDriver
Command: [c18969e2dbf46de704e3269efb078d8d, findElement {value=//select[@class="border-b-2 border-black-500"], using=xpath}]
Capabilities {acceptInsecureCerts: false, browserName: chrome, browserVersion: 137.0.7151.104, chrome: {chromedriverVersion: 137.0.7151.70 (dfa4dc56b2ab..., userDataDir: C:\Users\IPSL\AppData\Local...}, fedcm:accounts: true, goog:chromeOptions: {debuggerAddress: localhost:54296}, networkConnectionEnabled: false, pageLoadStrategy: normal, platformName: windows, proxy: Proxy(), se:cdp: ws://localhost:54296/devtoo..., se:cdpVersion: 137.0.7151.104, setWindowRect: true, strictFileInteractability: false, timeouts: {implicit: 0, pageLoad: 300000, script: 30000}, unhandledPromptBehavior: dismiss and notify, webauthn:extension:credBlob: true, webauthn:extension:largeBlob: true, webauthn:extension:minPinLength: true, webauthn:extension:prf: true, webauthn:virtualAuthenticators: true}
Session ID: c18969e2dbf46de704e3269efb078d8d
        </td>
      </tr>
  </tbody>
</table>
</div>
          </div>
        </li>
        <li class="test-item"  status="fail" test-id="48"
          author=""
          tag=""
          device="">
          <div class="test-detail">
            <p class="name">testCases.TC0014_OrganisationSetupBranches</p>
            <p class="text-sm">
              <span>12:09:18 pm</span> / <span>00:00:00:100</span>
              <span class="badge fail-bg log float-right">Fail</span>
            </p>
          </div>
          <div class="test-contents d-none">
<div class="detail-head">
<div class="p-v-10">
<div class="info">
<h5 class="test-status text-fail">testCases.TC0014_OrganisationSetupBranches</h5>
<span class='badge badge-success'>06.16.2025 12:09:18 pm</span>
<span class='badge badge-danger'>06.16.2025 12:09:18 pm</span>
<span class='badge badge-default'>00:00:00:100</span>
&middot; <span class='uri-anchor badge badge-default'>#test-id=48</span>
<span title='Skip to the next failed step' class='badge badge-danger pointer float-right ne ml-1'><i class="fa fa-fast-forward"></i></span>
<span title='Collapse all nodes' class='badge badge-default pointer float-right ct ml-1'><i class="fa fa-compress"></i></span>
<span title='Expand all nodes' class='badge badge-default pointer float-right et'><i class="fa fa-expand"></i></span>
</div>
</div>
</div>    <div class="row mb-3"><div class="col-md-3">
    

<img data-featherlight='C:\Users\IPSL\IdeaProjects\OrgZstack\screenshots\verify_DeleteBranch_20250616120918.png' src="C:\Users\IPSL\IdeaProjects\OrgZstack\screenshots\verify_DeleteBranch_20250616120918.png">
  
    

    </div></div>
<div class="detail-body mt-4">
<table class="table table-sm">
  <thead><tr><th class="status-col">Status</th><th class="timestamp-col">Timestamp</th><th class="details-col">Details</th></tr></thead>
  <tbody>
      <tr class="event-row">
        <td><span class="badge log fail-bg">Fail</span></td>
        <td>12:09:18 pm</td>
        <td>
          verify_DeleteBranchTest case FAILED 
        </td>
      </tr>
      <tr class="event-row">
        <td><span class="badge log info-bg">Info</span></td>
        <td>12:09:18 pm</td>
        <td>
          no such element: Unable to locate element: {"method":"xpath","selector":"//select[@class="border-b-2 border-black-500"]"}
  (Session info: chrome=137.0.7151.104)
For documentation on this error, please visit: https://www.selenium.dev/documentation/webdriver/troubleshooting/errors#no-such-element-exception
Build info: version: '4.29.0', revision: '5fc1ec94cb'
System info: os.name: 'Windows 11', os.arch: 'amd64', os.version: '10.0', java.version: '17.0.15'
Driver info: org.openqa.selenium.chrome.ChromeDriver
Command: [c18969e2dbf46de704e3269efb078d8d, findElement {value=//select[@class="border-b-2 border-black-500"], using=xpath}]
Capabilities {acceptInsecureCerts: false, browserName: chrome, browserVersion: 137.0.7151.104, chrome: {chromedriverVersion: 137.0.7151.70 (dfa4dc56b2ab..., userDataDir: C:\Users\IPSL\AppData\Local...}, fedcm:accounts: true, goog:chromeOptions: {debuggerAddress: localhost:54296}, networkConnectionEnabled: false, pageLoadStrategy: normal, platformName: windows, proxy: Proxy(), se:cdp: ws://localhost:54296/devtoo..., se:cdpVersion: 137.0.7151.104, setWindowRect: true, strictFileInteractability: false, timeouts: {implicit: 0, pageLoad: 300000, script: 30000}, unhandledPromptBehavior: dismiss and notify, webauthn:extension:credBlob: true, webauthn:extension:largeBlob: true, webauthn:extension:minPinLength: true, webauthn:extension:prf: true, webauthn:virtualAuthenticators: true}
Session ID: c18969e2dbf46de704e3269efb078d8d
        </td>
      </tr>
  </tbody>
</table>
</div>
          </div>
        </li>
        <li class="test-item"  status="fail" test-id="49"
          author=""
          tag=""
          device="">
          <div class="test-detail">
            <p class="name">testCases.TC0015_OrganisationSetupDivision</p>
            <p class="text-sm">
              <span>12:09:19 pm</span> / <span>00:00:00:107</span>
              <span class="badge fail-bg log float-right">Fail</span>
            </p>
          </div>
          <div class="test-contents d-none">
<div class="detail-head">
<div class="p-v-10">
<div class="info">
<h5 class="test-status text-fail">testCases.TC0015_OrganisationSetupDivision</h5>
<span class='badge badge-success'>06.16.2025 12:09:19 pm</span>
<span class='badge badge-danger'>06.16.2025 12:09:19 pm</span>
<span class='badge badge-default'>00:00:00:107</span>
&middot; <span class='uri-anchor badge badge-default'>#test-id=49</span>
<span title='Skip to the next failed step' class='badge badge-danger pointer float-right ne ml-1'><i class="fa fa-fast-forward"></i></span>
<span title='Collapse all nodes' class='badge badge-default pointer float-right ct ml-1'><i class="fa fa-compress"></i></span>
<span title='Expand all nodes' class='badge badge-default pointer float-right et'><i class="fa fa-expand"></i></span>
</div>
</div>
</div>    <div class="row mb-3"><div class="col-md-3">
    

<img data-featherlight='C:\Users\IPSL\IdeaProjects\OrgZstack\screenshots\verify_AddDivision_20250616120919.png' src="C:\Users\IPSL\IdeaProjects\OrgZstack\screenshots\verify_AddDivision_20250616120919.png">
  
    

    </div></div>
<div class="detail-body mt-4">
<table class="table table-sm">
  <thead><tr><th class="status-col">Status</th><th class="timestamp-col">Timestamp</th><th class="details-col">Details</th></tr></thead>
  <tbody>
      <tr class="event-row">
        <td><span class="badge log fail-bg">Fail</span></td>
        <td>12:09:19 pm</td>
        <td>
          verify_AddDivisionTest case FAILED 
        </td>
      </tr>
      <tr class="event-row">
        <td><span class="badge log info-bg">Info</span></td>
        <td>12:09:19 pm</td>
        <td>
          element click intercepted: Element <div class="MuiListItemText-root zi-noPadding-169 zi-listItemText-163 truncate-list-item-text MuiListItemText-inset">...</div> is not clickable at point (128, 353). Other element would receive the click: <div aria-hidden="true" style="z-index: -1; position: fixed; inset: 0px; background-color: transparent; -webkit-tap-highlight-color: transparent;"></div>
  (Session info: chrome=137.0.7151.104)
Build info: version: '4.29.0', revision: '5fc1ec94cb'
System info: os.name: 'Windows 11', os.arch: 'amd64', os.version: '10.0', java.version: '17.0.15'
Driver info: org.openqa.selenium.chrome.ChromeDriver
Command: [c18969e2dbf46de704e3269efb078d8d, clickElement {id=f.820848758169960798FBBC3481ECFB69.d.8A73D38606EDFD0CA3084A1C4FEB338F.e.263}]
Capabilities {acceptInsecureCerts: false, browserName: chrome, browserVersion: 137.0.7151.104, chrome: {chromedriverVersion: 137.0.7151.70 (dfa4dc56b2ab..., userDataDir: C:\Users\IPSL\AppData\Local...}, fedcm:accounts: true, goog:chromeOptions: {debuggerAddress: localhost:54296}, networkConnectionEnabled: false, pageLoadStrategy: normal, platformName: windows, proxy: Proxy(), se:cdp: ws://localhost:54296/devtoo..., se:cdpVersion: 137.0.7151.104, setWindowRect: true, strictFileInteractability: false, timeouts: {implicit: 0, pageLoad: 300000, script: 30000}, unhandledPromptBehavior: dismiss and notify, webauthn:extension:credBlob: true, webauthn:extension:largeBlob: true, webauthn:extension:minPinLength: true, webauthn:extension:prf: true, webauthn:virtualAuthenticators: true}
Element: [[ChromeDriver: chrome on windows (c18969e2dbf46de704e3269efb078d8d)] -> xpath: //div[text()='DIVISION']]
Session ID: c18969e2dbf46de704e3269efb078d8d
        </td>
      </tr>
  </tbody>
</table>
</div>
          </div>
        </li>
        <li class="test-item"  status="fail" test-id="50"
          author=""
          tag=""
          device="">
          <div class="test-detail">
            <p class="name">testCases.TC0015_OrganisationSetupDivision</p>
            <p class="text-sm">
              <span>12:09:29 pm</span> / <span>00:00:00:100</span>
              <span class="badge fail-bg log float-right">Fail</span>
            </p>
          </div>
          <div class="test-contents d-none">
<div class="detail-head">
<div class="p-v-10">
<div class="info">
<h5 class="test-status text-fail">testCases.TC0015_OrganisationSetupDivision</h5>
<span class='badge badge-success'>06.16.2025 12:09:29 pm</span>
<span class='badge badge-danger'>06.16.2025 12:09:30 pm</span>
<span class='badge badge-default'>00:00:00:100</span>
&middot; <span class='uri-anchor badge badge-default'>#test-id=50</span>
<span title='Skip to the next failed step' class='badge badge-danger pointer float-right ne ml-1'><i class="fa fa-fast-forward"></i></span>
<span title='Collapse all nodes' class='badge badge-default pointer float-right ct ml-1'><i class="fa fa-compress"></i></span>
<span title='Expand all nodes' class='badge badge-default pointer float-right et'><i class="fa fa-expand"></i></span>
</div>
</div>
</div>    <div class="row mb-3"><div class="col-md-3">
    

<img data-featherlight='C:\Users\IPSL\IdeaProjects\OrgZstack\screenshots\verify_EditDivision_20250616120929.png' src="C:\Users\IPSL\IdeaProjects\OrgZstack\screenshots\verify_EditDivision_20250616120929.png">
  
    

    </div></div>
<div class="detail-body mt-4">
<table class="table table-sm">
  <thead><tr><th class="status-col">Status</th><th class="timestamp-col">Timestamp</th><th class="details-col">Details</th></tr></thead>
  <tbody>
      <tr class="event-row">
        <td><span class="badge log fail-bg">Fail</span></td>
        <td>12:09:29 pm</td>
        <td>
          verify_EditDivisionTest case FAILED 
        </td>
      </tr>
      <tr class="event-row">
        <td><span class="badge log info-bg">Info</span></td>
        <td>12:09:29 pm</td>
        <td>
          no such element: Unable to locate element: {"method":"xpath","selector":"//select[@class="border-b-2 border-black-500"]"}
  (Session info: chrome=137.0.7151.104)
For documentation on this error, please visit: https://www.selenium.dev/documentation/webdriver/troubleshooting/errors#no-such-element-exception
Build info: version: '4.29.0', revision: '5fc1ec94cb'
System info: os.name: 'Windows 11', os.arch: 'amd64', os.version: '10.0', java.version: '17.0.15'
Driver info: org.openqa.selenium.chrome.ChromeDriver
Command: [c18969e2dbf46de704e3269efb078d8d, findElement {value=//select[@class="border-b-2 border-black-500"], using=xpath}]
Capabilities {acceptInsecureCerts: false, browserName: chrome, browserVersion: 137.0.7151.104, chrome: {chromedriverVersion: 137.0.7151.70 (dfa4dc56b2ab..., userDataDir: C:\Users\IPSL\AppData\Local...}, fedcm:accounts: true, goog:chromeOptions: {debuggerAddress: localhost:54296}, networkConnectionEnabled: false, pageLoadStrategy: normal, platformName: windows, proxy: Proxy(), se:cdp: ws://localhost:54296/devtoo..., se:cdpVersion: 137.0.7151.104, setWindowRect: true, strictFileInteractability: false, timeouts: {implicit: 0, pageLoad: 300000, script: 30000}, unhandledPromptBehavior: dismiss and notify, webauthn:extension:credBlob: true, webauthn:extension:largeBlob: true, webauthn:extension:minPinLength: true, webauthn:extension:prf: true, webauthn:virtualAuthenticators: true}
Session ID: c18969e2dbf46de704e3269efb078d8d
        </td>
      </tr>
  </tbody>
</table>
</div>
          </div>
        </li>
        <li class="test-item"  status="fail" test-id="51"
          author=""
          tag=""
          device="">
          <div class="test-detail">
            <p class="name">testCases.TC0015_OrganisationSetupDivision</p>
            <p class="text-sm">
              <span>12:09:40 pm</span> / <span>00:00:00:135</span>
              <span class="badge fail-bg log float-right">Fail</span>
            </p>
          </div>
          <div class="test-contents d-none">
<div class="detail-head">
<div class="p-v-10">
<div class="info">
<h5 class="test-status text-fail">testCases.TC0015_OrganisationSetupDivision</h5>
<span class='badge badge-success'>06.16.2025 12:09:40 pm</span>
<span class='badge badge-danger'>06.16.2025 12:09:40 pm</span>
<span class='badge badge-default'>00:00:00:135</span>
&middot; <span class='uri-anchor badge badge-default'>#test-id=51</span>
<span title='Skip to the next failed step' class='badge badge-danger pointer float-right ne ml-1'><i class="fa fa-fast-forward"></i></span>
<span title='Collapse all nodes' class='badge badge-default pointer float-right ct ml-1'><i class="fa fa-compress"></i></span>
<span title='Expand all nodes' class='badge badge-default pointer float-right et'><i class="fa fa-expand"></i></span>
</div>
</div>
</div>    <div class="row mb-3"><div class="col-md-3">
    

<img data-featherlight='C:\Users\IPSL\IdeaProjects\OrgZstack\screenshots\verify_DeleteDivision_20250616120940.png' src="C:\Users\IPSL\IdeaProjects\OrgZstack\screenshots\verify_DeleteDivision_20250616120940.png">
  
    

    </div></div>
<div class="detail-body mt-4">
<table class="table table-sm">
  <thead><tr><th class="status-col">Status</th><th class="timestamp-col">Timestamp</th><th class="details-col">Details</th></tr></thead>
  <tbody>
      <tr class="event-row">
        <td><span class="badge log fail-bg">Fail</span></td>
        <td>12:09:40 pm</td>
        <td>
          verify_DeleteDivisionTest case FAILED 
        </td>
      </tr>
      <tr class="event-row">
        <td><span class="badge log info-bg">Info</span></td>
        <td>12:09:40 pm</td>
        <td>
          no such element: Unable to locate element: {"method":"xpath","selector":"//select[@class="border-b-2 border-black-500"]"}
  (Session info: chrome=137.0.7151.104)
For documentation on this error, please visit: https://www.selenium.dev/documentation/webdriver/troubleshooting/errors#no-such-element-exception
Build info: version: '4.29.0', revision: '5fc1ec94cb'
System info: os.name: 'Windows 11', os.arch: 'amd64', os.version: '10.0', java.version: '17.0.15'
Driver info: org.openqa.selenium.chrome.ChromeDriver
Command: [c18969e2dbf46de704e3269efb078d8d, findElement {value=//select[@class="border-b-2 border-black-500"], using=xpath}]
Capabilities {acceptInsecureCerts: false, browserName: chrome, browserVersion: 137.0.7151.104, chrome: {chromedriverVersion: 137.0.7151.70 (dfa4dc56b2ab..., userDataDir: C:\Users\IPSL\AppData\Local...}, fedcm:accounts: true, goog:chromeOptions: {debuggerAddress: localhost:54296}, networkConnectionEnabled: false, pageLoadStrategy: normal, platformName: windows, proxy: Proxy(), se:cdp: ws://localhost:54296/devtoo..., se:cdpVersion: 137.0.7151.104, setWindowRect: true, strictFileInteractability: false, timeouts: {implicit: 0, pageLoad: 300000, script: 30000}, unhandledPromptBehavior: dismiss and notify, webauthn:extension:credBlob: true, webauthn:extension:largeBlob: true, webauthn:extension:minPinLength: true, webauthn:extension:prf: true, webauthn:virtualAuthenticators: true}
Session ID: c18969e2dbf46de704e3269efb078d8d
        </td>
      </tr>
  </tbody>
</table>
</div>
          </div>
        </li>
        <li class="test-item"  status="fail" test-id="52"
          author=""
          tag=""
          device="">
          <div class="test-detail">
            <p class="name">testCases.TC0016_OrganisationSetupDepartment</p>
            <p class="text-sm">
              <span>12:09:41 pm</span> / <span>00:00:00:135</span>
              <span class="badge fail-bg log float-right">Fail</span>
            </p>
          </div>
          <div class="test-contents d-none">
<div class="detail-head">
<div class="p-v-10">
<div class="info">
<h5 class="test-status text-fail">testCases.TC0016_OrganisationSetupDepartment</h5>
<span class='badge badge-success'>06.16.2025 12:09:41 pm</span>
<span class='badge badge-danger'>06.16.2025 12:09:41 pm</span>
<span class='badge badge-default'>00:00:00:135</span>
&middot; <span class='uri-anchor badge badge-default'>#test-id=52</span>
<span title='Skip to the next failed step' class='badge badge-danger pointer float-right ne ml-1'><i class="fa fa-fast-forward"></i></span>
<span title='Collapse all nodes' class='badge badge-default pointer float-right ct ml-1'><i class="fa fa-compress"></i></span>
<span title='Expand all nodes' class='badge badge-default pointer float-right et'><i class="fa fa-expand"></i></span>
</div>
</div>
</div>    <div class="row mb-3"><div class="col-md-3">
    

<img data-featherlight='C:\Users\IPSL\IdeaProjects\OrgZstack\screenshots\verify_AddDepartment_20250616120941.png' src="C:\Users\IPSL\IdeaProjects\OrgZstack\screenshots\verify_AddDepartment_20250616120941.png">
  
    

    </div></div>
<div class="detail-body mt-4">
<table class="table table-sm">
  <thead><tr><th class="status-col">Status</th><th class="timestamp-col">Timestamp</th><th class="details-col">Details</th></tr></thead>
  <tbody>
      <tr class="event-row">
        <td><span class="badge log fail-bg">Fail</span></td>
        <td>12:09:41 pm</td>
        <td>
          verify_AddDepartmentTest case FAILED 
        </td>
      </tr>
      <tr class="event-row">
        <td><span class="badge log info-bg">Info</span></td>
        <td>12:09:41 pm</td>
        <td>
          element click intercepted: Element <div class="MuiListItemText-root zi-noPadding-169 zi-listItemText-163 truncate-list-item-text MuiListItemText-inset">...</div> is not clickable at point (128, 394). Other element would receive the click: <div aria-hidden="true" style="z-index: -1; position: fixed; inset: 0px; background-color: transparent; -webkit-tap-highlight-color: transparent;"></div>
  (Session info: chrome=137.0.7151.104)
Build info: version: '4.29.0', revision: '5fc1ec94cb'
System info: os.name: 'Windows 11', os.arch: 'amd64', os.version: '10.0', java.version: '17.0.15'
Driver info: org.openqa.selenium.chrome.ChromeDriver
Command: [c18969e2dbf46de704e3269efb078d8d, clickElement {id=f.820848758169960798FBBC3481ECFB69.d.8A73D38606EDFD0CA3084A1C4FEB338F.e.264}]
Capabilities {acceptInsecureCerts: false, browserName: chrome, browserVersion: 137.0.7151.104, chrome: {chromedriverVersion: 137.0.7151.70 (dfa4dc56b2ab..., userDataDir: C:\Users\IPSL\AppData\Local...}, fedcm:accounts: true, goog:chromeOptions: {debuggerAddress: localhost:54296}, networkConnectionEnabled: false, pageLoadStrategy: normal, platformName: windows, proxy: Proxy(), se:cdp: ws://localhost:54296/devtoo..., se:cdpVersion: 137.0.7151.104, setWindowRect: true, strictFileInteractability: false, timeouts: {implicit: 0, pageLoad: 300000, script: 30000}, unhandledPromptBehavior: dismiss and notify, webauthn:extension:credBlob: true, webauthn:extension:largeBlob: true, webauthn:extension:minPinLength: true, webauthn:extension:prf: true, webauthn:virtualAuthenticators: true}
Element: [[ChromeDriver: chrome on windows (c18969e2dbf46de704e3269efb078d8d)] -> xpath: //div[text()='DEPARTMENT']]
Session ID: c18969e2dbf46de704e3269efb078d8d
        </td>
      </tr>
  </tbody>
</table>
</div>
          </div>
        </li>
        <li class="test-item"  status="fail" test-id="53"
          author=""
          tag=""
          device="">
          <div class="test-detail">
            <p class="name">testCases.TC0016_OrganisationSetupDepartment</p>
            <p class="text-sm">
              <span>12:09:51 pm</span> / <span>00:00:00:121</span>
              <span class="badge fail-bg log float-right">Fail</span>
            </p>
          </div>
          <div class="test-contents d-none">
<div class="detail-head">
<div class="p-v-10">
<div class="info">
<h5 class="test-status text-fail">testCases.TC0016_OrganisationSetupDepartment</h5>
<span class='badge badge-success'>06.16.2025 12:09:51 pm</span>
<span class='badge badge-danger'>06.16.2025 12:09:51 pm</span>
<span class='badge badge-default'>00:00:00:121</span>
&middot; <span class='uri-anchor badge badge-default'>#test-id=53</span>
<span title='Skip to the next failed step' class='badge badge-danger pointer float-right ne ml-1'><i class="fa fa-fast-forward"></i></span>
<span title='Collapse all nodes' class='badge badge-default pointer float-right ct ml-1'><i class="fa fa-compress"></i></span>
<span title='Expand all nodes' class='badge badge-default pointer float-right et'><i class="fa fa-expand"></i></span>
</div>
</div>
</div>    <div class="row mb-3"><div class="col-md-3">
    

<img data-featherlight='C:\Users\IPSL\IdeaProjects\OrgZstack\screenshots\verify_EditDepartment_20250616120951.png' src="C:\Users\IPSL\IdeaProjects\OrgZstack\screenshots\verify_EditDepartment_20250616120951.png">
  
    

    </div></div>
<div class="detail-body mt-4">
<table class="table table-sm">
  <thead><tr><th class="status-col">Status</th><th class="timestamp-col">Timestamp</th><th class="details-col">Details</th></tr></thead>
  <tbody>
      <tr class="event-row">
        <td><span class="badge log fail-bg">Fail</span></td>
        <td>12:09:51 pm</td>
        <td>
          verify_EditDepartmentTest case FAILED 
        </td>
      </tr>
      <tr class="event-row">
        <td><span class="badge log info-bg">Info</span></td>
        <td>12:09:51 pm</td>
        <td>
          no such element: Unable to locate element: {"method":"xpath","selector":"//select[@class="border-b-2 border-black-500"]"}
  (Session info: chrome=137.0.7151.104)
For documentation on this error, please visit: https://www.selenium.dev/documentation/webdriver/troubleshooting/errors#no-such-element-exception
Build info: version: '4.29.0', revision: '5fc1ec94cb'
System info: os.name: 'Windows 11', os.arch: 'amd64', os.version: '10.0', java.version: '17.0.15'
Driver info: org.openqa.selenium.chrome.ChromeDriver
Command: [c18969e2dbf46de704e3269efb078d8d, findElement {value=//select[@class="border-b-2 border-black-500"], using=xpath}]
Capabilities {acceptInsecureCerts: false, browserName: chrome, browserVersion: 137.0.7151.104, chrome: {chromedriverVersion: 137.0.7151.70 (dfa4dc56b2ab..., userDataDir: C:\Users\IPSL\AppData\Local...}, fedcm:accounts: true, goog:chromeOptions: {debuggerAddress: localhost:54296}, networkConnectionEnabled: false, pageLoadStrategy: normal, platformName: windows, proxy: Proxy(), se:cdp: ws://localhost:54296/devtoo..., se:cdpVersion: 137.0.7151.104, setWindowRect: true, strictFileInteractability: false, timeouts: {implicit: 0, pageLoad: 300000, script: 30000}, unhandledPromptBehavior: dismiss and notify, webauthn:extension:credBlob: true, webauthn:extension:largeBlob: true, webauthn:extension:minPinLength: true, webauthn:extension:prf: true, webauthn:virtualAuthenticators: true}
Session ID: c18969e2dbf46de704e3269efb078d8d
        </td>
      </tr>
  </tbody>
</table>
</div>
          </div>
        </li>
        <li class="test-item"  status="fail" test-id="54"
          author=""
          tag=""
          device="">
          <div class="test-detail">
            <p class="name">testCases.TC0016_OrganisationSetupDepartment</p>
            <p class="text-sm">
              <span>12:10:01 pm</span> / <span>00:00:00:137</span>
              <span class="badge fail-bg log float-right">Fail</span>
            </p>
          </div>
          <div class="test-contents d-none">
<div class="detail-head">
<div class="p-v-10">
<div class="info">
<h5 class="test-status text-fail">testCases.TC0016_OrganisationSetupDepartment</h5>
<span class='badge badge-success'>06.16.2025 12:10:01 pm</span>
<span class='badge badge-danger'>06.16.2025 12:10:01 pm</span>
<span class='badge badge-default'>00:00:00:137</span>
&middot; <span class='uri-anchor badge badge-default'>#test-id=54</span>
<span title='Skip to the next failed step' class='badge badge-danger pointer float-right ne ml-1'><i class="fa fa-fast-forward"></i></span>
<span title='Collapse all nodes' class='badge badge-default pointer float-right ct ml-1'><i class="fa fa-compress"></i></span>
<span title='Expand all nodes' class='badge badge-default pointer float-right et'><i class="fa fa-expand"></i></span>
</div>
</div>
</div>    <div class="row mb-3"><div class="col-md-3">
    

<img data-featherlight='C:\Users\IPSL\IdeaProjects\OrgZstack\screenshots\verify_DeleteDepartment_20250616121001.png' src="C:\Users\IPSL\IdeaProjects\OrgZstack\screenshots\verify_DeleteDepartment_20250616121001.png">
  
    

    </div></div>
<div class="detail-body mt-4">
<table class="table table-sm">
  <thead><tr><th class="status-col">Status</th><th class="timestamp-col">Timestamp</th><th class="details-col">Details</th></tr></thead>
  <tbody>
      <tr class="event-row">
        <td><span class="badge log fail-bg">Fail</span></td>
        <td>12:10:01 pm</td>
        <td>
          verify_DeleteDepartmentTest case FAILED 
        </td>
      </tr>
      <tr class="event-row">
        <td><span class="badge log info-bg">Info</span></td>
        <td>12:10:01 pm</td>
        <td>
          no such element: Unable to locate element: {"method":"xpath","selector":"//select[@class="border-b-2 border-black-500"]"}
  (Session info: chrome=137.0.7151.104)
For documentation on this error, please visit: https://www.selenium.dev/documentation/webdriver/troubleshooting/errors#no-such-element-exception
Build info: version: '4.29.0', revision: '5fc1ec94cb'
System info: os.name: 'Windows 11', os.arch: 'amd64', os.version: '10.0', java.version: '17.0.15'
Driver info: org.openqa.selenium.chrome.ChromeDriver
Command: [c18969e2dbf46de704e3269efb078d8d, findElement {value=//select[@class="border-b-2 border-black-500"], using=xpath}]
Capabilities {acceptInsecureCerts: false, browserName: chrome, browserVersion: 137.0.7151.104, chrome: {chromedriverVersion: 137.0.7151.70 (dfa4dc56b2ab..., userDataDir: C:\Users\IPSL\AppData\Local...}, fedcm:accounts: true, goog:chromeOptions: {debuggerAddress: localhost:54296}, networkConnectionEnabled: false, pageLoadStrategy: normal, platformName: windows, proxy: Proxy(), se:cdp: ws://localhost:54296/devtoo..., se:cdpVersion: 137.0.7151.104, setWindowRect: true, strictFileInteractability: false, timeouts: {implicit: 0, pageLoad: 300000, script: 30000}, unhandledPromptBehavior: dismiss and notify, webauthn:extension:credBlob: true, webauthn:extension:largeBlob: true, webauthn:extension:minPinLength: true, webauthn:extension:prf: true, webauthn:virtualAuthenticators: true}
Session ID: c18969e2dbf46de704e3269efb078d8d
        </td>
      </tr>
  </tbody>
</table>
</div>
          </div>
        </li>
        <li class="test-item"  status="fail" test-id="55"
          author=""
          tag=""
          device="">
          <div class="test-detail">
            <p class="name">testCases.TC0017_OrganisationSetupDesignation</p>
            <p class="text-sm">
              <span>12:10:02 pm</span> / <span>00:00:00:130</span>
              <span class="badge fail-bg log float-right">Fail</span>
            </p>
          </div>
          <div class="test-contents d-none">
<div class="detail-head">
<div class="p-v-10">
<div class="info">
<h5 class="test-status text-fail">testCases.TC0017_OrganisationSetupDesignation</h5>
<span class='badge badge-success'>06.16.2025 12:10:02 pm</span>
<span class='badge badge-danger'>06.16.2025 12:10:03 pm</span>
<span class='badge badge-default'>00:00:00:130</span>
&middot; <span class='uri-anchor badge badge-default'>#test-id=55</span>
<span title='Skip to the next failed step' class='badge badge-danger pointer float-right ne ml-1'><i class="fa fa-fast-forward"></i></span>
<span title='Collapse all nodes' class='badge badge-default pointer float-right ct ml-1'><i class="fa fa-compress"></i></span>
<span title='Expand all nodes' class='badge badge-default pointer float-right et'><i class="fa fa-expand"></i></span>
</div>
</div>
</div>    <div class="row mb-3"><div class="col-md-3">
    

<img data-featherlight='C:\Users\IPSL\IdeaProjects\OrgZstack\screenshots\verify_AddDesignation_20250616121002.png' src="C:\Users\IPSL\IdeaProjects\OrgZstack\screenshots\verify_AddDesignation_20250616121002.png">
  
    

    </div></div>
<div class="detail-body mt-4">
<table class="table table-sm">
  <thead><tr><th class="status-col">Status</th><th class="timestamp-col">Timestamp</th><th class="details-col">Details</th></tr></thead>
  <tbody>
      <tr class="event-row">
        <td><span class="badge log fail-bg">Fail</span></td>
        <td>12:10:02 pm</td>
        <td>
          verify_AddDesignationTest case FAILED 
        </td>
      </tr>
      <tr class="event-row">
        <td><span class="badge log info-bg">Info</span></td>
        <td>12:10:02 pm</td>
        <td>
          element click intercepted: Element <div class="MuiListItemText-root zi-noPadding-169 zi-listItemText-163 truncate-list-item-text MuiListItemText-inset">...</div> is not clickable at point (128, 435). Other element would receive the click: <div aria-hidden="true" style="z-index: -1; position: fixed; inset: 0px; background-color: transparent; -webkit-tap-highlight-color: transparent;"></div>
  (Session info: chrome=137.0.7151.104)
Build info: version: '4.29.0', revision: '5fc1ec94cb'
System info: os.name: 'Windows 11', os.arch: 'amd64', os.version: '10.0', java.version: '17.0.15'
Driver info: org.openqa.selenium.chrome.ChromeDriver
Command: [c18969e2dbf46de704e3269efb078d8d, clickElement {id=f.820848758169960798FBBC3481ECFB69.d.8A73D38606EDFD0CA3084A1C4FEB338F.e.265}]
Capabilities {acceptInsecureCerts: false, browserName: chrome, browserVersion: 137.0.7151.104, chrome: {chromedriverVersion: 137.0.7151.70 (dfa4dc56b2ab..., userDataDir: C:\Users\IPSL\AppData\Local...}, fedcm:accounts: true, goog:chromeOptions: {debuggerAddress: localhost:54296}, networkConnectionEnabled: false, pageLoadStrategy: normal, platformName: windows, proxy: Proxy(), se:cdp: ws://localhost:54296/devtoo..., se:cdpVersion: 137.0.7151.104, setWindowRect: true, strictFileInteractability: false, timeouts: {implicit: 0, pageLoad: 300000, script: 30000}, unhandledPromptBehavior: dismiss and notify, webauthn:extension:credBlob: true, webauthn:extension:largeBlob: true, webauthn:extension:minPinLength: true, webauthn:extension:prf: true, webauthn:virtualAuthenticators: true}
Element: [[ChromeDriver: chrome on windows (c18969e2dbf46de704e3269efb078d8d)] -> xpath: //div[text()='DESIGNATION']]
Session ID: c18969e2dbf46de704e3269efb078d8d
        </td>
      </tr>
  </tbody>
</table>
</div>
          </div>
        </li>
        <li class="test-item"  status="fail" test-id="56"
          author=""
          tag=""
          device="">
          <div class="test-detail">
            <p class="name">testCases.TC0017_OrganisationSetupDesignation</p>
            <p class="text-sm">
              <span>12:10:13 pm</span> / <span>00:00:00:127</span>
              <span class="badge fail-bg log float-right">Fail</span>
            </p>
          </div>
          <div class="test-contents d-none">
<div class="detail-head">
<div class="p-v-10">
<div class="info">
<h5 class="test-status text-fail">testCases.TC0017_OrganisationSetupDesignation</h5>
<span class='badge badge-success'>06.16.2025 12:10:13 pm</span>
<span class='badge badge-danger'>06.16.2025 12:10:13 pm</span>
<span class='badge badge-default'>00:00:00:127</span>
&middot; <span class='uri-anchor badge badge-default'>#test-id=56</span>
<span title='Skip to the next failed step' class='badge badge-danger pointer float-right ne ml-1'><i class="fa fa-fast-forward"></i></span>
<span title='Collapse all nodes' class='badge badge-default pointer float-right ct ml-1'><i class="fa fa-compress"></i></span>
<span title='Expand all nodes' class='badge badge-default pointer float-right et'><i class="fa fa-expand"></i></span>
</div>
</div>
</div>    <div class="row mb-3"><div class="col-md-3">
    

<img data-featherlight='C:\Users\IPSL\IdeaProjects\OrgZstack\screenshots\verify_EditDesignation_20250616121013.png' src="C:\Users\IPSL\IdeaProjects\OrgZstack\screenshots\verify_EditDesignation_20250616121013.png">
  
    

    </div></div>
<div class="detail-body mt-4">
<table class="table table-sm">
  <thead><tr><th class="status-col">Status</th><th class="timestamp-col">Timestamp</th><th class="details-col">Details</th></tr></thead>
  <tbody>
      <tr class="event-row">
        <td><span class="badge log fail-bg">Fail</span></td>
        <td>12:10:13 pm</td>
        <td>
          verify_EditDesignationTest case FAILED 
        </td>
      </tr>
      <tr class="event-row">
        <td><span class="badge log info-bg">Info</span></td>
        <td>12:10:13 pm</td>
        <td>
          no such element: Unable to locate element: {"method":"xpath","selector":"//select[@class="border-b-2 border-black-500"]"}
  (Session info: chrome=137.0.7151.104)
For documentation on this error, please visit: https://www.selenium.dev/documentation/webdriver/troubleshooting/errors#no-such-element-exception
Build info: version: '4.29.0', revision: '5fc1ec94cb'
System info: os.name: 'Windows 11', os.arch: 'amd64', os.version: '10.0', java.version: '17.0.15'
Driver info: org.openqa.selenium.chrome.ChromeDriver
Command: [c18969e2dbf46de704e3269efb078d8d, findElement {value=//select[@class="border-b-2 border-black-500"], using=xpath}]
Capabilities {acceptInsecureCerts: false, browserName: chrome, browserVersion: 137.0.7151.104, chrome: {chromedriverVersion: 137.0.7151.70 (dfa4dc56b2ab..., userDataDir: C:\Users\IPSL\AppData\Local...}, fedcm:accounts: true, goog:chromeOptions: {debuggerAddress: localhost:54296}, networkConnectionEnabled: false, pageLoadStrategy: normal, platformName: windows, proxy: Proxy(), se:cdp: ws://localhost:54296/devtoo..., se:cdpVersion: 137.0.7151.104, setWindowRect: true, strictFileInteractability: false, timeouts: {implicit: 0, pageLoad: 300000, script: 30000}, unhandledPromptBehavior: dismiss and notify, webauthn:extension:credBlob: true, webauthn:extension:largeBlob: true, webauthn:extension:minPinLength: true, webauthn:extension:prf: true, webauthn:virtualAuthenticators: true}
Session ID: c18969e2dbf46de704e3269efb078d8d
        </td>
      </tr>
  </tbody>
</table>
</div>
          </div>
        </li>
        <li class="test-item"  status="fail" test-id="57"
          author=""
          tag=""
          device="">
          <div class="test-detail">
            <p class="name">testCases.TC0017_OrganisationSetupDesignation</p>
            <p class="text-sm">
              <span>12:10:23 pm</span> / <span>00:00:00:140</span>
              <span class="badge fail-bg log float-right">Fail</span>
            </p>
          </div>
          <div class="test-contents d-none">
<div class="detail-head">
<div class="p-v-10">
<div class="info">
<h5 class="test-status text-fail">testCases.TC0017_OrganisationSetupDesignation</h5>
<span class='badge badge-success'>06.16.2025 12:10:23 pm</span>
<span class='badge badge-danger'>06.16.2025 12:10:23 pm</span>
<span class='badge badge-default'>00:00:00:140</span>
&middot; <span class='uri-anchor badge badge-default'>#test-id=57</span>
<span title='Skip to the next failed step' class='badge badge-danger pointer float-right ne ml-1'><i class="fa fa-fast-forward"></i></span>
<span title='Collapse all nodes' class='badge badge-default pointer float-right ct ml-1'><i class="fa fa-compress"></i></span>
<span title='Expand all nodes' class='badge badge-default pointer float-right et'><i class="fa fa-expand"></i></span>
</div>
</div>
</div>    <div class="row mb-3"><div class="col-md-3">
    

<img data-featherlight='C:\Users\IPSL\IdeaProjects\OrgZstack\screenshots\verify_DeleteDesignation_20250616121023.png' src="C:\Users\IPSL\IdeaProjects\OrgZstack\screenshots\verify_DeleteDesignation_20250616121023.png">
  
    

    </div></div>
<div class="detail-body mt-4">
<table class="table table-sm">
  <thead><tr><th class="status-col">Status</th><th class="timestamp-col">Timestamp</th><th class="details-col">Details</th></tr></thead>
  <tbody>
      <tr class="event-row">
        <td><span class="badge log fail-bg">Fail</span></td>
        <td>12:10:23 pm</td>
        <td>
          verify_DeleteDesignationTest case FAILED 
        </td>
      </tr>
      <tr class="event-row">
        <td><span class="badge log info-bg">Info</span></td>
        <td>12:10:23 pm</td>
        <td>
          no such element: Unable to locate element: {"method":"xpath","selector":"//select[@class="border-b-2 border-black-500"]"}
  (Session info: chrome=137.0.7151.104)
For documentation on this error, please visit: https://www.selenium.dev/documentation/webdriver/troubleshooting/errors#no-such-element-exception
Build info: version: '4.29.0', revision: '5fc1ec94cb'
System info: os.name: 'Windows 11', os.arch: 'amd64', os.version: '10.0', java.version: '17.0.15'
Driver info: org.openqa.selenium.chrome.ChromeDriver
Command: [c18969e2dbf46de704e3269efb078d8d, findElement {value=//select[@class="border-b-2 border-black-500"], using=xpath}]
Capabilities {acceptInsecureCerts: false, browserName: chrome, browserVersion: 137.0.7151.104, chrome: {chromedriverVersion: 137.0.7151.70 (dfa4dc56b2ab..., userDataDir: C:\Users\IPSL\AppData\Local...}, fedcm:accounts: true, goog:chromeOptions: {debuggerAddress: localhost:54296}, networkConnectionEnabled: false, pageLoadStrategy: normal, platformName: windows, proxy: Proxy(), se:cdp: ws://localhost:54296/devtoo..., se:cdpVersion: 137.0.7151.104, setWindowRect: true, strictFileInteractability: false, timeouts: {implicit: 0, pageLoad: 300000, script: 30000}, unhandledPromptBehavior: dismiss and notify, webauthn:extension:credBlob: true, webauthn:extension:largeBlob: true, webauthn:extension:minPinLength: true, webauthn:extension:prf: true, webauthn:virtualAuthenticators: true}
Session ID: c18969e2dbf46de704e3269efb078d8d
        </td>
      </tr>
  </tbody>
</table>
</div>
          </div>
        </li>
        <li class="test-item"  status="fail" test-id="58"
          author=""
          tag=""
          device="">
          <div class="test-detail">
            <p class="name">testCases.TC0018_OrgnisationSetupLocation</p>
            <p class="text-sm">
              <span>12:10:24 pm</span> / <span>00:00:00:132</span>
              <span class="badge fail-bg log float-right">Fail</span>
            </p>
          </div>
          <div class="test-contents d-none">
<div class="detail-head">
<div class="p-v-10">
<div class="info">
<h5 class="test-status text-fail">testCases.TC0018_OrgnisationSetupLocation</h5>
<span class='badge badge-success'>06.16.2025 12:10:24 pm</span>
<span class='badge badge-danger'>06.16.2025 12:10:24 pm</span>
<span class='badge badge-default'>00:00:00:132</span>
&middot; <span class='uri-anchor badge badge-default'>#test-id=58</span>
<span title='Skip to the next failed step' class='badge badge-danger pointer float-right ne ml-1'><i class="fa fa-fast-forward"></i></span>
<span title='Collapse all nodes' class='badge badge-default pointer float-right ct ml-1'><i class="fa fa-compress"></i></span>
<span title='Expand all nodes' class='badge badge-default pointer float-right et'><i class="fa fa-expand"></i></span>
</div>
</div>
</div>    <div class="row mb-3"><div class="col-md-3">
    

<img data-featherlight='C:\Users\IPSL\IdeaProjects\OrgZstack\screenshots\verify_AddLocation_20250616121024.png' src="C:\Users\IPSL\IdeaProjects\OrgZstack\screenshots\verify_AddLocation_20250616121024.png">
  
    

    </div></div>
<div class="detail-body mt-4">
<table class="table table-sm">
  <thead><tr><th class="status-col">Status</th><th class="timestamp-col">Timestamp</th><th class="details-col">Details</th></tr></thead>
  <tbody>
      <tr class="event-row">
        <td><span class="badge log fail-bg">Fail</span></td>
        <td>12:10:24 pm</td>
        <td>
          verify_AddLocationTest case FAILED 
        </td>
      </tr>
      <tr class="event-row">
        <td><span class="badge log info-bg">Info</span></td>
        <td>12:10:24 pm</td>
        <td>
          element click intercepted: Element <div class="MuiListItemText-root zi-noPadding-169 zi-listItemText-163 truncate-list-item-text MuiListItemText-inset">...</div> is not clickable at point (128, 476). Other element would receive the click: <div aria-hidden="true" style="z-index: -1; position: fixed; inset: 0px; background-color: transparent; -webkit-tap-highlight-color: transparent;"></div>
  (Session info: chrome=137.0.7151.104)
Build info: version: '4.29.0', revision: '5fc1ec94cb'
System info: os.name: 'Windows 11', os.arch: 'amd64', os.version: '10.0', java.version: '17.0.15'
Driver info: org.openqa.selenium.chrome.ChromeDriver
Command: [c18969e2dbf46de704e3269efb078d8d, clickElement {id=f.820848758169960798FBBC3481ECFB69.d.8A73D38606EDFD0CA3084A1C4FEB338F.e.266}]
Capabilities {acceptInsecureCerts: false, browserName: chrome, browserVersion: 137.0.7151.104, chrome: {chromedriverVersion: 137.0.7151.70 (dfa4dc56b2ab..., userDataDir: C:\Users\IPSL\AppData\Local...}, fedcm:accounts: true, goog:chromeOptions: {debuggerAddress: localhost:54296}, networkConnectionEnabled: false, pageLoadStrategy: normal, platformName: windows, proxy: Proxy(), se:cdp: ws://localhost:54296/devtoo..., se:cdpVersion: 137.0.7151.104, setWindowRect: true, strictFileInteractability: false, timeouts: {implicit: 0, pageLoad: 300000, script: 30000}, unhandledPromptBehavior: dismiss and notify, webauthn:extension:credBlob: true, webauthn:extension:largeBlob: true, webauthn:extension:minPinLength: true, webauthn:extension:prf: true, webauthn:virtualAuthenticators: true}
Element: [[ChromeDriver: chrome on windows (c18969e2dbf46de704e3269efb078d8d)] -> xpath: //li/div[contains(text(), 'LOCATION')]]
Session ID: c18969e2dbf46de704e3269efb078d8d
        </td>
      </tr>
  </tbody>
</table>
</div>
          </div>
        </li>
        <li class="test-item"  status="fail" test-id="59"
          author=""
          tag=""
          device="">
          <div class="test-detail">
            <p class="name">testCases.TC0018_OrgnisationSetupLocation</p>
            <p class="text-sm">
              <span>12:10:34 pm</span> / <span>00:00:00:165</span>
              <span class="badge fail-bg log float-right">Fail</span>
            </p>
          </div>
          <div class="test-contents d-none">
<div class="detail-head">
<div class="p-v-10">
<div class="info">
<h5 class="test-status text-fail">testCases.TC0018_OrgnisationSetupLocation</h5>
<span class='badge badge-success'>06.16.2025 12:10:34 pm</span>
<span class='badge badge-danger'>06.16.2025 12:10:34 pm</span>
<span class='badge badge-default'>00:00:00:165</span>
&middot; <span class='uri-anchor badge badge-default'>#test-id=59</span>
<span title='Skip to the next failed step' class='badge badge-danger pointer float-right ne ml-1'><i class="fa fa-fast-forward"></i></span>
<span title='Collapse all nodes' class='badge badge-default pointer float-right ct ml-1'><i class="fa fa-compress"></i></span>
<span title='Expand all nodes' class='badge badge-default pointer float-right et'><i class="fa fa-expand"></i></span>
</div>
</div>
</div>    <div class="row mb-3"><div class="col-md-3">
    

<img data-featherlight='C:\Users\IPSL\IdeaProjects\OrgZstack\screenshots\verify_EditLocation_20250616121034.png' src="C:\Users\IPSL\IdeaProjects\OrgZstack\screenshots\verify_EditLocation_20250616121034.png">
  
    

    </div></div>
<div class="detail-body mt-4">
<table class="table table-sm">
  <thead><tr><th class="status-col">Status</th><th class="timestamp-col">Timestamp</th><th class="details-col">Details</th></tr></thead>
  <tbody>
      <tr class="event-row">
        <td><span class="badge log fail-bg">Fail</span></td>
        <td>12:10:34 pm</td>
        <td>
          verify_EditLocationTest case FAILED 
        </td>
      </tr>
      <tr class="event-row">
        <td><span class="badge log info-bg">Info</span></td>
        <td>12:10:34 pm</td>
        <td>
          no such element: Unable to locate element: {"method":"xpath","selector":"//select[@class="border-b-2 border-black-500"]"}
  (Session info: chrome=137.0.7151.104)
For documentation on this error, please visit: https://www.selenium.dev/documentation/webdriver/troubleshooting/errors#no-such-element-exception
Build info: version: '4.29.0', revision: '5fc1ec94cb'
System info: os.name: 'Windows 11', os.arch: 'amd64', os.version: '10.0', java.version: '17.0.15'
Driver info: org.openqa.selenium.chrome.ChromeDriver
Command: [c18969e2dbf46de704e3269efb078d8d, findElement {value=//select[@class="border-b-2 border-black-500"], using=xpath}]
Capabilities {acceptInsecureCerts: false, browserName: chrome, browserVersion: 137.0.7151.104, chrome: {chromedriverVersion: 137.0.7151.70 (dfa4dc56b2ab..., userDataDir: C:\Users\IPSL\AppData\Local...}, fedcm:accounts: true, goog:chromeOptions: {debuggerAddress: localhost:54296}, networkConnectionEnabled: false, pageLoadStrategy: normal, platformName: windows, proxy: Proxy(), se:cdp: ws://localhost:54296/devtoo..., se:cdpVersion: 137.0.7151.104, setWindowRect: true, strictFileInteractability: false, timeouts: {implicit: 0, pageLoad: 300000, script: 30000}, unhandledPromptBehavior: dismiss and notify, webauthn:extension:credBlob: true, webauthn:extension:largeBlob: true, webauthn:extension:minPinLength: true, webauthn:extension:prf: true, webauthn:virtualAuthenticators: true}
Session ID: c18969e2dbf46de704e3269efb078d8d
        </td>
      </tr>
  </tbody>
</table>
</div>
          </div>
        </li>
        <li class="test-item"  status="fail" test-id="60"
          author=""
          tag=""
          device="">
          <div class="test-detail">
            <p class="name">testCases.TC0018_OrgnisationSetupLocation</p>
            <p class="text-sm">
              <span>12:10:53 pm</span> / <span>00:00:00:180</span>
              <span class="badge fail-bg log float-right">Fail</span>
            </p>
          </div>
          <div class="test-contents d-none">
<div class="detail-head">
<div class="p-v-10">
<div class="info">
<h5 class="test-status text-fail">testCases.TC0018_OrgnisationSetupLocation</h5>
<span class='badge badge-success'>06.16.2025 12:10:53 pm</span>
<span class='badge badge-danger'>06.16.2025 12:10:53 pm</span>
<span class='badge badge-default'>00:00:00:180</span>
&middot; <span class='uri-anchor badge badge-default'>#test-id=60</span>
<span title='Skip to the next failed step' class='badge badge-danger pointer float-right ne ml-1'><i class="fa fa-fast-forward"></i></span>
<span title='Collapse all nodes' class='badge badge-default pointer float-right ct ml-1'><i class="fa fa-compress"></i></span>
<span title='Expand all nodes' class='badge badge-default pointer float-right et'><i class="fa fa-expand"></i></span>
</div>
</div>
</div>    <div class="row mb-3"><div class="col-md-3">
    

<img data-featherlight='C:\Users\IPSL\IdeaProjects\OrgZstack\screenshots\verify_DeleteLocation_20250616121053.png' src="C:\Users\IPSL\IdeaProjects\OrgZstack\screenshots\verify_DeleteLocation_20250616121053.png">
  
    

    </div></div>
<div class="detail-body mt-4">
<table class="table table-sm">
  <thead><tr><th class="status-col">Status</th><th class="timestamp-col">Timestamp</th><th class="details-col">Details</th></tr></thead>
  <tbody>
      <tr class="event-row">
        <td><span class="badge log fail-bg">Fail</span></td>
        <td>12:10:53 pm</td>
        <td>
          verify_DeleteLocationTest case FAILED 
        </td>
      </tr>
      <tr class="event-row">
        <td><span class="badge log info-bg">Info</span></td>
        <td>12:10:53 pm</td>
        <td>
          no such element: Unable to locate element: {"method":"xpath","selector":"//select[@class="border-b-2 border-black-500"]"}
  (Session info: chrome=137.0.7151.104)
For documentation on this error, please visit: https://www.selenium.dev/documentation/webdriver/troubleshooting/errors#no-such-element-exception
Build info: version: '4.29.0', revision: '5fc1ec94cb'
System info: os.name: 'Windows 11', os.arch: 'amd64', os.version: '10.0', java.version: '17.0.15'
Driver info: org.openqa.selenium.chrome.ChromeDriver
Command: [c18969e2dbf46de704e3269efb078d8d, findElement {value=//select[@class="border-b-2 border-black-500"], using=xpath}]
Capabilities {acceptInsecureCerts: false, browserName: chrome, browserVersion: 137.0.7151.104, chrome: {chromedriverVersion: 137.0.7151.70 (dfa4dc56b2ab..., userDataDir: C:\Users\IPSL\AppData\Local...}, fedcm:accounts: true, goog:chromeOptions: {debuggerAddress: localhost:54296}, networkConnectionEnabled: false, pageLoadStrategy: normal, platformName: windows, proxy: Proxy(), se:cdp: ws://localhost:54296/devtoo..., se:cdpVersion: 137.0.7151.104, setWindowRect: true, strictFileInteractability: false, timeouts: {implicit: 0, pageLoad: 300000, script: 30000}, unhandledPromptBehavior: dismiss and notify, webauthn:extension:credBlob: true, webauthn:extension:largeBlob: true, webauthn:extension:minPinLength: true, webauthn:extension:prf: true, webauthn:virtualAuthenticators: true}
Session ID: c18969e2dbf46de704e3269efb078d8d
        </td>
      </tr>
  </tbody>
</table>
</div>
          </div>
        </li>
        <li class="test-item"  status="pass" test-id="61"
          author=""
          tag=""
          device="">
          <div class="test-detail">
            <p class="name">testCases.TC0019_OrganisationSetupCreateClient</p>
            <p class="text-sm">
              <span>12:11:44 pm</span> / <span>00:00:00:000</span>
              <span class="badge pass-bg log float-right">Pass</span>
            </p>
          </div>
          <div class="test-contents d-none">
<div class="detail-head">
<div class="p-v-10">
<div class="info">
<h5 class="test-status text-pass">testCases.TC0019_OrganisationSetupCreateClient</h5>
<span class='badge badge-success'>06.16.2025 12:11:44 pm</span>
<span class='badge badge-danger'>06.16.2025 12:11:44 pm</span>
<span class='badge badge-default'>00:00:00:000</span>
&middot; <span class='uri-anchor badge badge-default'>#test-id=61</span>
<span title='Skip to the next failed step' class='badge badge-danger pointer float-right ne ml-1'><i class="fa fa-fast-forward"></i></span>
<span title='Collapse all nodes' class='badge badge-default pointer float-right ct ml-1'><i class="fa fa-compress"></i></span>
<span title='Expand all nodes' class='badge badge-default pointer float-right et'><i class="fa fa-expand"></i></span>
</div>
</div>
</div><div class="detail-body mt-4">
<table class="table table-sm">
  <thead><tr><th class="status-col">Status</th><th class="timestamp-col">Timestamp</th><th class="details-col">Details</th></tr></thead>
  <tbody>
      <tr class="event-row">
        <td><span class="badge log pass-bg">Pass</span></td>
        <td>12:11:44 pm</td>
        <td>
          verify_AddClientgot successfully executed
        </td>
      </tr>
  </tbody>
</table>
</div>
          </div>
        </li>
        <li class="test-item"  status="pass" test-id="62"
          author=""
          tag=""
          device="">
          <div class="test-detail">
            <p class="name">testCases.TC0020_OtganisationSetupEditClient</p>
            <p class="text-sm">
              <span>12:12:32 pm</span> / <span>00:00:00:000</span>
              <span class="badge pass-bg log float-right">Pass</span>
            </p>
          </div>
          <div class="test-contents d-none">
<div class="detail-head">
<div class="p-v-10">
<div class="info">
<h5 class="test-status text-pass">testCases.TC0020_OtganisationSetupEditClient</h5>
<span class='badge badge-success'>06.16.2025 12:12:32 pm</span>
<span class='badge badge-danger'>06.16.2025 12:12:32 pm</span>
<span class='badge badge-default'>00:00:00:000</span>
&middot; <span class='uri-anchor badge badge-default'>#test-id=62</span>
<span title='Skip to the next failed step' class='badge badge-danger pointer float-right ne ml-1'><i class="fa fa-fast-forward"></i></span>
<span title='Collapse all nodes' class='badge badge-default pointer float-right ct ml-1'><i class="fa fa-compress"></i></span>
<span title='Expand all nodes' class='badge badge-default pointer float-right et'><i class="fa fa-expand"></i></span>
</div>
</div>
</div><div class="detail-body mt-4">
<table class="table table-sm">
  <thead><tr><th class="status-col">Status</th><th class="timestamp-col">Timestamp</th><th class="details-col">Details</th></tr></thead>
  <tbody>
      <tr class="event-row">
        <td><span class="badge log pass-bg">Pass</span></td>
        <td>12:12:32 pm</td>
        <td>
          verify_EditClientgot successfully executed
        </td>
      </tr>
  </tbody>
</table>
</div>
          </div>
        </li>
        <li class="test-item"  status="pass" test-id="63"
          author=""
          tag=""
          device="">
          <div class="test-detail">
            <p class="name">testCases.TC0021_OrganisationSetupGrade</p>
            <p class="text-sm">
              <span>12:12:35 pm</span> / <span>00:00:00:000</span>
              <span class="badge pass-bg log float-right">Pass</span>
            </p>
          </div>
          <div class="test-contents d-none">
<div class="detail-head">
<div class="p-v-10">
<div class="info">
<h5 class="test-status text-pass">testCases.TC0021_OrganisationSetupGrade</h5>
<span class='badge badge-success'>06.16.2025 12:12:35 pm</span>
<span class='badge badge-danger'>06.16.2025 12:12:35 pm</span>
<span class='badge badge-default'>00:00:00:000</span>
&middot; <span class='uri-anchor badge badge-default'>#test-id=63</span>
<span title='Skip to the next failed step' class='badge badge-danger pointer float-right ne ml-1'><i class="fa fa-fast-forward"></i></span>
<span title='Collapse all nodes' class='badge badge-default pointer float-right ct ml-1'><i class="fa fa-compress"></i></span>
<span title='Expand all nodes' class='badge badge-default pointer float-right et'><i class="fa fa-expand"></i></span>
</div>
</div>
</div><div class="detail-body mt-4">
<table class="table table-sm">
  <thead><tr><th class="status-col">Status</th><th class="timestamp-col">Timestamp</th><th class="details-col">Details</th></tr></thead>
  <tbody>
      <tr class="event-row">
        <td><span class="badge log pass-bg">Pass</span></td>
        <td>12:12:35 pm</td>
        <td>
          verify_AddGradegot successfully executed
        </td>
      </tr>
  </tbody>
</table>
</div>
          </div>
        </li>
        <li class="test-item"  status="pass" test-id="64"
          author=""
          tag=""
          device="">
          <div class="test-detail">
            <p class="name">testCases.TC0021_OrganisationSetupGrade</p>
            <p class="text-sm">
              <span>12:12:37 pm</span> / <span>00:00:00:000</span>
              <span class="badge pass-bg log float-right">Pass</span>
            </p>
          </div>
          <div class="test-contents d-none">
<div class="detail-head">
<div class="p-v-10">
<div class="info">
<h5 class="test-status text-pass">testCases.TC0021_OrganisationSetupGrade</h5>
<span class='badge badge-success'>06.16.2025 12:12:37 pm</span>
<span class='badge badge-danger'>06.16.2025 12:12:37 pm</span>
<span class='badge badge-default'>00:00:00:000</span>
&middot; <span class='uri-anchor badge badge-default'>#test-id=64</span>
<span title='Skip to the next failed step' class='badge badge-danger pointer float-right ne ml-1'><i class="fa fa-fast-forward"></i></span>
<span title='Collapse all nodes' class='badge badge-default pointer float-right ct ml-1'><i class="fa fa-compress"></i></span>
<span title='Expand all nodes' class='badge badge-default pointer float-right et'><i class="fa fa-expand"></i></span>
</div>
</div>
</div><div class="detail-body mt-4">
<table class="table table-sm">
  <thead><tr><th class="status-col">Status</th><th class="timestamp-col">Timestamp</th><th class="details-col">Details</th></tr></thead>
  <tbody>
      <tr class="event-row">
        <td><span class="badge log pass-bg">Pass</span></td>
        <td>12:12:37 pm</td>
        <td>
          verify_EditGradegot successfully executed
        </td>
      </tr>
  </tbody>
</table>
</div>
          </div>
        </li>
        <li class="test-item"  status="pass" test-id="65"
          author=""
          tag=""
          device="">
          <div class="test-detail">
            <p class="name">testCases.TC0021_OrganisationSetupGrade</p>
            <p class="text-sm">
              <span>12:12:53 pm</span> / <span>00:00:00:000</span>
              <span class="badge pass-bg log float-right">Pass</span>
            </p>
          </div>
          <div class="test-contents d-none">
<div class="detail-head">
<div class="p-v-10">
<div class="info">
<h5 class="test-status text-pass">testCases.TC0021_OrganisationSetupGrade</h5>
<span class='badge badge-success'>06.16.2025 12:12:53 pm</span>
<span class='badge badge-danger'>06.16.2025 12:12:53 pm</span>
<span class='badge badge-default'>00:00:00:000</span>
&middot; <span class='uri-anchor badge badge-default'>#test-id=65</span>
<span title='Skip to the next failed step' class='badge badge-danger pointer float-right ne ml-1'><i class="fa fa-fast-forward"></i></span>
<span title='Collapse all nodes' class='badge badge-default pointer float-right ct ml-1'><i class="fa fa-compress"></i></span>
<span title='Expand all nodes' class='badge badge-default pointer float-right et'><i class="fa fa-expand"></i></span>
</div>
</div>
</div><div class="detail-body mt-4">
<table class="table table-sm">
  <thead><tr><th class="status-col">Status</th><th class="timestamp-col">Timestamp</th><th class="details-col">Details</th></tr></thead>
  <tbody>
      <tr class="event-row">
        <td><span class="badge log pass-bg">Pass</span></td>
        <td>12:12:53 pm</td>
        <td>
          verify_DeleteGradegot successfully executed
        </td>
      </tr>
  </tbody>
</table>
</div>
          </div>
        </li>
        <li class="test-item"  status="fail" test-id="66"
          author=""
          tag=""
          device="">
          <div class="test-detail">
            <p class="name">testCases.TC0022_AddNewTask</p>
            <p class="text-sm">
              <span>12:12:55 pm</span> / <span>00:00:00:142</span>
              <span class="badge fail-bg log float-right">Fail</span>
            </p>
          </div>
          <div class="test-contents d-none">
<div class="detail-head">
<div class="p-v-10">
<div class="info">
<h5 class="test-status text-fail">testCases.TC0022_AddNewTask</h5>
<span class='badge badge-success'>06.16.2025 12:12:55 pm</span>
<span class='badge badge-danger'>06.16.2025 12:12:55 pm</span>
<span class='badge badge-default'>00:00:00:142</span>
&middot; <span class='uri-anchor badge badge-default'>#test-id=66</span>
<span title='Skip to the next failed step' class='badge badge-danger pointer float-right ne ml-1'><i class="fa fa-fast-forward"></i></span>
<span title='Collapse all nodes' class='badge badge-default pointer float-right ct ml-1'><i class="fa fa-compress"></i></span>
<span title='Expand all nodes' class='badge badge-default pointer float-right et'><i class="fa fa-expand"></i></span>
</div>
</div>
</div>    <div class="row mb-3"><div class="col-md-3">
    

<img data-featherlight='C:\Users\IPSL\IdeaProjects\OrgZstack\screenshots\verify_AddNewTask_20250616121255.png' src="C:\Users\IPSL\IdeaProjects\OrgZstack\screenshots\verify_AddNewTask_20250616121255.png">
  
    

    </div></div>
<div class="detail-body mt-4">
<table class="table table-sm">
  <thead><tr><th class="status-col">Status</th><th class="timestamp-col">Timestamp</th><th class="details-col">Details</th></tr></thead>
  <tbody>
      <tr class="event-row">
        <td><span class="badge log fail-bg">Fail</span></td>
        <td>12:12:55 pm</td>
        <td>
          verify_AddNewTaskTest case FAILED 
        </td>
      </tr>
      <tr class="event-row">
        <td><span class="badge log info-bg">Info</span></td>
        <td>12:12:55 pm</td>
        <td>
          element click intercepted: Element <div style="background-color: rgb(83, 85, 227); color: rgb(255, 255, 255); border-radius: 10px; padding: 10px 20px; cursor: pointer;">...</div> is not clickable at point (1236, 5). Other element would receive the click: <div style="width: 100%; display: flex; justify-content: flex-end;">...</div>
  (Session info: chrome=137.0.7151.104)
Build info: version: '4.29.0', revision: '5fc1ec94cb'
System info: os.name: 'Windows 11', os.arch: 'amd64', os.version: '10.0', java.version: '17.0.15'
Driver info: org.openqa.selenium.chrome.ChromeDriver
Command: [c18969e2dbf46de704e3269efb078d8d, clickElement {id=f.820848758169960798FBBC3481ECFB69.d.E59A8F6C5055C7D44DA911F6A3272813.e.880}]
Capabilities {acceptInsecureCerts: false, browserName: chrome, browserVersion: 137.0.7151.104, chrome: {chromedriverVersion: 137.0.7151.70 (dfa4dc56b2ab..., userDataDir: C:\Users\IPSL\AppData\Local...}, fedcm:accounts: true, goog:chromeOptions: {debuggerAddress: localhost:54296}, networkConnectionEnabled: false, pageLoadStrategy: normal, platformName: windows, proxy: Proxy(), se:cdp: ws://localhost:54296/devtoo..., se:cdpVersion: 137.0.7151.104, setWindowRect: true, strictFileInteractability: false, timeouts: {implicit: 0, pageLoad: 300000, script: 30000}, unhandledPromptBehavior: dismiss and notify, webauthn:extension:credBlob: true, webauthn:extension:largeBlob: true, webauthn:extension:minPinLength: true, webauthn:extension:prf: true, webauthn:virtualAuthenticators: true}
Element: [[ChromeDriver: chrome on windows (c18969e2dbf46de704e3269efb078d8d)] -> xpath: //div[normalize-space()='+ Add New Task']]
Session ID: c18969e2dbf46de704e3269efb078d8d
        </td>
      </tr>
  </tbody>
</table>
</div>
          </div>
        </li>
        <li class="test-item"  status="fail" test-id="67"
          author=""
          tag=""
          device="">
          <div class="test-detail">
            <p class="name">testCases.TC0023_UpdateTask</p>
            <p class="text-sm">
              <span>12:12:57 pm</span> / <span>00:00:00:165</span>
              <span class="badge fail-bg log float-right">Fail</span>
            </p>
          </div>
          <div class="test-contents d-none">
<div class="detail-head">
<div class="p-v-10">
<div class="info">
<h5 class="test-status text-fail">testCases.TC0023_UpdateTask</h5>
<span class='badge badge-success'>06.16.2025 12:12:57 pm</span>
<span class='badge badge-danger'>06.16.2025 12:12:57 pm</span>
<span class='badge badge-default'>00:00:00:165</span>
&middot; <span class='uri-anchor badge badge-default'>#test-id=67</span>
<span title='Skip to the next failed step' class='badge badge-danger pointer float-right ne ml-1'><i class="fa fa-fast-forward"></i></span>
<span title='Collapse all nodes' class='badge badge-default pointer float-right ct ml-1'><i class="fa fa-compress"></i></span>
<span title='Expand all nodes' class='badge badge-default pointer float-right et'><i class="fa fa-expand"></i></span>
</div>
</div>
</div>    <div class="row mb-3"><div class="col-md-3">
    

<img data-featherlight='C:\Users\IPSL\IdeaProjects\OrgZstack\screenshots\verify_AddNewTask_20250616121257.png' src="C:\Users\IPSL\IdeaProjects\OrgZstack\screenshots\verify_AddNewTask_20250616121257.png">
  
    

    </div></div>
<div class="detail-body mt-4">
<table class="table table-sm">
  <thead><tr><th class="status-col">Status</th><th class="timestamp-col">Timestamp</th><th class="details-col">Details</th></tr></thead>
  <tbody>
      <tr class="event-row">
        <td><span class="badge log fail-bg">Fail</span></td>
        <td>12:12:57 pm</td>
        <td>
          verify_AddNewTaskTest case FAILED 
        </td>
      </tr>
      <tr class="event-row">
        <td><span class="badge log info-bg">Info</span></td>
        <td>12:12:57 pm</td>
        <td>
          element click intercepted: Element <div style="background-color: rgb(83, 85, 227); color: rgb(255, 255, 255); border-radius: 10px; padding: 10px 20px; cursor: pointer;">...</div> is not clickable at point (1236, 5). Other element would receive the click: <div style="width: 100%; display: flex; justify-content: flex-end;">...</div>
  (Session info: chrome=137.0.7151.104)
Build info: version: '4.29.0', revision: '5fc1ec94cb'
System info: os.name: 'Windows 11', os.arch: 'amd64', os.version: '10.0', java.version: '17.0.15'
Driver info: org.openqa.selenium.chrome.ChromeDriver
Command: [c18969e2dbf46de704e3269efb078d8d, clickElement {id=f.820848758169960798FBBC3481ECFB69.d.E59A8F6C5055C7D44DA911F6A3272813.e.880}]
Capabilities {acceptInsecureCerts: false, browserName: chrome, browserVersion: 137.0.7151.104, chrome: {chromedriverVersion: 137.0.7151.70 (dfa4dc56b2ab..., userDataDir: C:\Users\IPSL\AppData\Local...}, fedcm:accounts: true, goog:chromeOptions: {debuggerAddress: localhost:54296}, networkConnectionEnabled: false, pageLoadStrategy: normal, platformName: windows, proxy: Proxy(), se:cdp: ws://localhost:54296/devtoo..., se:cdpVersion: 137.0.7151.104, setWindowRect: true, strictFileInteractability: false, timeouts: {implicit: 0, pageLoad: 300000, script: 30000}, unhandledPromptBehavior: dismiss and notify, webauthn:extension:credBlob: true, webauthn:extension:largeBlob: true, webauthn:extension:minPinLength: true, webauthn:extension:prf: true, webauthn:virtualAuthenticators: true}
Element: [[ChromeDriver: chrome on windows (c18969e2dbf46de704e3269efb078d8d)] -> xpath: //div[normalize-space()='+ Add New Task']]
Session ID: c18969e2dbf46de704e3269efb078d8d
        </td>
      </tr>
  </tbody>
</table>
</div>
          </div>
        </li>
        <li class="test-item"  status="pass" test-id="68"
          author=""
          tag=""
          device="">
          <div class="test-detail">
            <p class="name">testCases.TC0023_UpdateTask</p>
            <p class="text-sm">
              <span>12:13:06 pm</span> / <span>00:00:00:000</span>
              <span class="badge pass-bg log float-right">Pass</span>
            </p>
          </div>
          <div class="test-contents d-none">
<div class="detail-head">
<div class="p-v-10">
<div class="info">
<h5 class="test-status text-pass">testCases.TC0023_UpdateTask</h5>
<span class='badge badge-success'>06.16.2025 12:13:06 pm</span>
<span class='badge badge-danger'>06.16.2025 12:13:06 pm</span>
<span class='badge badge-default'>00:00:00:000</span>
&middot; <span class='uri-anchor badge badge-default'>#test-id=68</span>
<span title='Skip to the next failed step' class='badge badge-danger pointer float-right ne ml-1'><i class="fa fa-fast-forward"></i></span>
<span title='Collapse all nodes' class='badge badge-default pointer float-right ct ml-1'><i class="fa fa-compress"></i></span>
<span title='Expand all nodes' class='badge badge-default pointer float-right et'><i class="fa fa-expand"></i></span>
</div>
</div>
</div><div class="detail-body mt-4">
<table class="table table-sm">
  <thead><tr><th class="status-col">Status</th><th class="timestamp-col">Timestamp</th><th class="details-col">Details</th></tr></thead>
  <tbody>
      <tr class="event-row">
        <td><span class="badge log pass-bg">Pass</span></td>
        <td>12:13:06 pm</td>
        <td>
          verify_UpdateTaskgot successfully executed
        </td>
      </tr>
  </tbody>
</table>
</div>
          </div>
        </li>
      </ul>
    </div>
  </div>
<div class="test-content scrollable">
<div class="test-content-tools">
<ul><li><a class="back-to-test" href="#"><i class="fa fa-arrow-left"></i></a></li></ul>
</div>
<div class="test-content-detail"><div class="detail-body"></div></div>
</div></div>
<div class="test-wrapper row view category-view attributes-view">
<div class="test-list">
<div class="test-list-tools">
<ul class="tools pull-left"><li><a href=""><span class="font-size-14">Category</span></a></li></ul>
<ul class="tools text-right"><li><a href="#"><span class="badge badge-primary">2</span></a></li></ul>
</div>
<div class="test-list-wrapper scrollable">
<ul class="test-list-item">
<li class="test-item">
<div class="test-detail">
<span class="meta">
<span class='badge log pass-bg'>2</span>
<span class='badge log badge-danger'>11</span>
</span>
<p class="name">Master</p>
<p class="duration text-sm">13 tests</p>
</div>
<div class="test-contents d-none">
<div class="info">
<h4>Master</h4>
<span status="pass" class='badge log pass-bg'>2 passed</span>
<span status="fail" class='badge log badge-danger'>11 failed</span>
</div>
<table class='table table-sm mt-4'>
<thead>
<tr>
<th class="status-col">Status</th>
<th class="timestamp-col">Timestamp</th>
<th>TestName</th>
</tr>
</thead>
<tbody>
<tr class="tag-test-status" status="fail">
<td><span class="badge log fail-bg">Fail</span></td>
<td>12:01:32 pm</td>
<td>
<a href="#" class="linked" test-id='1' id='1'>testCases.TC001_LoginTest</a>
</td>
</tr>
<tr class="tag-test-status" status="fail">
<td><span class="badge log fail-bg">Fail</span></td>
<td>12:01:58 pm</td>
<td>
<a href="#" class="linked" test-id='2' id='2'>testCases.TC001_LoginTest</a>
</td>
</tr>
<tr class="tag-test-status" status="fail">
<td><span class="badge log fail-bg">Fail</span></td>
<td>12:02:23 pm</td>
<td>
<a href="#" class="linked" test-id='3' id='3'>testCases.TC001_LoginTest</a>
</td>
</tr>
<tr class="tag-test-status" status="fail">
<td><span class="badge log fail-bg">Fail</span></td>
<td>12:02:48 pm</td>
<td>
<a href="#" class="linked" test-id='4' id='4'>testCases.TC001_LoginTest</a>
</td>
</tr>
<tr class="tag-test-status" status="fail">
<td><span class="badge log fail-bg">Fail</span></td>
<td>12:03:14 pm</td>
<td>
<a href="#" class="linked" test-id='5' id='5'>testCases.TC001_LoginTest</a>
</td>
</tr>
<tr class="tag-test-status" status="fail">
<td><span class="badge log fail-bg">Fail</span></td>
<td>12:03:39 pm</td>
<td>
<a href="#" class="linked" test-id='6' id='6'>testCases.TC001_LoginTest</a>
</td>
</tr>
<tr class="tag-test-status" status="fail">
<td><span class="badge log fail-bg">Fail</span></td>
<td>12:04:04 pm</td>
<td>
<a href="#" class="linked" test-id='7' id='7'>testCases.TC001_LoginTest</a>
</td>
</tr>
<tr class="tag-test-status" status="fail">
<td><span class="badge log fail-bg">Fail</span></td>
<td>12:04:29 pm</td>
<td>
<a href="#" class="linked" test-id='8' id='8'>testCases.TC001_LoginTest</a>
</td>
</tr>
<tr class="tag-test-status" status="fail">
<td><span class="badge log fail-bg">Fail</span></td>
<td>12:04:30 pm</td>
<td>
<a href="#" class="linked" test-id='9' id='9'>testCases.TC002_CreateRequition</a>
</td>
</tr>
<tr class="tag-test-status" status="pass">
<td><span class="badge log pass-bg">Pass</span></td>
<td>12:04:30 pm</td>
<td>
<a href="#" class="linked" test-id='10' id='10'>testCases.TC002_CreateRequition</a>
</td>
</tr>
<tr class="tag-test-status" status="fail">
<td><span class="badge log fail-bg">Fail</span></td>
<td>12:04:40 pm</td>
<td>
<a href="#" class="linked" test-id='11' id='11'>testCases.TC002_CreateRequition</a>
</td>
</tr>
<tr class="tag-test-status" status="fail">
<td><span class="badge log fail-bg">Fail</span></td>
<td>12:04:50 pm</td>
<td>
<a href="#" class="linked" test-id='12' id='12'>testCases.TC002_CreateRequition</a>
</td>
</tr>
<tr class="tag-test-status" status="pass">
<td><span class="badge log pass-bg">Pass</span></td>
<td>12:08:21 pm</td>
<td>
<a href="#" class="linked" test-id='41' id='41'>testCases.TC0012_OrgInfo</a>
</td>
</tr>
</tbody>
</table>
</div>
</li>
<li class="test-item">
<div class="test-detail">
<span class="meta">
<span class='badge log pass-bg'>1</span>
</span>
<p class="name">Organisation</p>
<p class="duration text-sm">1 tests</p>
</div>
<div class="test-contents d-none">
<div class="info">
<h4>Organisation</h4>
<span status="pass" class='badge log pass-bg'>1 passed</span>
</div>
<table class='table table-sm mt-4'>
<thead>
<tr>
<th class="status-col">Status</th>
<th class="timestamp-col">Timestamp</th>
<th>TestName</th>
</tr>
</thead>
<tbody>
<tr class="tag-test-status" status="pass">
<td><span class="badge log pass-bg">Pass</span></td>
<td>12:08:21 pm</td>
<td>
<a href="#" class="linked" test-id='41' id='41'>testCases.TC0012_OrgInfo</a>
</td>
</tr>
</tbody>
</table>
</div>
</li>
</ul>
</div>
</div>
<div class="test-content scrollable">
<div class="test-content-detail">
<div class="detail-body"></div>
</div>
</div>
</div><div class="container-fluid p-4 view dashboard-view">
<div class="row">
<div class="col-md-3">
<div class="card"><div class="card-body">
<p class="m-b-0">Started</p>
<h3>Jun 16, 2025 12:01:05 pm</h3>
</div></div>
</div>
<div class="col-md-3">
<div class="card"><div class="card-body">
<p class="m-b-0">Ended</p>
<h3>Jun 16, 2025 12:13:06 pm</h3>
</div></div>
</div>
<div class="col-md-3">
<div class="card"><div class="card-body">
<p class="m-b-0 text-pass">Tests Passed</p>
<h3>19</h3>
</div></div>
</div>
<div class="col-md-3">
<div class="card"><div class="card-body">
<p class="m-b-0 text-fail">Tests Failed</p>
<h3>49</h3>
</div></div>
</div>
</div>
<div class="row">
<div class="col-md-6">
<div class="card">
<div class="card-header">
<h6 class="card-title">Tests</h6>
</div>
<div class="card-body">
<div class="">
<canvas id='parent-analysis' width='115' height='90'></canvas>
</div>
</div>
<div class="card-footer">
<div><small data-tooltip='27%'>
<b>19</b> tests passed
</small>
</div>
<div>
<small data-tooltip='72%'><b>49</b> tests failed,
<b>0</b> skipped, <b data-tooltip='0%'>0</b> others
</small>
</div>
</div>
</div>
</div>
<div class="col-md-6">
<div class="card">
<div class="card-header">
<h6 class="card-title">Log events</h6>
</div>
<div class="card-body">
<div class="">
<canvas id='events-analysis' width='115' height='90'></canvas>
</div>
</div>
<div class="card-footer">
<div><small data-tooltip='16%'><b>19</b> events passed</small></div>
<div>
<small data-tooltip='41%'><b>49</b> events failed,
<b data-tooltip='%'>49</b> others
</small>
</div>
</div>
</div>
</div>
</div>
<div class="row"><div class="col-md-12">
<div class="card"><div class="card-header"><p>Timeline</p></div>
<div class="card-body pt-0"><div>
<canvas id="timeline" height="120"></canvas>
</div></div>
</div>
</div></div>
<script>
var timeline = {
"testCases.TC001_LoginTest":0.136,"testCases.TC001_LoginTest":0.114,"testCases.TC001_LoginTest":0.119,"testCases.TC001_LoginTest":0.113,"testCases.TC001_LoginTest":0.125,"testCases.TC001_LoginTest":0.12,"testCases.TC001_LoginTest":0.104,"testCases.TC001_LoginTest":0.101,"testCases.TC002_CreateRequition":0.114,"testCases.TC002_CreateRequition":0,"testCases.TC002_CreateRequition":0.091,"testCases.TC002_CreateRequition":0.084,"testCases.TC003_AddBusinessUnit":0,"testCases.TC003_AddBusinessUnit":0,"testCases.TC003_AddBusinessUnit":0,"testCases.TC004_EditBusinessUnit":0,"testCases.TC004_EditBusinessUnit":0.101,"testCases.TC005_BusinessUnitContacts":0,"testCases.TC005_BusinessUnitContacts":0.093,"testCases.TC005_BusinessUnitContacts":0.108,"testCases.TC005_BusinessUnitContacts":0.082,"testCases.TC005_BusinessUnitContacts":0.107,"testCases.TC006_BusinessUnitAddBasicInfo":0,"testCases.TC006_BusinessUnitAddBasicInfo":0.094,"testCases.TC006_BusinessUnitAddBasicInfo":0.1,"testCases.TC007_BusinessUnitOnboarding":0,"testCases.TC007_BusinessUnitOnboarding":0.114,"testCases.TC007_BusinessUnitOnboarding":0.128,"testCases.TC008_MappingBusinessUnit":0,"testCases.TC008_MappingBusinessUnit":0.097,"testCases.TC008_MappingBusinessUnit":0.087,"testCases.TC009_BusinessUnitEmploymentDetails":0,"testCases.TC009_BusinessUnitEmploymentDetails":0.111,"testCases.TC009_BusinessUnitEmploymentDetails":0.083,"testCases.TC0010_BusinessUnitSalaryStructure":0,"testCases.TC0010_BusinessUnitSalaryStructure":0.087,"testCases.TC0010_BusinessUnitSalaryStructure":0.091,"testCases.TC0011_BusinessUnitRevisedSalaryStructure":0,"testCases.TC0011_BusinessUnitRevisedSalaryStructure":0.107,"testCases.TC0011_BusinessUnitRevisedSalaryStructure":0.112,"testCases.TC0012_OrgInfo":0,"testCases.TC0012_OrgInfo":0.152,"testCases.TC0013_OtganisationSetupZone":0.108,"testCases.TC0013_OtganisationSetupZone":0.111,"testCases.TC0013_OtganisationSetupZone":0.118,"testCases.TC0014_OrganisationSetupBranches":0.102,"testCases.TC0014_OrganisationSetupBranches":0.098,"testCases.TC0014_OrganisationSetupBranches":0.1,"testCases.TC0015_OrganisationSetupDivision":0.107,"testCases.TC0015_OrganisationSetupDivision":0.1,"testCases.TC0015_OrganisationSetupDivision":0.135,"testCases.TC0016_OrganisationSetupDepartment":0.135,"testCases.TC0016_OrganisationSetupDepartment":0.121,"testCases.TC0016_OrganisationSetupDepartment":0.137,"testCases.TC0017_OrganisationSetupDesignation":0.13,"testCases.TC0017_OrganisationSetupDesignation":0.127,"testCases.TC0017_OrganisationSetupDesignation":0.14,"testCases.TC0018_OrgnisationSetupLocation":0.132,"testCases.TC0018_OrgnisationSetupLocation":0.165,"testCases.TC0018_OrgnisationSetupLocation":0.18,"testCases.TC0019_OrganisationSetupCreateClient":0,"testCases.TC0020_OtganisationSetupEditClient":0,"testCases.TC0021_OrganisationSetupGrade":0,"testCases.TC0021_OrganisationSetupGrade":0,"testCases.TC0021_OrganisationSetupGrade":0,"testCases.TC0022_AddNewTask":0.142,"testCases.TC0023_UpdateTask":0.165,"testCases.TC0023_UpdateTask":0
};
</script>
<div class="row">
<div class="col-lg-6 col-md-12 category-container">
<div class="card">
<div class="card-header"><p>Tags</p></div>
<div class="card-body pb-0 pt-0"><table class="table table-sm table-bordered">
<thead><tr class="bg-gray"><th>Name</th><th>Passed</th><th>Failed</th><th>Skipped</th><th>Others</th><th>Passed %</th></tr></thead><tbody>
<tr>
<td>Master</td>
<td>2</td>
<td>11</td>
<td>0</td>
<td>0</td>
<td>15.385%</td>
</tr>
<tr>
<td>Organisation</td>
<td>1</td>
<td>0</td>
<td>0</td>
<td>0</td>
<td>100%</td>
</tr>
</tbody>
</table></div>
</div>
</div>
<div class="col-lg-6 col-md-12 sysenv-container">
<div class="card">
<div class="card-header"><p>System/Environment</p></div>
<div class="card-body pb-0 pt-0"><table class="table table-sm table-bordered">
<thead><tr class="bg-gray"><th>Name</th><th>Value</th></tr></thead>
<tbody>
<tr>
<td>Application</td>
<td>Orgzstack</td>
</tr>
<tr>
<td>Module</td>
<td>Admin</td>
</tr>
<tr>
<td>Sub Module</td>
<td>Customers</td>
</tr>
<tr>
<td>User Name</td>
<td>IPSL</td>
</tr>
<tr>
<td>Environment</td>
<td>QA</td>
</tr>
<tr>
<td>Operating System</td>
<td>Windows</td>
</tr>
<tr>
<td>Browser</td>
<td>chrome</td>
</tr>
</tbody>
</table></div>
</div>
</div>
</div>
</div>
<script>
var statusGroup = {
parentCount: 5,
passParent: 19,
failParent: 49,
warningParent: 0,
skipParent: 0,
childCount: 5,
passChild: 0,
failChild: 0,
warningChild: 0,
skipChild: 0,
infoChild: 0,
grandChildCount: 5,
passGrandChild: 0,
failGrandChild: 0,
warningGrandChild: 0,
skipGrandChild: 0,
infoGrandChild: 0,
eventsCount: 5,
passEvents: 19,
failEvents: 49,
warningEvents: 0,
skipEvents: 0,
infoEvents: 49
};
</script>        </div>
      </div>
    </div>
  </div>
<script src="https://cdn.jsdelivr.net/gh/extent-framework/extent-github-cdn@c05cd28cde1617b9d0c05a831daff6cb97fd9fd5/spark/js/spark-script.js"></script>
<script type="text/javascript"></script></body>
</html>